[1.183s] Invoking command in '/home/wormi/sprint4/v6/g06_prii3_wsv2/src/aruco_detector_pkg': PYTHONPATH=/home/wormi/sprint4/v6/g06_prii3_wsv2/build/aruco_detector_pkg/prefix_override:/usr/lib/python3/dist-packages/colcon_core/task/python/colcon_distutils_commands:/home/wormi/sprint4/v6/g06_prii3_wsv2/install/aruco_detector_pkg/lib/python3.8/site-packages:${PYTHONPATH} /usr/bin/python3 -W ignore:setup.py install is deprecated -W ignore:easy_install command is deprecated setup.py egg_info --egg-base ../../build/aruco_detector_pkg build --build-base /home/wormi/sprint4/v6/g06_prii3_wsv2/build/aruco_detector_pkg/build install --record /home/wormi/sprint4/v6/g06_prii3_wsv2/build/aruco_detector_pkg/install.log --install-scripts $base/lib/aruco_detector_pkg --single-version-externally-managed install_data
[1.453s] running egg_info
[1.454s] writing ../../build/aruco_detector_pkg/aruco_detector_pkg.egg-info/PKG-INFO
[1.454s] writing dependency_links to ../../build/aruco_detector_pkg/aruco_detector_pkg.egg-info/dependency_links.txt
[1.455s] writing entry points to ../../build/aruco_detector_pkg/aruco_detector_pkg.egg-info/entry_points.txt
[1.455s] writing requirements to ../../build/aruco_detector_pkg/aruco_detector_pkg.egg-info/requires.txt
[1.455s] writing top-level names to ../../build/aruco_detector_pkg/aruco_detector_pkg.egg-info/top_level.txt
[1.495s] reading manifest file '../../build/aruco_detector_pkg/aruco_detector_pkg.egg-info/SOURCES.txt'
[1.496s] writing manifest file '../../build/aruco_detector_pkg/aruco_detector_pkg.egg-info/SOURCES.txt'
[1.497s] running build
[1.497s] running build_py
[1.497s] running install
[1.498s] running install_lib
[1.499s] running install_data
[1.499s] running install_egg_info
[1.501s] removing '/home/wormi/sprint4/v6/g06_prii3_wsv2/install/aruco_detector_pkg/lib/python3.8/site-packages/aruco_detector_pkg-0.0.0-py3.8.egg-info' (and everything under it)
[1.502s] Copying ../../build/aruco_detector_pkg/aruco_detector_pkg.egg-info to /home/wormi/sprint4/v6/g06_prii3_wsv2/install/aruco_detector_pkg/lib/python3.8/site-packages/aruco_detector_pkg-0.0.0-py3.8.egg-info
[1.503s] running install_scripts
[1.522s] Installing aruco_detector script to /home/wormi/sprint4/v6/g06_prii3_wsv2/install/aruco_detector_pkg/lib/aruco_detector_pkg
[1.522s] Installing aruco_robot_detector script to /home/wormi/sprint4/v6/g06_prii3_wsv2/install/aruco_detector_pkg/lib/aruco_detector_pkg
[1.522s] writing list of installed files to '/home/wormi/sprint4/v6/g06_prii3_wsv2/build/aruco_detector_pkg/install.log'
[1.562s] Invoked command in '/home/wormi/sprint4/v6/g06_prii3_wsv2/src/aruco_detector_pkg' returned '0': PYTHONPATH=/home/wormi/sprint4/v6/g06_prii3_wsv2/build/aruco_detector_pkg/prefix_override:/usr/lib/python3/dist-packages/colcon_core/task/python/colcon_distutils_commands:/home/wormi/sprint4/v6/g06_prii3_wsv2/install/aruco_detector_pkg/lib/python3.8/site-packages:${PYTHONPATH} /usr/bin/python3 -W ignore:setup.py install is deprecated -W ignore:easy_install command is deprecated setup.py egg_info --egg-base ../../build/aruco_detector_pkg build --build-base /home/wormi/sprint4/v6/g06_prii3_wsv2/build/aruco_detector_pkg/build install --record /home/wormi/sprint4/v6/g06_prii3_wsv2/build/aruco_detector_pkg/install.log --install-scripts $base/lib/aruco_detector_pkg --single-version-externally-managed install_data
