[0.437s] Invoking command in '/home/arsalpal/v8/g06_prii3_wsv2/src/aruco_detector_pkg': PYTHONPATH=/home/arsalpal/v8/g06_prii3_wsv2/build/aruco_detector_pkg/prefix_override:/usr/lib/python3/dist-packages/colcon_core/task/python/colcon_distutils_commands:/home/arsalpal/v8/g06_prii3_wsv2/install/aruco_detector_pkg/lib/python3.8/site-packages: /usr/bin/python3 -W ignore:setup.py install is deprecated -W ignore:easy_install command is deprecated setup.py egg_info --egg-base ../../build/aruco_detector_pkg build --build-base /home/arsalpal/v8/g06_prii3_wsv2/build/aruco_detector_pkg/build install --record /home/arsalpal/v8/g06_prii3_wsv2/build/aruco_detector_pkg/install.log --install-scripts $base/lib/aruco_detector_pkg --single-version-externally-managed install_data
[0.542s] running egg_info
[0.543s] writing ../../build/aruco_detector_pkg/aruco_detector_pkg.egg-info/PKG-INFO
[0.543s] writing dependency_links to ../../build/aruco_detector_pkg/aruco_detector_pkg.egg-info/dependency_links.txt
[0.543s] writing entry points to ../../build/aruco_detector_pkg/aruco_detector_pkg.egg-info/entry_points.txt
[0.543s] writing requirements to ../../build/aruco_detector_pkg/aruco_detector_pkg.egg-info/requires.txt
[0.543s] writing top-level names to ../../build/aruco_detector_pkg/aruco_detector_pkg.egg-info/top_level.txt
[0.563s] reading manifest file '../../build/aruco_detector_pkg/aruco_detector_pkg.egg-info/SOURCES.txt'
[0.563s] writing manifest file '../../build/aruco_detector_pkg/aruco_detector_pkg.egg-info/SOURCES.txt'
[0.563s] running build
[0.563s] running build_py
[0.563s] running install
[0.564s] running install_lib
[0.565s] running install_data
[0.565s] running install_egg_info
[0.566s] removing '/home/arsalpal/v8/g06_prii3_wsv2/install/aruco_detector_pkg/lib/python3.8/site-packages/aruco_detector_pkg-0.0.0-py3.8.egg-info' (and everything under it)
[0.566s] Copying ../../build/aruco_detector_pkg/aruco_detector_pkg.egg-info to /home/arsalpal/v8/g06_prii3_wsv2/install/aruco_detector_pkg/lib/python3.8/site-packages/aruco_detector_pkg-0.0.0-py3.8.egg-info
[0.566s] running install_scripts
[0.577s] Installing aruco_detector script to /home/arsalpal/v8/g06_prii3_wsv2/install/aruco_detector_pkg/lib/aruco_detector_pkg
[0.577s] Installing aruco_robot_detector script to /home/arsalpal/v8/g06_prii3_wsv2/install/aruco_detector_pkg/lib/aruco_detector_pkg
[0.577s] writing list of installed files to '/home/arsalpal/v8/g06_prii3_wsv2/build/aruco_detector_pkg/install.log'
[0.591s] Invoked command in '/home/arsalpal/v8/g06_prii3_wsv2/src/aruco_detector_pkg' returned '0': PYTHONPATH=/home/arsalpal/v8/g06_prii3_wsv2/build/aruco_detector_pkg/prefix_override:/usr/lib/python3/dist-packages/colcon_core/task/python/colcon_distutils_commands:/home/arsalpal/v8/g06_prii3_wsv2/install/aruco_detector_pkg/lib/python3.8/site-packages: /usr/bin/python3 -W ignore:setup.py install is deprecated -W ignore:easy_install command is deprecated setup.py egg_info --egg-base ../../build/aruco_detector_pkg build --build-base /home/arsalpal/v8/g06_prii3_wsv2/build/aruco_detector_pkg/build install --record /home/arsalpal/v8/g06_prii3_wsv2/build/aruco_detector_pkg/install.log --install-scripts $base/lib/aruco_detector_pkg --single-version-externally-managed install_data
