[0.663s] Invoking command in '/home/wormi/sprint4/v6/g06_prii3_wsv2/src/aruco_detector_pkg': PYTHONPATH=/home/wormi/sprint4/v6/g06_prii3_wsv2/build/aruco_detector_pkg/prefix_override:/usr/lib/python3/dist-packages/colcon_core/task/python/colcon_distutils_commands:/home/wormi/sprint4/v6/g06_prii3_wsv2/install/aruco_detector_pkg/lib/python3.8/site-packages:${PYTHONPATH} /usr/bin/python3 -W ignore:setup.py install is deprecated -W ignore:easy_install command is deprecated setup.py egg_info --egg-base ../../build/aruco_detector_pkg build --build-base /home/wormi/sprint4/v6/g06_prii3_wsv2/build/aruco_detector_pkg/build install --record /home/wormi/sprint4/v6/g06_prii3_wsv2/build/aruco_detector_pkg/install.log --install-scripts $base/lib/aruco_detector_pkg --single-version-externally-managed install_data
[0.824s] running egg_info
[0.825s] writing ../../build/aruco_detector_pkg/aruco_detector_pkg.egg-info/PKG-INFO
[0.836s] writing dependency_links to ../../build/aruco_detector_pkg/aruco_detector_pkg.egg-info/dependency_links.txt
[0.837s] writing entry points to ../../build/aruco_detector_pkg/aruco_detector_pkg.egg-info/entry_points.txt
[0.837s] writing requirements to ../../build/aruco_detector_pkg/aruco_detector_pkg.egg-info/requires.txt
[0.837s] writing top-level names to ../../build/aruco_detector_pkg/aruco_detector_pkg.egg-info/top_level.txt
[0.867s] reading manifest file '../../build/aruco_detector_pkg/aruco_detector_pkg.egg-info/SOURCES.txt'
[0.869s] writing manifest file '../../build/aruco_detector_pkg/aruco_detector_pkg.egg-info/SOURCES.txt'
[0.869s] running build
[0.869s] running build_py
[0.869s] running install
[0.870s] running install_lib
[0.873s] running install_data
[0.873s] running install_egg_info
[0.875s] removing '/home/wormi/sprint4/v6/g06_prii3_wsv2/install/aruco_detector_pkg/lib/python3.8/site-packages/aruco_detector_pkg-0.0.0-py3.8.egg-info' (and everything under it)
[0.875s] Copying ../../build/aruco_detector_pkg/aruco_detector_pkg.egg-info to /home/wormi/sprint4/v6/g06_prii3_wsv2/install/aruco_detector_pkg/lib/python3.8/site-packages/aruco_detector_pkg-0.0.0-py3.8.egg-info
[0.876s] running install_scripts
[0.893s] Installing aruco_detector script to /home/wormi/sprint4/v6/g06_prii3_wsv2/install/aruco_detector_pkg/lib/aruco_detector_pkg
[0.893s] Installing aruco_robot_detector script to /home/wormi/sprint4/v6/g06_prii3_wsv2/install/aruco_detector_pkg/lib/aruco_detector_pkg
[0.893s] writing list of installed files to '/home/wormi/sprint4/v6/g06_prii3_wsv2/build/aruco_detector_pkg/install.log'
[0.919s] Invoked command in '/home/wormi/sprint4/v6/g06_prii3_wsv2/src/aruco_detector_pkg' returned '0': PYTHONPATH=/home/wormi/sprint4/v6/g06_prii3_wsv2/build/aruco_detector_pkg/prefix_override:/usr/lib/python3/dist-packages/colcon_core/task/python/colcon_distutils_commands:/home/wormi/sprint4/v6/g06_prii3_wsv2/install/aruco_detector_pkg/lib/python3.8/site-packages:${PYTHONPATH} /usr/bin/python3 -W ignore:setup.py install is deprecated -W ignore:easy_install command is deprecated setup.py egg_info --egg-base ../../build/aruco_detector_pkg build --build-base /home/wormi/sprint4/v6/g06_prii3_wsv2/build/aruco_detector_pkg/build install --record /home/wormi/sprint4/v6/g06_prii3_wsv2/build/aruco_detector_pkg/install.log --install-scripts $base/lib/aruco_detector_pkg --single-version-externally-managed install_data
