running egg_info
creating build/eurobot_cositas/eurobot_cositas.egg-info
writing build/eurobot_cositas/eurobot_cositas.egg-info/PKG-INFO
writing dependency_links to build/eurobot_cositas/eurobot_cositas.egg-info/dependency_links.txt
writing entry points to build/eurobot_cositas/eurobot_cositas.egg-info/entry_points.txt
writing requirements to build/eurobot_cositas/eurobot_cositas.egg-info/requires.txt
writing top-level names to build/eurobot_cositas/eurobot_cositas.egg-info/top_level.txt
writing manifest file 'build/eurobot_cositas/eurobot_cositas.egg-info/SOURCES.txt'
reading manifest file 'build/eurobot_cositas/eurobot_cositas.egg-info/SOURCES.txt'
writing manifest file 'build/eurobot_cositas/eurobot_cositas.egg-info/SOURCES.txt'
running build
running build_py
creating /home/wormi/sprint5/camara/ASDASDA/g06_prii3_wsv2/src/eurobot_cositas/build/eurobot_cositas/build
creating /home/wormi/sprint5/camara/ASDASDA/g06_prii3_wsv2/src/eurobot_cositas/build/eurobot_cositas/build/lib
creating /home/wormi/sprint5/camara/ASDASDA/g06_prii3_wsv2/src/eurobot_cositas/build/eurobot_cositas/build/lib/eurobot_cositas
copying eurobot_cositas/vision_navigation.py -> /home/wormi/sprint5/camara/ASDASDA/g06_prii3_wsv2/src/eurobot_cositas/build/eurobot_cositas/build/lib/eurobot_cositas
copying eurobot_cositas/aruco_detector_cositas.py -> /home/wormi/sprint5/camara/ASDASDA/g06_prii3_wsv2/src/eurobot_cositas/build/eurobot_cositas/build/lib/eurobot_cositas
copying eurobot_cositas/aruco_detector_no_storage.py -> /home/wormi/sprint5/camara/ASDASDA/g06_prii3_wsv2/src/eurobot_cositas/build/eurobot_cositas/build/lib/eurobot_cositas
copying eurobot_cositas/diagnostico.py -> /home/wormi/sprint5/camara/ASDASDA/g06_prii3_wsv2/src/eurobot_cositas/build/eurobot_cositas/build/lib/eurobot_cositas
copying eurobot_cositas/subcriptor.py -> /home/wormi/sprint5/camara/ASDASDA/g06_prii3_wsv2/src/eurobot_cositas/build/eurobot_cositas/build/lib/eurobot_cositas
copying eurobot_cositas/__init__.py -> /home/wormi/sprint5/camara/ASDASDA/g06_prii3_wsv2/src/eurobot_cositas/build/eurobot_cositas/build/lib/eurobot_cositas
running install
running install_lib
creating /home/wormi/sprint5/camara/ASDASDA/g06_prii3_wsv2/src/eurobot_cositas/install/eurobot_cositas/lib/python3.8/site-packages/eurobot_cositas
copying /home/wormi/sprint5/camara/ASDASDA/g06_prii3_wsv2/src/eurobot_cositas/build/eurobot_cositas/build/lib/eurobot_cositas/vision_navigation.py -> /home/wormi/sprint5/camara/ASDASDA/g06_prii3_wsv2/src/eurobot_cositas/install/eurobot_cositas/lib/python3.8/site-packages/eurobot_cositas
copying /home/wormi/sprint5/camara/ASDASDA/g06_prii3_wsv2/src/eurobot_cositas/build/eurobot_cositas/build/lib/eurobot_cositas/aruco_detector_cositas.py -> /home/wormi/sprint5/camara/ASDASDA/g06_prii3_wsv2/src/eurobot_cositas/install/eurobot_cositas/lib/python3.8/site-packages/eurobot_cositas
copying /home/wormi/sprint5/camara/ASDASDA/g06_prii3_wsv2/src/eurobot_cositas/build/eurobot_cositas/build/lib/eurobot_cositas/aruco_detector_no_storage.py -> /home/wormi/sprint5/camara/ASDASDA/g06_prii3_wsv2/src/eurobot_cositas/install/eurobot_cositas/lib/python3.8/site-packages/eurobot_cositas
copying /home/wormi/sprint5/camara/ASDASDA/g06_prii3_wsv2/src/eurobot_cositas/build/eurobot_cositas/build/lib/eurobot_cositas/diagnostico.py -> /home/wormi/sprint5/camara/ASDASDA/g06_prii3_wsv2/src/eurobot_cositas/install/eurobot_cositas/lib/python3.8/site-packages/eurobot_cositas
copying /home/wormi/sprint5/camara/ASDASDA/g06_prii3_wsv2/src/eurobot_cositas/build/eurobot_cositas/build/lib/eurobot_cositas/subcriptor.py -> /home/wormi/sprint5/camara/ASDASDA/g06_prii3_wsv2/src/eurobot_cositas/install/eurobot_cositas/lib/python3.8/site-packages/eurobot_cositas
copying /home/wormi/sprint5/camara/ASDASDA/g06_prii3_wsv2/src/eurobot_cositas/build/eurobot_cositas/build/lib/eurobot_cositas/__init__.py -> /home/wormi/sprint5/camara/ASDASDA/g06_prii3_wsv2/src/eurobot_cositas/install/eurobot_cositas/lib/python3.8/site-packages/eurobot_cositas
byte-compiling /home/wormi/sprint5/camara/ASDASDA/g06_prii3_wsv2/src/eurobot_cositas/install/eurobot_cositas/lib/python3.8/site-packages/eurobot_cositas/vision_navigation.py to vision_navigation.cpython-38.pyc
byte-compiling /home/wormi/sprint5/camara/ASDASDA/g06_prii3_wsv2/src/eurobot_cositas/install/eurobot_cositas/lib/python3.8/site-packages/eurobot_cositas/aruco_detector_cositas.py to aruco_detector_cositas.cpython-38.pyc
byte-compiling /home/wormi/sprint5/camara/ASDASDA/g06_prii3_wsv2/src/eurobot_cositas/install/eurobot_cositas/lib/python3.8/site-packages/eurobot_cositas/aruco_detector_no_storage.py to aruco_detector_no_storage.cpython-38.pyc
byte-compiling /home/wormi/sprint5/camara/ASDASDA/g06_prii3_wsv2/src/eurobot_cositas/install/eurobot_cositas/lib/python3.8/site-packages/eurobot_cositas/diagnostico.py to diagnostico.cpython-38.pyc
byte-compiling /home/wormi/sprint5/camara/ASDASDA/g06_prii3_wsv2/src/eurobot_cositas/install/eurobot_cositas/lib/python3.8/site-packages/eurobot_cositas/subcriptor.py to subcriptor.cpython-38.pyc
byte-compiling /home/wormi/sprint5/camara/ASDASDA/g06_prii3_wsv2/src/eurobot_cositas/install/eurobot_cositas/lib/python3.8/site-packages/eurobot_cositas/__init__.py to __init__.cpython-38.pyc
running install_data
creating /home/wormi/sprint5/camara/ASDASDA/g06_prii3_wsv2/src/eurobot_cositas/install/eurobot_cositas/share/ament_index
creating /home/wormi/sprint5/camara/ASDASDA/g06_prii3_wsv2/src/eurobot_cositas/install/eurobot_cositas/share/ament_index/resource_index
creating /home/wormi/sprint5/camara/ASDASDA/g06_prii3_wsv2/src/eurobot_cositas/install/eurobot_cositas/share/ament_index/resource_index/packages
copying resource/eurobot_cositas -> /home/wormi/sprint5/camara/ASDASDA/g06_prii3_wsv2/src/eurobot_cositas/install/eurobot_cositas/share/ament_index/resource_index/packages
copying package.xml -> /home/wormi/sprint5/camara/ASDASDA/g06_prii3_wsv2/src/eurobot_cositas/install/eurobot_cositas/share/eurobot_cositas
creating /home/wormi/sprint5/camara/ASDASDA/g06_prii3_wsv2/src/eurobot_cositas/install/eurobot_cositas/share/eurobot_cositas/launch
copying launch/subcriptor_launch.py -> /home/wormi/sprint5/camara/ASDASDA/g06_prii3_wsv2/src/eurobot_cositas/install/eurobot_cositas/share/eurobot_cositas/launch
copying launch/static_overhead_camera.launch.py -> /home/wormi/sprint5/camara/ASDASDA/g06_prii3_wsv2/src/eurobot_cositas/install/eurobot_cositas/share/eurobot_cositas/launch
copying launch/Move_eurobot_launch.py -> /home/wormi/sprint5/camara/ASDASDA/g06_prii3_wsv2/src/eurobot_cositas/install/eurobot_cositas/share/eurobot_cositas/launch
copying launch/eurobot_world_launch.py -> /home/wormi/sprint5/camara/ASDASDA/g06_prii3_wsv2/src/eurobot_cositas/install/eurobot_cositas/share/eurobot_cositas/launch
creating /home/wormi/sprint5/camara/ASDASDA/g06_prii3_wsv2/src/eurobot_cositas/install/eurobot_cositas/share/eurobot_cositas/world
copying world/Tablero (copia).world -> /home/wormi/sprint5/camara/ASDASDA/g06_prii3_wsv2/src/eurobot_cositas/install/eurobot_cositas/share/eurobot_cositas/world
copying world/Tablero2.world -> /home/wormi/sprint5/camara/ASDASDA/g06_prii3_wsv2/src/eurobot_cositas/install/eurobot_cositas/share/eurobot_cositas/world
copying world/Tablero.world -> /home/wormi/sprint5/camara/ASDASDA/g06_prii3_wsv2/src/eurobot_cositas/install/eurobot_cositas/share/eurobot_cositas/world
creating /home/wormi/sprint5/camara/ASDASDA/g06_prii3_wsv2/src/eurobot_cositas/install/eurobot_cositas/share/eurobot_cositas/config
copying config/eurobot_view.rviz -> /home/wormi/sprint5/camara/ASDASDA/g06_prii3_wsv2/src/eurobot_cositas/install/eurobot_cositas/share/eurobot_cositas/config
creating /home/wormi/sprint5/camara/ASDASDA/g06_prii3_wsv2/src/eurobot_cositas/install/eurobot_cositas/share/eurobot_cositas/templates
copying templates/template.png -> /home/wormi/sprint5/camara/ASDASDA/g06_prii3_wsv2/src/eurobot_cositas/install/eurobot_cositas/share/eurobot_cositas/templates
running install_egg_info
Copying build/eurobot_cositas/eurobot_cositas.egg-info to /home/wormi/sprint5/camara/ASDASDA/g06_prii3_wsv2/src/eurobot_cositas/install/eurobot_cositas/lib/python3.8/site-packages/eurobot_cositas-0.0.0-py3.8.egg-info
running install_scripts
Installing aruco_detector_cositas script to /home/wormi/sprint5/camara/ASDASDA/g06_prii3_wsv2/src/eurobot_cositas/install/eurobot_cositas/lib/eurobot_cositas
Installing vision_navigation script to /home/wormi/sprint5/camara/ASDASDA/g06_prii3_wsv2/src/eurobot_cositas/install/eurobot_cositas/lib/eurobot_cositas
writing list of installed files to '/home/wormi/sprint5/camara/ASDASDA/g06_prii3_wsv2/src/eurobot_cositas/build/eurobot_cositas/install.log'
