running egg_info
writing ../../build/eurobot_cositas/eurobot_cositas.egg-info/PKG-INFO
writing dependency_links to ../../build/eurobot_cositas/eurobot_cositas.egg-info/dependency_links.txt
writing entry points to ../../build/eurobot_cositas/eurobot_cositas.egg-info/entry_points.txt
writing requirements to ../../build/eurobot_cositas/eurobot_cositas.egg-info/requires.txt
writing top-level names to ../../build/eurobot_cositas/eurobot_cositas.egg-info/top_level.txt
reading manifest file '../../build/eurobot_cositas/eurobot_cositas.egg-info/SOURCES.txt'
writing manifest file '../../build/eurobot_cositas/eurobot_cositas.egg-info/SOURCES.txt'
running build
running build_py
copying eurobot_cositas/aruco_detector_no_storage.py -> /home/pavlo/v8/g06_prii3_wsv2/build/eurobot_cositas/build/lib/eurobot_cositas
copying eurobot_cositas/diagnostico.py -> /home/pavlo/v8/g06_prii3_wsv2/build/eurobot_cositas/build/lib/eurobot_cositas
running install
running install_lib
copying /home/pavlo/v8/g06_prii3_wsv2/build/eurobot_cositas/build/lib/eurobot_cositas/aruco_detector_no_storage.py -> /home/pavlo/v8/g06_prii3_wsv2/install/eurobot_cositas/lib/python3.8/site-packages/eurobot_cositas
copying /home/pavlo/v8/g06_prii3_wsv2/build/eurobot_cositas/build/lib/eurobot_cositas/diagnostico.py -> /home/pavlo/v8/g06_prii3_wsv2/install/eurobot_cositas/lib/python3.8/site-packages/eurobot_cositas
byte-compiling /home/pavlo/v8/g06_prii3_wsv2/install/eurobot_cositas/lib/python3.8/site-packages/eurobot_cositas/aruco_detector_no_storage.py to aruco_detector_no_storage.cpython-38.pyc
byte-compiling /home/pavlo/v8/g06_prii3_wsv2/install/eurobot_cositas/lib/python3.8/site-packages/eurobot_cositas/diagnostico.py to diagnostico.cpython-38.pyc
running install_data
creating /home/pavlo/v8/g06_prii3_wsv2/install/eurobot_cositas/share/eurobot_cositas/templates
copying templates/template.png -> /home/pavlo/v8/g06_prii3_wsv2/install/eurobot_cositas/share/eurobot_cositas/templates
running install_egg_info
removing '/home/pavlo/v8/g06_prii3_wsv2/install/eurobot_cositas/lib/python3.8/site-packages/eurobot_cositas-0.0.0-py3.8.egg-info' (and everything under it)
Copying ../../build/eurobot_cositas/eurobot_cositas.egg-info to /home/pavlo/v8/g06_prii3_wsv2/install/eurobot_cositas/lib/python3.8/site-packages/eurobot_cositas-0.0.0-py3.8.egg-info
running install_scripts
Installing aruco_detector_cositas script to /home/pavlo/v8/g06_prii3_wsv2/install/eurobot_cositas/lib/eurobot_cositas
Installing vision_navigation script to /home/pavlo/v8/g06_prii3_wsv2/install/eurobot_cositas/lib/eurobot_cositas
writing list of installed files to '/home/pavlo/v8/g06_prii3_wsv2/build/eurobot_cositas/install.log'
