[1.307s] Invoking command in '/home/pavlo/v8/g06_prii3_wsv2/src/eurobot_cositas': PYTHONPATH=/home/pavlo/v8/g06_prii3_wsv2/build/eurobot_cositas/prefix_override:/usr/lib/python3/dist-packages/colcon_core/task/python/colcon_distutils_commands:/home/pavlo/v8/g06_prii3_wsv2/install/eurobot_cositas/lib/python3.8/site-packages:${PYTHONPATH} /usr/bin/python3 -W ignore:setup.py install is deprecated -W ignore:easy_install command is deprecated setup.py egg_info --egg-base ../../build/eurobot_cositas build --build-base /home/pavlo/v8/g06_prii3_wsv2/build/eurobot_cositas/build install --record /home/pavlo/v8/g06_prii3_wsv2/build/eurobot_cositas/install.log --install-scripts $base/lib/eurobot_cositas --single-version-externally-managed install_data
[1.620s] running egg_info
[1.624s] writing ../../build/eurobot_cositas/eurobot_cositas.egg-info/PKG-INFO
[1.624s] writing dependency_links to ../../build/eurobot_cositas/eurobot_cositas.egg-info/dependency_links.txt
[1.624s] writing entry points to ../../build/eurobot_cositas/eurobot_cositas.egg-info/entry_points.txt
[1.624s] writing requirements to ../../build/eurobot_cositas/eurobot_cositas.egg-info/requires.txt
[1.624s] writing top-level names to ../../build/eurobot_cositas/eurobot_cositas.egg-info/top_level.txt
[1.682s] reading manifest file '../../build/eurobot_cositas/eurobot_cositas.egg-info/SOURCES.txt'
[1.683s] writing manifest file '../../build/eurobot_cositas/eurobot_cositas.egg-info/SOURCES.txt'
[1.684s] running build
[1.685s] running build_py
[1.686s] copying eurobot_cositas/aruco_detector_no_storage.py -> /home/pavlo/v8/g06_prii3_wsv2/build/eurobot_cositas/build/lib/eurobot_cositas
[1.686s] copying eurobot_cositas/diagnostico.py -> /home/pavlo/v8/g06_prii3_wsv2/build/eurobot_cositas/build/lib/eurobot_cositas
[1.687s] running install
[1.688s] running install_lib
[1.688s] copying /home/pavlo/v8/g06_prii3_wsv2/build/eurobot_cositas/build/lib/eurobot_cositas/aruco_detector_no_storage.py -> /home/pavlo/v8/g06_prii3_wsv2/install/eurobot_cositas/lib/python3.8/site-packages/eurobot_cositas
[1.689s] copying /home/pavlo/v8/g06_prii3_wsv2/build/eurobot_cositas/build/lib/eurobot_cositas/diagnostico.py -> /home/pavlo/v8/g06_prii3_wsv2/install/eurobot_cositas/lib/python3.8/site-packages/eurobot_cositas
[1.690s] byte-compiling /home/pavlo/v8/g06_prii3_wsv2/install/eurobot_cositas/lib/python3.8/site-packages/eurobot_cositas/aruco_detector_no_storage.py to aruco_detector_no_storage.cpython-38.pyc
[1.693s] byte-compiling /home/pavlo/v8/g06_prii3_wsv2/install/eurobot_cositas/lib/python3.8/site-packages/eurobot_cositas/diagnostico.py to diagnostico.cpython-38.pyc
[1.695s] running install_data
[1.695s] creating /home/pavlo/v8/g06_prii3_wsv2/install/eurobot_cositas/share/eurobot_cositas/templates
[1.696s] copying templates/template.png -> /home/pavlo/v8/g06_prii3_wsv2/install/eurobot_cositas/share/eurobot_cositas/templates
[1.697s] running install_egg_info
[1.697s] removing '/home/pavlo/v8/g06_prii3_wsv2/install/eurobot_cositas/lib/python3.8/site-packages/eurobot_cositas-0.0.0-py3.8.egg-info' (and everything under it)
[1.698s] Copying ../../build/eurobot_cositas/eurobot_cositas.egg-info to /home/pavlo/v8/g06_prii3_wsv2/install/eurobot_cositas/lib/python3.8/site-packages/eurobot_cositas-0.0.0-py3.8.egg-info
[1.699s] running install_scripts
[1.725s] Installing aruco_detector_cositas script to /home/pavlo/v8/g06_prii3_wsv2/install/eurobot_cositas/lib/eurobot_cositas
[1.725s] Installing vision_navigation script to /home/pavlo/v8/g06_prii3_wsv2/install/eurobot_cositas/lib/eurobot_cositas
[1.725s] writing list of installed files to '/home/pavlo/v8/g06_prii3_wsv2/build/eurobot_cositas/install.log'
[1.775s] Invoked command in '/home/pavlo/v8/g06_prii3_wsv2/src/eurobot_cositas' returned '0': PYTHONPATH=/home/pavlo/v8/g06_prii3_wsv2/build/eurobot_cositas/prefix_override:/usr/lib/python3/dist-packages/colcon_core/task/python/colcon_distutils_commands:/home/pavlo/v8/g06_prii3_wsv2/install/eurobot_cositas/lib/python3.8/site-packages:${PYTHONPATH} /usr/bin/python3 -W ignore:setup.py install is deprecated -W ignore:easy_install command is deprecated setup.py egg_info --egg-base ../../build/eurobot_cositas build --build-base /home/pavlo/v8/g06_prii3_wsv2/build/eurobot_cositas/build install --record /home/pavlo/v8/g06_prii3_wsv2/build/eurobot_cositas/install.log --install-scripts $base/lib/eurobot_cositas --single-version-externally-managed install_data
