[0.437s] Invoking command in '/home/arsalpal/v8/g06_prii3_wsv2/src/eurobot_cositas': PYTHONPATH=/home/arsalpal/v8/g06_prii3_wsv2/build/eurobot_cositas/prefix_override:/usr/lib/python3/dist-packages/colcon_core/task/python/colcon_distutils_commands:/home/arsalpal/v8/g06_prii3_wsv2/install/eurobot_cositas/lib/python3.8/site-packages: /usr/bin/python3 -W ignore:setup.py install is deprecated -W ignore:easy_install command is deprecated setup.py egg_info --egg-base ../../build/eurobot_cositas build --build-base /home/arsalpal/v8/g06_prii3_wsv2/build/eurobot_cositas/build install --record /home/arsalpal/v8/g06_prii3_wsv2/build/eurobot_cositas/install.log --install-scripts $base/lib/eurobot_cositas --single-version-externally-managed install_data
[0.539s] running egg_info
[0.540s] writing ../../build/eurobot_cositas/eurobot_cositas.egg-info/PKG-INFO
[0.540s] writing dependency_links to ../../build/eurobot_cositas/eurobot_cositas.egg-info/dependency_links.txt
[0.540s] writing entry points to ../../build/eurobot_cositas/eurobot_cositas.egg-info/entry_points.txt
[0.540s] writing requirements to ../../build/eurobot_cositas/eurobot_cositas.egg-info/requires.txt
[0.540s] writing top-level names to ../../build/eurobot_cositas/eurobot_cositas.egg-info/top_level.txt
[0.559s] reading manifest file '../../build/eurobot_cositas/eurobot_cositas.egg-info/SOURCES.txt'
[0.560s] writing manifest file '../../build/eurobot_cositas/eurobot_cositas.egg-info/SOURCES.txt'
[0.560s] running build
[0.560s] running build_py
[0.561s] running install
[0.561s] running install_lib
[0.562s] running install_data
[0.562s] running install_egg_info
[0.563s] removing '/home/arsalpal/v8/g06_prii3_wsv2/install/eurobot_cositas/lib/python3.8/site-packages/eurobot_cositas-0.0.0-py3.8.egg-info' (and everything under it)
[0.563s] Copying ../../build/eurobot_cositas/eurobot_cositas.egg-info to /home/arsalpal/v8/g06_prii3_wsv2/install/eurobot_cositas/lib/python3.8/site-packages/eurobot_cositas-0.0.0-py3.8.egg-info
[0.563s] running install_scripts
[0.574s] Installing aruco_detector_cositas script to /home/arsalpal/v8/g06_prii3_wsv2/install/eurobot_cositas/lib/eurobot_cositas
[0.574s] Installing vision_navigation script to /home/arsalpal/v8/g06_prii3_wsv2/install/eurobot_cositas/lib/eurobot_cositas
[0.574s] writing list of installed files to '/home/arsalpal/v8/g06_prii3_wsv2/build/eurobot_cositas/install.log'
[0.594s] Invoked command in '/home/arsalpal/v8/g06_prii3_wsv2/src/eurobot_cositas' returned '0': PYTHONPATH=/home/arsalpal/v8/g06_prii3_wsv2/build/eurobot_cositas/prefix_override:/usr/lib/python3/dist-packages/colcon_core/task/python/colcon_distutils_commands:/home/arsalpal/v8/g06_prii3_wsv2/install/eurobot_cositas/lib/python3.8/site-packages: /usr/bin/python3 -W ignore:setup.py install is deprecated -W ignore:easy_install command is deprecated setup.py egg_info --egg-base ../../build/eurobot_cositas build --build-base /home/arsalpal/v8/g06_prii3_wsv2/build/eurobot_cositas/build install --record /home/arsalpal/v8/g06_prii3_wsv2/build/eurobot_cositas/install.log --install-scripts $base/lib/eurobot_cositas --single-version-externally-managed install_data
