[0.296s] DEBUG:colcon:Command line arguments: ['/usr/bin/colcon', 'build']
[0.296s] DEBUG:colcon:Parsed command line arguments: Namespace(allow_overriding=[], ament_cmake_args=None, base_paths=['.'], build_base='build', catkin_cmake_args=None, catkin_skip_building_tests=False, cmake_args=None, cmake_clean_cache=False, cmake_clean_first=False, cmake_force_configure=False, cmake_target=None, cmake_target_skip_unavailable=False, continue_on_error=False, event_handlers=None, executor='parallel', ignore_user_meta=False, install_base='install', log_base=None, log_level=None, main=<bound method BuildVerb.main of <colcon_core.verb.build.BuildVerb object at 0x7f95bc1cbeb0>>, merge_install=False, metas=['./colcon.meta'], mixin=None, mixin_files=None, mixin_verb=('build',), packages_above=None, packages_above_and_dependencies=None, packages_above_depth=None, packages_end=None, packages_ignore=None, packages_ignore_regex=None, packages_select=None, packages_select_build_failed=False, packages_select_by_dep=None, packages_select_regex=None, packages_select_test_failures=False, packages_skip=None, packages_skip_build_finished=False, packages_skip_by_dep=None, packages_skip_regex=None, packages_skip_test_passed=False, packages_skip_up_to=None, packages_start=None, packages_up_to=None, packages_up_to_regex=None, parallel_workers=16, paths=None, symlink_install=False, test_result_base=None, verb_extension=<colcon_core.verb.build.BuildVerb object at 0x7f95bc1cbeb0>, verb_name='build', verb_parser=<colcon_mixin.mixin.mixin_argument.MixinArgumentDecorator object at 0x7f95bc1644c0>)
[0.505s] Level 1:colcon.colcon_core.package_discovery:discover_packages(colcon_meta) check parameters
[0.505s] Level 1:colcon.colcon_core.package_discovery:discover_packages(recursive) check parameters
[0.505s] Level 1:colcon.colcon_core.package_discovery:discover_packages(ignore) check parameters
[0.505s] Level 1:colcon.colcon_core.package_discovery:discover_packages(path) check parameters
[0.505s] Level 1:colcon.colcon_core.package_discovery:discover_packages(colcon_meta) discover
[0.505s] Level 1:colcon.colcon_core.package_discovery:discover_packages(recursive) discover
[0.505s] INFO:colcon.colcon_core.package_discovery:Crawling recursively for packages in '/home/wormi/sprint5/v2'
[0.505s] Level 1:colcon.colcon_core.package_identification:_identify(.) by extensions ['ignore', 'ignore_ament_install']
[0.505s] Level 1:colcon.colcon_core.package_identification:_identify(.) by extension 'ignore'
[0.506s] Level 1:colcon.colcon_core.package_identification:_identify(.) by extension 'ignore_ament_install'
[0.506s] Level 1:colcon.colcon_core.package_identification:_identify(.) by extensions ['colcon_pkg']
[0.506s] Level 1:colcon.colcon_core.package_identification:_identify(.) by extension 'colcon_pkg'
[0.506s] Level 1:colcon.colcon_core.package_identification:_identify(.) by extensions ['colcon_meta']
[0.506s] Level 1:colcon.colcon_core.package_identification:_identify(.) by extension 'colcon_meta'
[0.506s] Level 1:colcon.colcon_core.package_identification:_identify(.) by extensions ['ros']
[0.506s] Level 1:colcon.colcon_core.package_identification:_identify(.) by extension 'ros'
[0.520s] Level 1:colcon.colcon_core.package_identification:_identify(.) by extensions ['cmake', 'python']
[0.520s] Level 1:colcon.colcon_core.package_identification:_identify(.) by extension 'cmake'
[0.520s] Level 1:colcon.colcon_core.package_identification:_identify(.) by extension 'python'
[0.520s] Level 1:colcon.colcon_core.package_identification:_identify(.) by extensions ['python_setup_py']
[0.520s] Level 1:colcon.colcon_core.package_identification:_identify(.) by extension 'python_setup_py'
[0.520s] Level 1:colcon.colcon_core.package_identification:_identify(build) by extensions ['ignore', 'ignore_ament_install']
[0.520s] Level 1:colcon.colcon_core.package_identification:_identify(build) by extension 'ignore'
[0.521s] Level 1:colcon.colcon_core.package_identification:_identify(build) ignored
[0.521s] Level 1:colcon.colcon_core.package_identification:_identify(install) by extensions ['ignore', 'ignore_ament_install']
[0.521s] Level 1:colcon.colcon_core.package_identification:_identify(install) by extension 'ignore'
[0.521s] Level 1:colcon.colcon_core.package_identification:_identify(install) ignored
[0.521s] Level 1:colcon.colcon_core.package_identification:_identify(log) by extensions ['ignore', 'ignore_ament_install']
[0.521s] Level 1:colcon.colcon_core.package_identification:_identify(log) by extension 'ignore'
[0.521s] Level 1:colcon.colcon_core.package_identification:_identify(log) ignored
[0.521s] Level 1:colcon.colcon_core.package_identification:_identify(sprint5_1) by extensions ['ignore', 'ignore_ament_install']
[0.521s] Level 1:colcon.colcon_core.package_identification:_identify(sprint5_1) by extension 'ignore'
[0.521s] Level 1:colcon.colcon_core.package_identification:_identify(sprint5_1) by extension 'ignore_ament_install'
[0.521s] Level 1:colcon.colcon_core.package_identification:_identify(sprint5_1) by extensions ['colcon_pkg']
[0.521s] Level 1:colcon.colcon_core.package_identification:_identify(sprint5_1) by extension 'colcon_pkg'
[0.521s] Level 1:colcon.colcon_core.package_identification:_identify(sprint5_1) by extensions ['colcon_meta']
[0.521s] Level 1:colcon.colcon_core.package_identification:_identify(sprint5_1) by extension 'colcon_meta'
[0.521s] Level 1:colcon.colcon_core.package_identification:_identify(sprint5_1) by extensions ['ros']
[0.522s] Level 1:colcon.colcon_core.package_identification:_identify(sprint5_1) by extension 'ros'
[0.535s] DEBUG:colcon.colcon_core.package_identification:Found ROS schema reference in package manifest in 'sprint5_1'
[0.535s] WARNING:colcon.colcon_core.package_identification:Failed to parse ROS package manifest in 'sprint5_1': Error(s) in package 'sprint5_1/package.xml':
Invalid email "wormi10" for person "wormi"
[0.535s] Level 1:colcon.colcon_core.package_identification:_identify(sprint5_1) by extensions ['cmake', 'python']
[0.535s] Level 1:colcon.colcon_core.package_identification:_identify(sprint5_1) by extension 'cmake'
[0.535s] Level 1:colcon.colcon_core.package_identification:_identify(sprint5_1) by extension 'python'
[0.535s] DEBUG:colcon.colcon_core.package_identification:Python package in 'sprint5_1' passes arguments to the setup() function which requires a different identification extension than 'python'
[0.535s] Level 1:colcon.colcon_core.package_identification:_identify(sprint5_1) by extensions ['python_setup_py']
[0.535s] Level 1:colcon.colcon_core.package_identification:_identify(sprint5_1) by extension 'python_setup_py'
[0.845s] DEBUG:colcon.colcon_core.package_identification:Package 'sprint5_1' with type 'python' and name 'sprint5_v2'
[0.845s] Level 1:colcon.colcon_core.package_discovery:discover_packages(recursive) using defaults
[0.845s] Level 1:colcon.colcon_core.package_discovery:discover_packages(ignore) discover
[0.845s] Level 1:colcon.colcon_core.package_discovery:discover_packages(ignore) using defaults
[0.845s] Level 1:colcon.colcon_core.package_discovery:discover_packages(path) discover
[0.845s] Level 1:colcon.colcon_core.package_discovery:discover_packages(path) using defaults
[0.867s] Level 1:colcon.colcon_core.package_discovery:discover_packages(prefix_path) check parameters
[0.867s] Level 1:colcon.colcon_core.package_discovery:discover_packages(prefix_path) discover
[0.870s] DEBUG:colcon.colcon_installed_package_information.package_discovery:Found 372 installed packages in /opt/ros/foxy
[0.873s] Level 1:colcon.colcon_core.package_discovery:discover_packages(prefix_path) using defaults
[0.956s] Level 5:colcon.colcon_core.verb:set package 'sprint5_v2' build argument 'cmake_args' from command line to 'None'
[0.956s] Level 5:colcon.colcon_core.verb:set package 'sprint5_v2' build argument 'cmake_target' from command line to 'None'
[0.956s] Level 5:colcon.colcon_core.verb:set package 'sprint5_v2' build argument 'cmake_target_skip_unavailable' from command line to 'False'
[0.956s] Level 5:colcon.colcon_core.verb:set package 'sprint5_v2' build argument 'cmake_clean_cache' from command line to 'False'
[0.956s] Level 5:colcon.colcon_core.verb:set package 'sprint5_v2' build argument 'cmake_clean_first' from command line to 'False'
[0.956s] Level 5:colcon.colcon_core.verb:set package 'sprint5_v2' build argument 'cmake_force_configure' from command line to 'False'
[0.957s] Level 5:colcon.colcon_core.verb:set package 'sprint5_v2' build argument 'ament_cmake_args' from command line to 'None'
[0.957s] Level 5:colcon.colcon_core.verb:set package 'sprint5_v2' build argument 'catkin_cmake_args' from command line to 'None'
[0.957s] Level 5:colcon.colcon_core.verb:set package 'sprint5_v2' build argument 'catkin_skip_building_tests' from command line to 'False'
[0.957s] DEBUG:colcon.colcon_core.verb:Building package 'sprint5_v2' with the following arguments: {'ament_cmake_args': None, 'build_base': '/home/wormi/sprint5/v2/build/sprint5_v2', 'catkin_cmake_args': None, 'catkin_skip_building_tests': False, 'cmake_args': None, 'cmake_clean_cache': False, 'cmake_clean_first': False, 'cmake_force_configure': False, 'cmake_target': None, 'cmake_target_skip_unavailable': False, 'install_base': '/home/wormi/sprint5/v2/install/sprint5_v2', 'merge_install': False, 'path': '/home/wormi/sprint5/v2/sprint5_1', 'symlink_install': False, 'test_result_base': None}
[0.957s] INFO:colcon.colcon_core.executor:Executing jobs using 'parallel' executor
[0.958s] DEBUG:colcon.colcon_parallel_executor.executor.parallel:run_until_complete
[0.959s] INFO:colcon.colcon_core.task.python.build:Building Python package in '/home/wormi/sprint5/v2/sprint5_1'
[0.961s] INFO:colcon.colcon_core.plugin_system:Skipping extension 'colcon_core.shell.bat': Not used on non-Windows systems
[0.961s] INFO:colcon.colcon_core.shell:Skip shell extension 'powershell' for command environment: Not usable outside of PowerShell
[0.961s] DEBUG:colcon.colcon_core.shell:Skip shell extension 'dsv' for command environment
[1.806s] DEBUG:colcon.colcon_core.event_handler.log_command:Invoking command in '/home/wormi/sprint5/v2/sprint5_1': PYTHONPATH=/home/wormi/sprint5/v2/build/sprint5_v2/prefix_override:/usr/lib/python3/dist-packages/colcon_core/task/python/colcon_distutils_commands:/home/wormi/sprint5/v2/install/sprint5_v2/lib/python3.8/site-packages:${PYTHONPATH} /usr/bin/python3 -W ignore:setup.py install is deprecated -W ignore:easy_install command is deprecated setup.py egg_info --egg-base ../build/sprint5_v2 build --build-base /home/wormi/sprint5/v2/build/sprint5_v2/build install --record /home/wormi/sprint5/v2/build/sprint5_v2/install.log --install-scripts $base/lib/sprint5_v2 --single-version-externally-managed install_data
[2.193s] DEBUG:colcon.colcon_core.event_handler.log_command:Invoked command in '/home/wormi/sprint5/v2/sprint5_1' returned '0': PYTHONPATH=/home/wormi/sprint5/v2/build/sprint5_v2/prefix_override:/usr/lib/python3/dist-packages/colcon_core/task/python/colcon_distutils_commands:/home/wormi/sprint5/v2/install/sprint5_v2/lib/python3.8/site-packages:${PYTHONPATH} /usr/bin/python3 -W ignore:setup.py install is deprecated -W ignore:easy_install command is deprecated setup.py egg_info --egg-base ../build/sprint5_v2 build --build-base /home/wormi/sprint5/v2/build/sprint5_v2/build install --record /home/wormi/sprint5/v2/build/sprint5_v2/install.log --install-scripts $base/lib/sprint5_v2 --single-version-externally-managed install_data
[2.196s] Level 1:colcon.colcon_core.environment:checking '/home/wormi/sprint5/v2/install/sprint5_v2' for CMake module files
[2.196s] Level 1:colcon.colcon_core.environment:checking '/home/wormi/sprint5/v2/install/sprint5_v2' for CMake config files
[2.197s] Level 1:colcon.colcon_core.environment:checking '/home/wormi/sprint5/v2/install/sprint5_v2/lib'
[2.197s] Level 1:colcon.colcon_core.environment:checking '/home/wormi/sprint5/v2/install/sprint5_v2/bin'
[2.197s] Level 1:colcon.colcon_core.environment:checking '/home/wormi/sprint5/v2/install/sprint5_v2/lib/pkgconfig/sprint5_v2.pc'
[2.197s] Level 1:colcon.colcon_core.environment:checking '/home/wormi/sprint5/v2/install/sprint5_v2/lib/python3.8/site-packages'
[2.197s] Level 1:colcon.colcon_core.shell:create_environment_hook('sprint5_v2', 'pythonpath')
[2.198s] INFO:colcon.colcon_core.shell:Creating environment hook '/home/wormi/sprint5/v2/install/sprint5_v2/share/sprint5_v2/hook/pythonpath.ps1'
[2.199s] INFO:colcon.colcon_core.shell:Creating environment descriptor '/home/wormi/sprint5/v2/install/sprint5_v2/share/sprint5_v2/hook/pythonpath.dsv'
[2.200s] INFO:colcon.colcon_core.shell:Creating environment hook '/home/wormi/sprint5/v2/install/sprint5_v2/share/sprint5_v2/hook/pythonpath.sh'
[2.201s] Level 1:colcon.colcon_core.environment:checking '/home/wormi/sprint5/v2/install/sprint5_v2/bin'
[2.201s] Level 1:colcon.colcon_core.environment:create_environment_scripts_only(sprint5_v2)
[2.202s] INFO:colcon.colcon_core.shell:Creating package script '/home/wormi/sprint5/v2/install/sprint5_v2/share/sprint5_v2/package.ps1'
[2.203s] INFO:colcon.colcon_core.shell:Creating package descriptor '/home/wormi/sprint5/v2/install/sprint5_v2/share/sprint5_v2/package.dsv'
[2.203s] INFO:colcon.colcon_core.shell:Creating package script '/home/wormi/sprint5/v2/install/sprint5_v2/share/sprint5_v2/package.sh'
[2.204s] INFO:colcon.colcon_core.shell:Creating package script '/home/wormi/sprint5/v2/install/sprint5_v2/share/sprint5_v2/package.bash'
[2.205s] INFO:colcon.colcon_core.shell:Creating package script '/home/wormi/sprint5/v2/install/sprint5_v2/share/sprint5_v2/package.zsh'
[2.205s] Level 1:colcon.colcon_core.environment:create_file_with_runtime_dependencies(/home/wormi/sprint5/v2/install/sprint5_v2/share/colcon-core/packages/sprint5_v2)
[2.206s] DEBUG:colcon.colcon_parallel_executor.executor.parallel:closing loop
[2.206s] DEBUG:colcon.colcon_parallel_executor.executor.parallel:loop closed
[2.206s] DEBUG:colcon.colcon_parallel_executor.executor.parallel:run_until_complete finished with '0'
[2.206s] DEBUG:colcon.colcon_core.event_reactor:joining thread
[2.212s] INFO:colcon.colcon_core.plugin_system:Skipping extension 'colcon_notification.desktop_notification.terminal_notifier': Not used on non-Darwin systems
[2.212s] INFO:colcon.colcon_core.plugin_system:Skipping extension 'colcon_notification.desktop_notification.win32': Not used on non-Windows systems
[2.212s] INFO:colcon.colcon_notification.desktop_notification:Sending desktop notification using 'notify2'
[2.230s] DEBUG:colcon.colcon_core.event_reactor:joined thread
[2.231s] INFO:colcon.colcon_core.shell:Creating prefix script '/home/wormi/sprint5/v2/install/local_setup.ps1'
[2.232s] INFO:colcon.colcon_core.shell:Creating prefix util module '/home/wormi/sprint5/v2/install/_local_setup_util_ps1.py'
[2.233s] INFO:colcon.colcon_core.shell:Creating prefix chain script '/home/wormi/sprint5/v2/install/setup.ps1'
[2.234s] INFO:colcon.colcon_core.shell:Creating prefix script '/home/wormi/sprint5/v2/install/local_setup.sh'
[2.235s] INFO:colcon.colcon_core.shell:Creating prefix util module '/home/wormi/sprint5/v2/install/_local_setup_util_sh.py'
[2.236s] INFO:colcon.colcon_core.shell:Creating prefix chain script '/home/wormi/sprint5/v2/install/setup.sh'
[2.237s] INFO:colcon.colcon_core.shell:Creating prefix script '/home/wormi/sprint5/v2/install/local_setup.bash'
[2.237s] INFO:colcon.colcon_core.shell:Creating prefix chain script '/home/wormi/sprint5/v2/install/setup.bash'
[2.238s] INFO:colcon.colcon_core.shell:Creating prefix script '/home/wormi/sprint5/v2/install/local_setup.zsh'
[2.239s] INFO:colcon.colcon_core.shell:Creating prefix chain script '/home/wormi/sprint5/v2/install/setup.zsh'
