/home/wormi/sprint5/v2/install/sprint5_v2/lib/python3.8/site-packages/sprint5_v2/system_tester.py
/home/wormi/sprint5/v2/install/sprint5_v2/lib/python3.8/site-packages/sprint5_v2/calibration_helper.py
/home/wormi/sprint5/v2/install/sprint5_v2/lib/python3.8/site-packages/sprint5_v2/aruco_navigator.py
/home/wormi/sprint5/v2/install/sprint5_v2/lib/python3.8/site-packages/sprint5_v2/subcriptor.py
/home/wormi/sprint5/v2/install/sprint5_v2/lib/python3.8/site-packages/sprint5_v2/__init__.py
/home/wormi/sprint5/v2/install/sprint5_v2/lib/python3.8/site-packages/sprint5_v2/__pycache__/system_tester.cpython-38.pyc
/home/wormi/sprint5/v2/install/sprint5_v2/lib/python3.8/site-packages/sprint5_v2/__pycache__/calibration_helper.cpython-38.pyc
/home/wormi/sprint5/v2/install/sprint5_v2/lib/python3.8/site-packages/sprint5_v2/__pycache__/aruco_navigator.cpython-38.pyc
/home/wormi/sprint5/v2/install/sprint5_v2/lib/python3.8/site-packages/sprint5_v2/__pycache__/subcriptor.cpython-38.pyc
/home/wormi/sprint5/v2/install/sprint5_v2/lib/python3.8/site-packages/sprint5_v2/__pycache__/__init__.cpython-38.pyc
/home/wormi/sprint5/v2/install/sprint5_v2/share/ament_index/resource_index/packages/sprint5_v2
/home/wormi/sprint5/v2/install/sprint5_v2/share/sprint5_v2/package.xml
/home/wormi/sprint5/v2/install/sprint5_v2/share/sprint5_v2/launch/aruco_navigation_launch.py
/home/wormi/sprint5/v2/install/sprint5_v2/share/sprint5_v2/config/aruco_nav_params.yaml
/home/wormi/sprint5/v2/install/sprint5_v2/lib/python3.8/site-packages/sprint5_v2-0.0.1-py3.8.egg-info/requires.txt
/home/wormi/sprint5/v2/install/sprint5_v2/lib/python3.8/site-packages/sprint5_v2-0.0.1-py3.8.egg-info/PKG-INFO
/home/wormi/sprint5/v2/install/sprint5_v2/lib/python3.8/site-packages/sprint5_v2-0.0.1-py3.8.egg-info/entry_points.txt
/home/wormi/sprint5/v2/install/sprint5_v2/lib/python3.8/site-packages/sprint5_v2-0.0.1-py3.8.egg-info/SOURCES.txt
/home/wormi/sprint5/v2/install/sprint5_v2/lib/python3.8/site-packages/sprint5_v2-0.0.1-py3.8.egg-info/zip-safe
/home/wormi/sprint5/v2/install/sprint5_v2/lib/python3.8/site-packages/sprint5_v2-0.0.1-py3.8.egg-info/top_level.txt
/home/wormi/sprint5/v2/install/sprint5_v2/lib/python3.8/site-packages/sprint5_v2-0.0.1-py3.8.egg-info/dependency_links.txt
/home/wormi/sprint5/v2/install/sprint5_v2/lib/sprint5_v2/aruco_navigator
/home/wormi/sprint5/v2/install/sprint5_v2/lib/sprint5_v2/calibration_helper
/home/wormi/sprint5/v2/install/sprint5_v2/lib/sprint5_v2/subcriptor
/home/wormi/sprint5/v2/install/sprint5_v2/lib/sprint5_v2/system_tester
