[0.965s] Invoking command in '/home/wormi/sprint5/camara/g06_prii3_wsv2/src/eurobot_cositas': PYTHONPATH=/home/wormi/sprint5/camara/g06_prii3_wsv2/build/eurobot_cositas/prefix_override:/usr/lib/python3/dist-packages/colcon_core/task/python/colcon_distutils_commands:/home/wormi/sprint5/camara/g06_prii3_wsv2/install/eurobot_cositas/lib/python3.8/site-packages:${PYTHONPATH} /usr/bin/python3 -W ignore:setup.py install is deprecated -W ignore:easy_install command is deprecated setup.py egg_info --egg-base ../../build/eurobot_cositas build --build-base /home/wormi/sprint5/camara/g06_prii3_wsv2/build/eurobot_cositas/build install --record /home/wormi/sprint5/camara/g06_prii3_wsv2/build/eurobot_cositas/install.log --install-scripts $base/lib/eurobot_cositas --single-version-externally-managed install_data
[1.218s] running egg_info
[1.218s] writing ../../build/eurobot_cositas/eurobot_cositas.egg-info/PKG-INFO
[1.219s] writing dependency_links to ../../build/eurobot_cositas/eurobot_cositas.egg-info/dependency_links.txt
[1.219s] writing entry points to ../../build/eurobot_cositas/eurobot_cositas.egg-info/entry_points.txt
[1.219s] writing requirements to ../../build/eurobot_cositas/eurobot_cositas.egg-info/requires.txt
[1.219s] writing top-level names to ../../build/eurobot_cositas/eurobot_cositas.egg-info/top_level.txt
[1.254s] reading manifest file '../../build/eurobot_cositas/eurobot_cositas.egg-info/SOURCES.txt'
[1.255s] writing manifest file '../../build/eurobot_cositas/eurobot_cositas.egg-info/SOURCES.txt'
[1.255s] running build
[1.255s] running build_py
[1.255s] running install
[1.256s] running install_lib
[1.258s] running install_data
[1.258s] running install_egg_info
[1.260s] removing '/home/wormi/sprint5/camara/g06_prii3_wsv2/install/eurobot_cositas/lib/python3.8/site-packages/eurobot_cositas-0.0.0-py3.8.egg-info' (and everything under it)
[1.260s] Copying ../../build/eurobot_cositas/eurobot_cositas.egg-info to /home/wormi/sprint5/camara/g06_prii3_wsv2/install/eurobot_cositas/lib/python3.8/site-packages/eurobot_cositas-0.0.0-py3.8.egg-info
[1.260s] running install_scripts
[1.276s] Installing aruco_detector_cositas script to /home/wormi/sprint5/camara/g06_prii3_wsv2/install/eurobot_cositas/lib/eurobot_cositas
[1.276s] Installing vision_navigation script to /home/wormi/sprint5/camara/g06_prii3_wsv2/install/eurobot_cositas/lib/eurobot_cositas
[1.277s] writing list of installed files to '/home/wormi/sprint5/camara/g06_prii3_wsv2/build/eurobot_cositas/install.log'
[1.303s] Invoked command in '/home/wormi/sprint5/camara/g06_prii3_wsv2/src/eurobot_cositas' returned '0': PYTHONPATH=/home/wormi/sprint5/camara/g06_prii3_wsv2/build/eurobot_cositas/prefix_override:/usr/lib/python3/dist-packages/colcon_core/task/python/colcon_distutils_commands:/home/wormi/sprint5/camara/g06_prii3_wsv2/install/eurobot_cositas/lib/python3.8/site-packages:${PYTHONPATH} /usr/bin/python3 -W ignore:setup.py install is deprecated -W ignore:easy_install command is deprecated setup.py egg_info --egg-base ../../build/eurobot_cositas build --build-base /home/wormi/sprint5/camara/g06_prii3_wsv2/build/eurobot_cositas/build install --record /home/wormi/sprint5/camara/g06_prii3_wsv2/build/eurobot_cositas/install.log --install-scripts $base/lib/eurobot_cositas --single-version-externally-managed install_data
