[0.202s] DEBUG:colcon:Command line arguments: ['/usr/bin/colcon', 'build', '--packages-select', 'eurobot_cositas']
[0.202s] DEBUG:colcon:Parsed command line arguments: Namespace(allow_overriding=[], ament_cmake_args=None, base_paths=['.'], build_base='build', catkin_cmake_args=None, catkin_skip_building_tests=False, cmake_args=None, cmake_clean_cache=False, cmake_clean_first=False, cmake_force_configure=False, cmake_target=None, cmake_target_skip_unavailable=False, continue_on_error=False, event_handlers=None, executor='parallel', ignore_user_meta=False, install_base='install', log_base=None, log_level=None, main=<bound method BuildVerb.main of <colcon_core.verb.build.BuildVerb object at 0x7f3498fe6e50>>, merge_install=False, metas=['./colcon.meta'], mixin=None, mixin_files=None, mixin_verb=('build',), packages_above=None, packages_above_and_dependencies=None, packages_above_depth=None, packages_end=None, packages_ignore=None, packages_ignore_regex=None, packages_select=['eurobot_cositas'], packages_select_build_failed=False, packages_select_by_dep=None, packages_select_regex=None, packages_select_test_failures=False, packages_skip=None, packages_skip_build_finished=False, packages_skip_by_dep=None, packages_skip_regex=None, packages_skip_test_passed=False, packages_skip_up_to=None, packages_start=None, packages_up_to=None, packages_up_to_regex=None, parallel_workers=16, paths=None, symlink_install=False, test_result_base=None, verb_extension=<colcon_core.verb.build.BuildVerb object at 0x7f3498fe6e50>, verb_name='build', verb_parser=<colcon_mixin.mixin.mixin_argument.MixinArgumentDecorator object at 0x7f3498f7f460>)
[0.336s] Level 1:colcon.colcon_core.package_discovery:discover_packages(colcon_meta) check parameters
[0.336s] Level 1:colcon.colcon_core.package_discovery:discover_packages(recursive) check parameters
[0.336s] Level 1:colcon.colcon_core.package_discovery:discover_packages(ignore) check parameters
[0.336s] Level 1:colcon.colcon_core.package_discovery:discover_packages(path) check parameters
[0.336s] Level 1:colcon.colcon_core.package_discovery:discover_packages(colcon_meta) discover
[0.336s] Level 1:colcon.colcon_core.package_discovery:discover_packages(recursive) discover
[0.336s] INFO:colcon.colcon_core.package_discovery:Crawling recursively for packages in '/home/wormi/sprint5/camara/ASDASDA/g06_prii3_wsv2/src/eurobot_cositas'
[0.336s] Level 1:colcon.colcon_core.package_identification:_identify(.) by extensions ['ignore', 'ignore_ament_install']
[0.336s] Level 1:colcon.colcon_core.package_identification:_identify(.) by extension 'ignore'
[0.336s] Level 1:colcon.colcon_core.package_identification:_identify(.) by extension 'ignore_ament_install'
[0.336s] Level 1:colcon.colcon_core.package_identification:_identify(.) by extensions ['colcon_pkg']
[0.336s] Level 1:colcon.colcon_core.package_identification:_identify(.) by extension 'colcon_pkg'
[0.336s] Level 1:colcon.colcon_core.package_identification:_identify(.) by extensions ['colcon_meta']
[0.336s] Level 1:colcon.colcon_core.package_identification:_identify(.) by extension 'colcon_meta'
[0.336s] Level 1:colcon.colcon_core.package_identification:_identify(.) by extensions ['ros']
[0.336s] Level 1:colcon.colcon_core.package_identification:_identify(.) by extension 'ros'
[0.348s] DEBUG:colcon.colcon_core.package_identification:Package '.' with type 'ros.ament_python' and name 'eurobot_cositas'
[0.348s] Level 1:colcon.colcon_core.package_discovery:discover_packages(recursive) using defaults
[0.348s] Level 1:colcon.colcon_core.package_discovery:discover_packages(ignore) discover
[0.348s] Level 1:colcon.colcon_core.package_discovery:discover_packages(ignore) using defaults
[0.348s] Level 1:colcon.colcon_core.package_discovery:discover_packages(path) discover
[0.348s] Level 1:colcon.colcon_core.package_discovery:discover_packages(path) using defaults
[0.368s] Level 1:colcon.colcon_core.package_discovery:discover_packages(prefix_path) check parameters
[0.368s] Level 1:colcon.colcon_core.package_discovery:discover_packages(prefix_path) discover
[0.370s] DEBUG:colcon.colcon_installed_package_information.package_discovery:Found 372 installed packages in /opt/ros/foxy
[0.372s] Level 1:colcon.colcon_core.package_discovery:discover_packages(prefix_path) using defaults
[0.432s] Level 5:colcon.colcon_core.verb:set package 'eurobot_cositas' build argument 'cmake_args' from command line to 'None'
[0.433s] Level 5:colcon.colcon_core.verb:set package 'eurobot_cositas' build argument 'cmake_target' from command line to 'None'
[0.433s] Level 5:colcon.colcon_core.verb:set package 'eurobot_cositas' build argument 'cmake_target_skip_unavailable' from command line to 'False'
[0.433s] Level 5:colcon.colcon_core.verb:set package 'eurobot_cositas' build argument 'cmake_clean_cache' from command line to 'False'
[0.433s] Level 5:colcon.colcon_core.verb:set package 'eurobot_cositas' build argument 'cmake_clean_first' from command line to 'False'
[0.433s] Level 5:colcon.colcon_core.verb:set package 'eurobot_cositas' build argument 'cmake_force_configure' from command line to 'False'
[0.433s] Level 5:colcon.colcon_core.verb:set package 'eurobot_cositas' build argument 'ament_cmake_args' from command line to 'None'
[0.433s] Level 5:colcon.colcon_core.verb:set package 'eurobot_cositas' build argument 'catkin_cmake_args' from command line to 'None'
[0.433s] Level 5:colcon.colcon_core.verb:set package 'eurobot_cositas' build argument 'catkin_skip_building_tests' from command line to 'False'
[0.433s] DEBUG:colcon.colcon_core.verb:Building package 'eurobot_cositas' with the following arguments: {'ament_cmake_args': None, 'build_base': '/home/wormi/sprint5/camara/ASDASDA/g06_prii3_wsv2/src/eurobot_cositas/build/eurobot_cositas', 'catkin_cmake_args': None, 'catkin_skip_building_tests': False, 'cmake_args': None, 'cmake_clean_cache': False, 'cmake_clean_first': False, 'cmake_force_configure': False, 'cmake_target': None, 'cmake_target_skip_unavailable': False, 'install_base': '/home/wormi/sprint5/camara/ASDASDA/g06_prii3_wsv2/src/eurobot_cositas/install/eurobot_cositas', 'merge_install': False, 'path': '/home/wormi/sprint5/camara/ASDASDA/g06_prii3_wsv2/src/eurobot_cositas', 'symlink_install': False, 'test_result_base': None}
[0.433s] INFO:colcon.colcon_core.executor:Executing jobs using 'parallel' executor
[0.434s] DEBUG:colcon.colcon_parallel_executor.executor.parallel:run_until_complete
[0.435s] INFO:colcon.colcon_ros.task.ament_python.build:Building ROS package in '/home/wormi/sprint5/camara/ASDASDA/g06_prii3_wsv2/src/eurobot_cositas' with build type 'ament_python'
[0.435s] Level 1:colcon.colcon_core.shell:create_environment_hook('eurobot_cositas', 'ament_prefix_path')
[0.436s] INFO:colcon.colcon_core.plugin_system:Skipping extension 'colcon_core.shell.bat': Not used on non-Windows systems
[0.436s] INFO:colcon.colcon_core.shell:Creating environment hook '/home/wormi/sprint5/camara/ASDASDA/g06_prii3_wsv2/src/eurobot_cositas/install/eurobot_cositas/share/eurobot_cositas/hook/ament_prefix_path.ps1'
[0.437s] INFO:colcon.colcon_core.shell:Creating environment descriptor '/home/wormi/sprint5/camara/ASDASDA/g06_prii3_wsv2/src/eurobot_cositas/install/eurobot_cositas/share/eurobot_cositas/hook/ament_prefix_path.dsv'
[0.437s] INFO:colcon.colcon_core.shell:Creating environment hook '/home/wormi/sprint5/camara/ASDASDA/g06_prii3_wsv2/src/eurobot_cositas/install/eurobot_cositas/share/eurobot_cositas/hook/ament_prefix_path.sh'
[0.438s] INFO:colcon.colcon_core.shell:Skip shell extension 'powershell' for command environment: Not usable outside of PowerShell
[0.438s] DEBUG:colcon.colcon_core.shell:Skip shell extension 'dsv' for command environment
[0.670s] INFO:colcon.colcon_core.task.python.build:Building Python package in '/home/wormi/sprint5/camara/ASDASDA/g06_prii3_wsv2/src/eurobot_cositas'
[0.670s] INFO:colcon.colcon_core.shell:Skip shell extension 'powershell' for command environment: Not usable outside of PowerShell
[0.670s] DEBUG:colcon.colcon_core.shell:Skip shell extension 'dsv' for command environment
[1.098s] DEBUG:colcon.colcon_core.event_handler.log_command:Invoking command in '/home/wormi/sprint5/camara/ASDASDA/g06_prii3_wsv2/src/eurobot_cositas': PYTHONPATH=/home/wormi/sprint5/camara/ASDASDA/g06_prii3_wsv2/src/eurobot_cositas/build/eurobot_cositas/prefix_override:/usr/lib/python3/dist-packages/colcon_core/task/python/colcon_distutils_commands:/home/wormi/sprint5/camara/ASDASDA/g06_prii3_wsv2/src/eurobot_cositas/install/eurobot_cositas/lib/python3.8/site-packages:${PYTHONPATH} /usr/bin/python3 -W ignore:setup.py install is deprecated -W ignore:easy_install command is deprecated setup.py egg_info --egg-base build/eurobot_cositas build --build-base /home/wormi/sprint5/camara/ASDASDA/g06_prii3_wsv2/src/eurobot_cositas/build/eurobot_cositas/build install --record /home/wormi/sprint5/camara/ASDASDA/g06_prii3_wsv2/src/eurobot_cositas/build/eurobot_cositas/install.log --install-scripts $base/lib/eurobot_cositas --single-version-externally-managed install_data
[1.392s] DEBUG:colcon.colcon_core.event_handler.log_command:Invoked command in '/home/wormi/sprint5/camara/ASDASDA/g06_prii3_wsv2/src/eurobot_cositas' returned '0': PYTHONPATH=/home/wormi/sprint5/camara/ASDASDA/g06_prii3_wsv2/src/eurobot_cositas/build/eurobot_cositas/prefix_override:/usr/lib/python3/dist-packages/colcon_core/task/python/colcon_distutils_commands:/home/wormi/sprint5/camara/ASDASDA/g06_prii3_wsv2/src/eurobot_cositas/install/eurobot_cositas/lib/python3.8/site-packages:${PYTHONPATH} /usr/bin/python3 -W ignore:setup.py install is deprecated -W ignore:easy_install command is deprecated setup.py egg_info --egg-base build/eurobot_cositas build --build-base /home/wormi/sprint5/camara/ASDASDA/g06_prii3_wsv2/src/eurobot_cositas/build/eurobot_cositas/build install --record /home/wormi/sprint5/camara/ASDASDA/g06_prii3_wsv2/src/eurobot_cositas/build/eurobot_cositas/install.log --install-scripts $base/lib/eurobot_cositas --single-version-externally-managed install_data
[1.395s] Level 1:colcon.colcon_core.environment:checking '/home/wormi/sprint5/camara/ASDASDA/g06_prii3_wsv2/src/eurobot_cositas/install/eurobot_cositas' for CMake module files
[1.395s] Level 1:colcon.colcon_core.environment:checking '/home/wormi/sprint5/camara/ASDASDA/g06_prii3_wsv2/src/eurobot_cositas/install/eurobot_cositas' for CMake config files
[1.397s] Level 1:colcon.colcon_core.environment:checking '/home/wormi/sprint5/camara/ASDASDA/g06_prii3_wsv2/src/eurobot_cositas/install/eurobot_cositas/lib'
[1.397s] Level 1:colcon.colcon_core.environment:checking '/home/wormi/sprint5/camara/ASDASDA/g06_prii3_wsv2/src/eurobot_cositas/install/eurobot_cositas/bin'
[1.397s] Level 1:colcon.colcon_core.environment:checking '/home/wormi/sprint5/camara/ASDASDA/g06_prii3_wsv2/src/eurobot_cositas/install/eurobot_cositas/lib/pkgconfig/eurobot_cositas.pc'
[1.397s] Level 1:colcon.colcon_core.environment:checking '/home/wormi/sprint5/camara/ASDASDA/g06_prii3_wsv2/src/eurobot_cositas/install/eurobot_cositas/lib/python3.8/site-packages'
[1.397s] Level 1:colcon.colcon_core.shell:create_environment_hook('eurobot_cositas', 'pythonpath')
[1.398s] INFO:colcon.colcon_core.shell:Creating environment hook '/home/wormi/sprint5/camara/ASDASDA/g06_prii3_wsv2/src/eurobot_cositas/install/eurobot_cositas/share/eurobot_cositas/hook/pythonpath.ps1'
[1.398s] INFO:colcon.colcon_core.shell:Creating environment descriptor '/home/wormi/sprint5/camara/ASDASDA/g06_prii3_wsv2/src/eurobot_cositas/install/eurobot_cositas/share/eurobot_cositas/hook/pythonpath.dsv'
[1.398s] INFO:colcon.colcon_core.shell:Creating environment hook '/home/wormi/sprint5/camara/ASDASDA/g06_prii3_wsv2/src/eurobot_cositas/install/eurobot_cositas/share/eurobot_cositas/hook/pythonpath.sh'
[1.399s] Level 1:colcon.colcon_core.environment:checking '/home/wormi/sprint5/camara/ASDASDA/g06_prii3_wsv2/src/eurobot_cositas/install/eurobot_cositas/bin'
[1.399s] Level 1:colcon.colcon_core.environment:create_environment_scripts_only(eurobot_cositas)
[1.399s] INFO:colcon.colcon_core.shell:Creating package script '/home/wormi/sprint5/camara/ASDASDA/g06_prii3_wsv2/src/eurobot_cositas/install/eurobot_cositas/share/eurobot_cositas/package.ps1'
[1.400s] INFO:colcon.colcon_core.shell:Creating package descriptor '/home/wormi/sprint5/camara/ASDASDA/g06_prii3_wsv2/src/eurobot_cositas/install/eurobot_cositas/share/eurobot_cositas/package.dsv'
[1.400s] INFO:colcon.colcon_core.shell:Creating package script '/home/wormi/sprint5/camara/ASDASDA/g06_prii3_wsv2/src/eurobot_cositas/install/eurobot_cositas/share/eurobot_cositas/package.sh'
[1.401s] INFO:colcon.colcon_core.shell:Creating package script '/home/wormi/sprint5/camara/ASDASDA/g06_prii3_wsv2/src/eurobot_cositas/install/eurobot_cositas/share/eurobot_cositas/package.bash'
[1.401s] INFO:colcon.colcon_core.shell:Creating package script '/home/wormi/sprint5/camara/ASDASDA/g06_prii3_wsv2/src/eurobot_cositas/install/eurobot_cositas/share/eurobot_cositas/package.zsh'
[1.402s] Level 1:colcon.colcon_core.environment:create_file_with_runtime_dependencies(/home/wormi/sprint5/camara/ASDASDA/g06_prii3_wsv2/src/eurobot_cositas/install/eurobot_cositas/share/colcon-core/packages/eurobot_cositas)
[1.403s] DEBUG:colcon.colcon_parallel_executor.executor.parallel:closing loop
[1.403s] DEBUG:colcon.colcon_parallel_executor.executor.parallel:loop closed
[1.403s] DEBUG:colcon.colcon_parallel_executor.executor.parallel:run_until_complete finished with '0'
[1.403s] DEBUG:colcon.colcon_core.event_reactor:joining thread
[1.408s] INFO:colcon.colcon_core.plugin_system:Skipping extension 'colcon_notification.desktop_notification.terminal_notifier': Not used on non-Darwin systems
[1.408s] INFO:colcon.colcon_core.plugin_system:Skipping extension 'colcon_notification.desktop_notification.win32': Not used on non-Windows systems
[1.408s] INFO:colcon.colcon_notification.desktop_notification:Sending desktop notification using 'notify2'
[1.423s] DEBUG:colcon.colcon_core.event_reactor:joined thread
[1.423s] INFO:colcon.colcon_core.shell:Creating prefix script '/home/wormi/sprint5/camara/ASDASDA/g06_prii3_wsv2/src/eurobot_cositas/install/local_setup.ps1'
[1.425s] INFO:colcon.colcon_core.shell:Creating prefix util module '/home/wormi/sprint5/camara/ASDASDA/g06_prii3_wsv2/src/eurobot_cositas/install/_local_setup_util_ps1.py'
[1.426s] INFO:colcon.colcon_core.shell:Creating prefix chain script '/home/wormi/sprint5/camara/ASDASDA/g06_prii3_wsv2/src/eurobot_cositas/install/setup.ps1'
[1.427s] INFO:colcon.colcon_core.shell:Creating prefix script '/home/wormi/sprint5/camara/ASDASDA/g06_prii3_wsv2/src/eurobot_cositas/install/local_setup.sh'
[1.428s] INFO:colcon.colcon_core.shell:Creating prefix util module '/home/wormi/sprint5/camara/ASDASDA/g06_prii3_wsv2/src/eurobot_cositas/install/_local_setup_util_sh.py'
[1.428s] INFO:colcon.colcon_core.shell:Creating prefix chain script '/home/wormi/sprint5/camara/ASDASDA/g06_prii3_wsv2/src/eurobot_cositas/install/setup.sh'
[1.429s] INFO:colcon.colcon_core.shell:Creating prefix script '/home/wormi/sprint5/camara/ASDASDA/g06_prii3_wsv2/src/eurobot_cositas/install/local_setup.bash'
[1.429s] INFO:colcon.colcon_core.shell:Creating prefix chain script '/home/wormi/sprint5/camara/ASDASDA/g06_prii3_wsv2/src/eurobot_cositas/install/setup.bash'
[1.430s] INFO:colcon.colcon_core.shell:Creating prefix script '/home/wormi/sprint5/camara/ASDASDA/g06_prii3_wsv2/src/eurobot_cositas/install/local_setup.zsh'
[1.431s] INFO:colcon.colcon_core.shell:Creating prefix chain script '/home/wormi/sprint5/camara/ASDASDA/g06_prii3_wsv2/src/eurobot_cositas/install/setup.zsh'
