running egg_info
writing ../../build/aruco_detector_pkg/aruco_detector_pkg.egg-info/PKG-INFO
writing dependency_links to ../../build/aruco_detector_pkg/aruco_detector_pkg.egg-info/dependency_links.txt
writing entry points to ../../build/aruco_detector_pkg/aruco_detector_pkg.egg-info/entry_points.txt
writing requirements to ../../build/aruco_detector_pkg/aruco_detector_pkg.egg-info/requires.txt
writing top-level names to ../../build/aruco_detector_pkg/aruco_detector_pkg.egg-info/top_level.txt
reading manifest file '../../build/aruco_detector_pkg/aruco_detector_pkg.egg-info/SOURCES.txt'
writing manifest file '../../build/aruco_detector_pkg/aruco_detector_pkg.egg-info/SOURCES.txt'
running build
running build_py
running install
running install_lib
running install_data
running install_egg_info
removing '/home/pavlo/v8/g06_prii3_wsv2/install/aruco_detector_pkg/lib/python3.8/site-packages/aruco_detector_pkg-0.0.0-py3.8.egg-info' (and everything under it)
Copying ../../build/aruco_detector_pkg/aruco_detector_pkg.egg-info to /home/pavlo/v8/g06_prii3_wsv2/install/aruco_detector_pkg/lib/python3.8/site-packages/aruco_detector_pkg-0.0.0-py3.8.egg-info
running install_scripts
Installing aruco_detector script to /home/pavlo/v8/g06_prii3_wsv2/install/aruco_detector_pkg/lib/aruco_detector_pkg
Installing aruco_robot_detector script to /home/pavlo/v8/g06_prii3_wsv2/install/aruco_detector_pkg/lib/aruco_detector_pkg
writing list of installed files to '/home/pavlo/v8/g06_prii3_wsv2/build/aruco_detector_pkg/install.log'
