running egg_info
creating ../build/sprint5_v2/sprint5_v2.egg-info
writing ../build/sprint5_v2/sprint5_v2.egg-info/PKG-INFO
writing dependency_links to ../build/sprint5_v2/sprint5_v2.egg-info/dependency_links.txt
writing entry points to ../build/sprint5_v2/sprint5_v2.egg-info/entry_points.txt
writing requirements to ../build/sprint5_v2/sprint5_v2.egg-info/requires.txt
writing top-level names to ../build/sprint5_v2/sprint5_v2.egg-info/top_level.txt
writing manifest file '../build/sprint5_v2/sprint5_v2.egg-info/SOURCES.txt'
reading manifest file '../build/sprint5_v2/sprint5_v2.egg-info/SOURCES.txt'
writing manifest file '../build/sprint5_v2/sprint5_v2.egg-info/SOURCES.txt'
running build
running build_py
creating /home/wormi/sprint5/v2/build/sprint5_v2/build
creating /home/wormi/sprint5/v2/build/sprint5_v2/build/lib
creating /home/wormi/sprint5/v2/build/sprint5_v2/build/lib/sprint5_v2
copying sprint5_v2/calibration_helper.py -> /home/wormi/sprint5/v2/build/sprint5_v2/build/lib/sprint5_v2
copying sprint5_v2/aruco_navigator.py -> /home/wormi/sprint5/v2/build/sprint5_v2/build/lib/sprint5_v2
copying sprint5_v2/subcriptor.py -> /home/wormi/sprint5/v2/build/sprint5_v2/build/lib/sprint5_v2
copying sprint5_v2/__init__.py -> /home/wormi/sprint5/v2/build/sprint5_v2/build/lib/sprint5_v2
running install
running install_lib
creating /home/wormi/sprint5/v2/install/sprint5_v2/lib/python3.8/site-packages/sprint5_v2
copying /home/wormi/sprint5/v2/build/sprint5_v2/build/lib/sprint5_v2/calibration_helper.py -> /home/wormi/sprint5/v2/install/sprint5_v2/lib/python3.8/site-packages/sprint5_v2
copying /home/wormi/sprint5/v2/build/sprint5_v2/build/lib/sprint5_v2/aruco_navigator.py -> /home/wormi/sprint5/v2/install/sprint5_v2/lib/python3.8/site-packages/sprint5_v2
copying /home/wormi/sprint5/v2/build/sprint5_v2/build/lib/sprint5_v2/subcriptor.py -> /home/wormi/sprint5/v2/install/sprint5_v2/lib/python3.8/site-packages/sprint5_v2
copying /home/wormi/sprint5/v2/build/sprint5_v2/build/lib/sprint5_v2/__init__.py -> /home/wormi/sprint5/v2/install/sprint5_v2/lib/python3.8/site-packages/sprint5_v2
byte-compiling /home/wormi/sprint5/v2/install/sprint5_v2/lib/python3.8/site-packages/sprint5_v2/calibration_helper.py to calibration_helper.cpython-38.pyc
byte-compiling /home/wormi/sprint5/v2/install/sprint5_v2/lib/python3.8/site-packages/sprint5_v2/aruco_navigator.py to aruco_navigator.cpython-38.pyc
byte-compiling /home/wormi/sprint5/v2/install/sprint5_v2/lib/python3.8/site-packages/sprint5_v2/subcriptor.py to subcriptor.cpython-38.pyc
byte-compiling /home/wormi/sprint5/v2/install/sprint5_v2/lib/python3.8/site-packages/sprint5_v2/__init__.py to __init__.cpython-38.pyc
running install_data
creating /home/wormi/sprint5/v2/install/sprint5_v2/share
creating /home/wormi/sprint5/v2/install/sprint5_v2/share/ament_index
creating /home/wormi/sprint5/v2/install/sprint5_v2/share/ament_index/resource_index
creating /home/wormi/sprint5/v2/install/sprint5_v2/share/ament_index/resource_index/packages
copying resource/sprint5_v2 -> /home/wormi/sprint5/v2/install/sprint5_v2/share/ament_index/resource_index/packages
creating /home/wormi/sprint5/v2/install/sprint5_v2/share/sprint5_v2
copying package.xml -> /home/wormi/sprint5/v2/install/sprint5_v2/share/sprint5_v2
running install_egg_info
Copying ../build/sprint5_v2/sprint5_v2.egg-info to /home/wormi/sprint5/v2/install/sprint5_v2/lib/python3.8/site-packages/sprint5_v2-0.0.0-py3.8.egg-info
running install_scripts
writing list of installed files to '/home/wormi/sprint5/v2/build/sprint5_v2/install.log'
