[0.846s] Invoking command in '/home/wormi/sprint5/v2/sprint5_1': PYTHONPATH=/home/wormi/sprint5/v2/build/sprint5_v2/prefix_override:/usr/lib/python3/dist-packages/colcon_core/task/python/colcon_distutils_commands:/home/wormi/sprint5/v2/install/sprint5_v2/lib/python3.8/site-packages:${PYTHONPATH} /usr/bin/python3 -W ignore:setup.py install is deprecated -W ignore:easy_install command is deprecated setup.py egg_info --egg-base ../build/sprint5_v2 build --build-base /home/wormi/sprint5/v2/build/sprint5_v2/build install --record /home/wormi/sprint5/v2/build/sprint5_v2/install.log --install-scripts $base/lib/sprint5_v2 --single-version-externally-managed install_data
[1.128s] running egg_info
[1.129s] creating ../build/sprint5_v2/sprint5_v2.egg-info
[1.129s] writing ../build/sprint5_v2/sprint5_v2.egg-info/PKG-INFO
[1.129s] writing dependency_links to ../build/sprint5_v2/sprint5_v2.egg-info/dependency_links.txt
[1.130s] writing entry points to ../build/sprint5_v2/sprint5_v2.egg-info/entry_points.txt
[1.130s] writing requirements to ../build/sprint5_v2/sprint5_v2.egg-info/requires.txt
[1.130s] writing top-level names to ../build/sprint5_v2/sprint5_v2.egg-info/top_level.txt
[1.131s] writing manifest file '../build/sprint5_v2/sprint5_v2.egg-info/SOURCES.txt'
[1.171s] reading manifest file '../build/sprint5_v2/sprint5_v2.egg-info/SOURCES.txt'
[1.172s] writing manifest file '../build/sprint5_v2/sprint5_v2.egg-info/SOURCES.txt'
[1.172s] running build
[1.172s] running build_py
[1.173s] creating /home/wormi/sprint5/v2/build/sprint5_v2/build
[1.173s] creating /home/wormi/sprint5/v2/build/sprint5_v2/build/lib
[1.173s] creating /home/wormi/sprint5/v2/build/sprint5_v2/build/lib/sprint5_v2
[1.173s] copying sprint5_v2/calibration_helper.py -> /home/wormi/sprint5/v2/build/sprint5_v2/build/lib/sprint5_v2
[1.173s] copying sprint5_v2/aruco_navigator.py -> /home/wormi/sprint5/v2/build/sprint5_v2/build/lib/sprint5_v2
[1.173s] copying sprint5_v2/subcriptor.py -> /home/wormi/sprint5/v2/build/sprint5_v2/build/lib/sprint5_v2
[1.173s] copying sprint5_v2/__init__.py -> /home/wormi/sprint5/v2/build/sprint5_v2/build/lib/sprint5_v2
[1.173s] running install
[1.174s] running install_lib
[1.175s] creating /home/wormi/sprint5/v2/install/sprint5_v2/lib/python3.8/site-packages/sprint5_v2
[1.175s] copying /home/wormi/sprint5/v2/build/sprint5_v2/build/lib/sprint5_v2/calibration_helper.py -> /home/wormi/sprint5/v2/install/sprint5_v2/lib/python3.8/site-packages/sprint5_v2
[1.176s] copying /home/wormi/sprint5/v2/build/sprint5_v2/build/lib/sprint5_v2/aruco_navigator.py -> /home/wormi/sprint5/v2/install/sprint5_v2/lib/python3.8/site-packages/sprint5_v2
[1.176s] copying /home/wormi/sprint5/v2/build/sprint5_v2/build/lib/sprint5_v2/subcriptor.py -> /home/wormi/sprint5/v2/install/sprint5_v2/lib/python3.8/site-packages/sprint5_v2
[1.176s] copying /home/wormi/sprint5/v2/build/sprint5_v2/build/lib/sprint5_v2/__init__.py -> /home/wormi/sprint5/v2/install/sprint5_v2/lib/python3.8/site-packages/sprint5_v2
[1.176s] byte-compiling /home/wormi/sprint5/v2/install/sprint5_v2/lib/python3.8/site-packages/sprint5_v2/calibration_helper.py to calibration_helper.cpython-38.pyc
[1.179s] byte-compiling /home/wormi/sprint5/v2/install/sprint5_v2/lib/python3.8/site-packages/sprint5_v2/aruco_navigator.py to aruco_navigator.cpython-38.pyc
[1.180s] byte-compiling /home/wormi/sprint5/v2/install/sprint5_v2/lib/python3.8/site-packages/sprint5_v2/subcriptor.py to subcriptor.cpython-38.pyc
[1.182s] byte-compiling /home/wormi/sprint5/v2/install/sprint5_v2/lib/python3.8/site-packages/sprint5_v2/__init__.py to __init__.cpython-38.pyc
[1.182s] running install_data
[1.182s] creating /home/wormi/sprint5/v2/install/sprint5_v2/share
[1.182s] creating /home/wormi/sprint5/v2/install/sprint5_v2/share/ament_index
[1.183s] creating /home/wormi/sprint5/v2/install/sprint5_v2/share/ament_index/resource_index
[1.183s] creating /home/wormi/sprint5/v2/install/sprint5_v2/share/ament_index/resource_index/packages
[1.183s] copying resource/sprint5_v2 -> /home/wormi/sprint5/v2/install/sprint5_v2/share/ament_index/resource_index/packages
[1.183s] creating /home/wormi/sprint5/v2/install/sprint5_v2/share/sprint5_v2
[1.183s] copying package.xml -> /home/wormi/sprint5/v2/install/sprint5_v2/share/sprint5_v2
[1.183s] running install_egg_info
[1.185s] Copying ../build/sprint5_v2/sprint5_v2.egg-info to /home/wormi/sprint5/v2/install/sprint5_v2/lib/python3.8/site-packages/sprint5_v2-0.0.0-py3.8.egg-info
[1.185s] running install_scripts
[1.206s] writing list of installed files to '/home/wormi/sprint5/v2/build/sprint5_v2/install.log'
[1.233s] Invoked command in '/home/wormi/sprint5/v2/sprint5_1' returned '0': PYTHONPATH=/home/wormi/sprint5/v2/build/sprint5_v2/prefix_override:/usr/lib/python3/dist-packages/colcon_core/task/python/colcon_distutils_commands:/home/wormi/sprint5/v2/install/sprint5_v2/lib/python3.8/site-packages:${PYTHONPATH} /usr/bin/python3 -W ignore:setup.py install is deprecated -W ignore:easy_install command is deprecated setup.py egg_info --egg-base ../build/sprint5_v2 build --build-base /home/wormi/sprint5/v2/build/sprint5_v2/build install --record /home/wormi/sprint5/v2/build/sprint5_v2/install.log --install-scripts $base/lib/sprint5_v2 --single-version-externally-managed install_data
