[0.292s] DEBUG:colcon:Command line arguments: ['/usr/bin/colcon', 'build']
[0.292s] DEBUG:colcon:Parsed command line arguments: Namespace(allow_overriding=[], ament_cmake_args=None, base_paths=['.'], build_base='build', catkin_cmake_args=None, catkin_skip_building_tests=False, cmake_args=None, cmake_clean_cache=False, cmake_clean_first=False, cmake_force_configure=False, cmake_target=None, cmake_target_skip_unavailable=False, continue_on_error=False, event_handlers=None, executor='parallel', ignore_user_meta=False, install_base='install', log_base=None, log_level=None, main=<bound method BuildVerb.main of <colcon_core.verb.build.BuildVerb object at 0x7fa44a9dc3a0>>, merge_install=False, metas=['./colcon.meta'], mixin=None, mixin_files=None, mixin_verb=('build',), packages_above=None, packages_above_and_dependencies=None, packages_above_depth=None, packages_end=None, packages_ignore=None, packages_ignore_regex=None, packages_select=None, packages_select_build_failed=False, packages_select_by_dep=None, packages_select_regex=None, packages_select_test_failures=False, packages_skip=None, packages_skip_build_finished=False, packages_skip_by_dep=None, packages_skip_regex=None, packages_skip_test_passed=False, packages_skip_up_to=None, packages_start=None, packages_up_to=None, packages_up_to_regex=None, parallel_workers=12, paths=None, symlink_install=False, test_result_base=None, verb_extension=<colcon_core.verb.build.BuildVerb object at 0x7fa44a9dc3a0>, verb_name='build', verb_parser=<colcon_mixin.mixin.mixin_argument.MixinArgumentDecorator object at 0x7fa44a9339a0>)
[0.512s] Level 1:colcon.colcon_core.package_discovery:discover_packages(colcon_meta) check parameters
[0.513s] Level 1:colcon.colcon_core.package_discovery:discover_packages(recursive) check parameters
[0.513s] Level 1:colcon.colcon_core.package_discovery:discover_packages(ignore) check parameters
[0.513s] Level 1:colcon.colcon_core.package_discovery:discover_packages(path) check parameters
[0.513s] Level 1:colcon.colcon_core.package_discovery:discover_packages(colcon_meta) discover
[0.513s] Level 1:colcon.colcon_core.package_discovery:discover_packages(recursive) discover
[0.514s] INFO:colcon.colcon_core.package_discovery:Crawling recursively for packages in '/home/pavlo/v8/g06_prii3_wsv2'
[0.514s] Level 1:colcon.colcon_core.package_identification:_identify(.) by extensions ['ignore', 'ignore_ament_install']
[0.514s] Level 1:colcon.colcon_core.package_identification:_identify(.) by extension 'ignore'
[0.514s] Level 1:colcon.colcon_core.package_identification:_identify(.) by extension 'ignore_ament_install'
[0.514s] Level 1:colcon.colcon_core.package_identification:_identify(.) by extensions ['colcon_pkg']
[0.515s] Level 1:colcon.colcon_core.package_identification:_identify(.) by extension 'colcon_pkg'
[0.515s] Level 1:colcon.colcon_core.package_identification:_identify(.) by extensions ['colcon_meta']
[0.515s] Level 1:colcon.colcon_core.package_identification:_identify(.) by extension 'colcon_meta'
[0.515s] Level 1:colcon.colcon_core.package_identification:_identify(.) by extensions ['ros']
[0.515s] Level 1:colcon.colcon_core.package_identification:_identify(.) by extension 'ros'
[0.530s] Level 1:colcon.colcon_core.package_identification:_identify(.) by extensions ['cmake', 'python']
[0.530s] Level 1:colcon.colcon_core.package_identification:_identify(.) by extension 'cmake'
[0.530s] Level 1:colcon.colcon_core.package_identification:_identify(.) by extension 'python'
[0.530s] Level 1:colcon.colcon_core.package_identification:_identify(.) by extensions ['python_setup_py']
[0.531s] Level 1:colcon.colcon_core.package_identification:_identify(.) by extension 'python_setup_py'
[0.531s] Level 1:colcon.colcon_core.package_identification:_identify(build) by extensions ['ignore', 'ignore_ament_install']
[0.531s] Level 1:colcon.colcon_core.package_identification:_identify(build) by extension 'ignore'
[0.531s] Level 1:colcon.colcon_core.package_identification:_identify(build) ignored
[0.532s] Level 1:colcon.colcon_core.package_identification:_identify(install) by extensions ['ignore', 'ignore_ament_install']
[0.532s] Level 1:colcon.colcon_core.package_identification:_identify(install) by extension 'ignore'
[0.532s] Level 1:colcon.colcon_core.package_identification:_identify(install) ignored
[0.532s] Level 1:colcon.colcon_core.package_identification:_identify(log) by extensions ['ignore', 'ignore_ament_install']
[0.533s] Level 1:colcon.colcon_core.package_identification:_identify(log) by extension 'ignore'
[0.533s] Level 1:colcon.colcon_core.package_identification:_identify(log) ignored
[0.533s] Level 1:colcon.colcon_core.package_identification:_identify(src) by extensions ['ignore', 'ignore_ament_install']
[0.533s] Level 1:colcon.colcon_core.package_identification:_identify(src) by extension 'ignore'
[0.533s] Level 1:colcon.colcon_core.package_identification:_identify(src) by extension 'ignore_ament_install'
[0.534s] Level 1:colcon.colcon_core.package_identification:_identify(src) by extensions ['colcon_pkg']
[0.534s] Level 1:colcon.colcon_core.package_identification:_identify(src) by extension 'colcon_pkg'
[0.534s] Level 1:colcon.colcon_core.package_identification:_identify(src) by extensions ['colcon_meta']
[0.534s] Level 1:colcon.colcon_core.package_identification:_identify(src) by extension 'colcon_meta'
[0.534s] Level 1:colcon.colcon_core.package_identification:_identify(src) by extensions ['ros']
[0.535s] Level 1:colcon.colcon_core.package_identification:_identify(src) by extension 'ros'
[0.535s] Level 1:colcon.colcon_core.package_identification:_identify(src) by extensions ['cmake', 'python']
[0.536s] Level 1:colcon.colcon_core.package_identification:_identify(src) by extension 'cmake'
[0.536s] Level 1:colcon.colcon_core.package_identification:_identify(src) by extension 'python'
[0.536s] Level 1:colcon.colcon_core.package_identification:_identify(src) by extensions ['python_setup_py']
[0.536s] Level 1:colcon.colcon_core.package_identification:_identify(src) by extension 'python_setup_py'
[0.537s] Level 1:colcon.colcon_core.package_identification:_identify(src/aruco_detector_pkg) by extensions ['ignore', 'ignore_ament_install']
[0.537s] Level 1:colcon.colcon_core.package_identification:_identify(src/aruco_detector_pkg) by extension 'ignore'
[0.537s] Level 1:colcon.colcon_core.package_identification:_identify(src/aruco_detector_pkg) by extension 'ignore_ament_install'
[0.537s] Level 1:colcon.colcon_core.package_identification:_identify(src/aruco_detector_pkg) by extensions ['colcon_pkg']
[0.538s] Level 1:colcon.colcon_core.package_identification:_identify(src/aruco_detector_pkg) by extension 'colcon_pkg'
[0.538s] Level 1:colcon.colcon_core.package_identification:_identify(src/aruco_detector_pkg) by extensions ['colcon_meta']
[0.538s] Level 1:colcon.colcon_core.package_identification:_identify(src/aruco_detector_pkg) by extension 'colcon_meta'
[0.538s] Level 1:colcon.colcon_core.package_identification:_identify(src/aruco_detector_pkg) by extensions ['ros']
[0.538s] Level 1:colcon.colcon_core.package_identification:_identify(src/aruco_detector_pkg) by extension 'ros'
[0.543s] DEBUG:colcon.colcon_core.package_identification:Package 'src/aruco_detector_pkg' with type 'ros.ament_python' and name 'aruco_detector_pkg'
[0.543s] Level 1:colcon.colcon_core.package_identification:_identify(src/eurobot_cositas) by extensions ['ignore', 'ignore_ament_install']
[0.543s] Level 1:colcon.colcon_core.package_identification:_identify(src/eurobot_cositas) by extension 'ignore'
[0.543s] Level 1:colcon.colcon_core.package_identification:_identify(src/eurobot_cositas) by extension 'ignore_ament_install'
[0.544s] Level 1:colcon.colcon_core.package_identification:_identify(src/eurobot_cositas) by extensions ['colcon_pkg']
[0.544s] Level 1:colcon.colcon_core.package_identification:_identify(src/eurobot_cositas) by extension 'colcon_pkg'
[0.544s] Level 1:colcon.colcon_core.package_identification:_identify(src/eurobot_cositas) by extensions ['colcon_meta']
[0.544s] Level 1:colcon.colcon_core.package_identification:_identify(src/eurobot_cositas) by extension 'colcon_meta'
[0.544s] Level 1:colcon.colcon_core.package_identification:_identify(src/eurobot_cositas) by extensions ['ros']
[0.545s] Level 1:colcon.colcon_core.package_identification:_identify(src/eurobot_cositas) by extension 'ros'
[0.546s] DEBUG:colcon.colcon_core.package_identification:Package 'src/eurobot_cositas' with type 'ros.ament_python' and name 'eurobot_cositas'
[0.546s] Level 1:colcon.colcon_core.package_identification:_identify(world) by extensions ['ignore', 'ignore_ament_install']
[0.546s] Level 1:colcon.colcon_core.package_identification:_identify(world) by extension 'ignore'
[0.546s] Level 1:colcon.colcon_core.package_identification:_identify(world) by extension 'ignore_ament_install'
[0.546s] Level 1:colcon.colcon_core.package_identification:_identify(world) by extensions ['colcon_pkg']
[0.547s] Level 1:colcon.colcon_core.package_identification:_identify(world) by extension 'colcon_pkg'
[0.547s] Level 1:colcon.colcon_core.package_identification:_identify(world) by extensions ['colcon_meta']
[0.547s] Level 1:colcon.colcon_core.package_identification:_identify(world) by extension 'colcon_meta'
[0.547s] Level 1:colcon.colcon_core.package_identification:_identify(world) by extensions ['ros']
[0.547s] Level 1:colcon.colcon_core.package_identification:_identify(world) by extension 'ros'
[0.548s] Level 1:colcon.colcon_core.package_identification:_identify(world) by extensions ['cmake', 'python']
[0.548s] Level 1:colcon.colcon_core.package_identification:_identify(world) by extension 'cmake'
[0.548s] Level 1:colcon.colcon_core.package_identification:_identify(world) by extension 'python'
[0.548s] Level 1:colcon.colcon_core.package_identification:_identify(world) by extensions ['python_setup_py']
[0.548s] Level 1:colcon.colcon_core.package_identification:_identify(world) by extension 'python_setup_py'
[0.549s] Level 1:colcon.colcon_core.package_identification:_identify(world/models) by extensions ['ignore', 'ignore_ament_install']
[0.549s] Level 1:colcon.colcon_core.package_identification:_identify(world/models) by extension 'ignore'
[0.549s] Level 1:colcon.colcon_core.package_identification:_identify(world/models) by extension 'ignore_ament_install'
[0.549s] Level 1:colcon.colcon_core.package_identification:_identify(world/models) by extensions ['colcon_pkg']
[0.549s] Level 1:colcon.colcon_core.package_identification:_identify(world/models) by extension 'colcon_pkg'
[0.550s] Level 1:colcon.colcon_core.package_identification:_identify(world/models) by extensions ['colcon_meta']
[0.550s] Level 1:colcon.colcon_core.package_identification:_identify(world/models) by extension 'colcon_meta'
[0.550s] Level 1:colcon.colcon_core.package_identification:_identify(world/models) by extensions ['ros']
[0.550s] Level 1:colcon.colcon_core.package_identification:_identify(world/models) by extension 'ros'
[0.550s] Level 1:colcon.colcon_core.package_identification:_identify(world/models) by extensions ['cmake', 'python']
[0.551s] Level 1:colcon.colcon_core.package_identification:_identify(world/models) by extension 'cmake'
[0.551s] Level 1:colcon.colcon_core.package_identification:_identify(world/models) by extension 'python'
[0.551s] Level 1:colcon.colcon_core.package_identification:_identify(world/models) by extensions ['python_setup_py']
[0.551s] Level 1:colcon.colcon_core.package_identification:_identify(world/models) by extension 'python_setup_py'
[0.551s] Level 1:colcon.colcon_core.package_identification:_identify(world/models/eurobot_cositas) by extensions ['ignore', 'ignore_ament_install']
[0.552s] Level 1:colcon.colcon_core.package_identification:_identify(world/models/eurobot_cositas) by extension 'ignore'
[0.552s] Level 1:colcon.colcon_core.package_identification:_identify(world/models/eurobot_cositas) by extension 'ignore_ament_install'
[0.552s] Level 1:colcon.colcon_core.package_identification:_identify(world/models/eurobot_cositas) by extensions ['colcon_pkg']
[0.552s] Level 1:colcon.colcon_core.package_identification:_identify(world/models/eurobot_cositas) by extension 'colcon_pkg'
[0.552s] Level 1:colcon.colcon_core.package_identification:_identify(world/models/eurobot_cositas) by extensions ['colcon_meta']
[0.553s] Level 1:colcon.colcon_core.package_identification:_identify(world/models/eurobot_cositas) by extension 'colcon_meta'
[0.553s] Level 1:colcon.colcon_core.package_identification:_identify(world/models/eurobot_cositas) by extensions ['ros']
[0.553s] Level 1:colcon.colcon_core.package_identification:_identify(world/models/eurobot_cositas) by extension 'ros'
[0.553s] Level 1:colcon.colcon_core.package_identification:_identify(world/models/eurobot_cositas) by extensions ['cmake', 'python']
[0.553s] Level 1:colcon.colcon_core.package_identification:_identify(world/models/eurobot_cositas) by extension 'cmake'
[0.554s] Level 1:colcon.colcon_core.package_identification:_identify(world/models/eurobot_cositas) by extension 'python'
[0.554s] Level 1:colcon.colcon_core.package_identification:_identify(world/models/eurobot_cositas) by extensions ['python_setup_py']
[0.554s] Level 1:colcon.colcon_core.package_identification:_identify(world/models/eurobot_cositas) by extension 'python_setup_py'
[0.554s] Level 1:colcon.colcon_core.package_identification:_identify(world/models/marker10) by extensions ['ignore', 'ignore_ament_install']
[0.554s] Level 1:colcon.colcon_core.package_identification:_identify(world/models/marker10) by extension 'ignore'
[0.554s] Level 1:colcon.colcon_core.package_identification:_identify(world/models/marker10) by extension 'ignore_ament_install'
[0.554s] Level 1:colcon.colcon_core.package_identification:_identify(world/models/marker10) by extensions ['colcon_pkg']
[0.554s] Level 1:colcon.colcon_core.package_identification:_identify(world/models/marker10) by extension 'colcon_pkg'
[0.554s] Level 1:colcon.colcon_core.package_identification:_identify(world/models/marker10) by extensions ['colcon_meta']
[0.554s] Level 1:colcon.colcon_core.package_identification:_identify(world/models/marker10) by extension 'colcon_meta'
[0.554s] Level 1:colcon.colcon_core.package_identification:_identify(world/models/marker10) by extensions ['ros']
[0.554s] Level 1:colcon.colcon_core.package_identification:_identify(world/models/marker10) by extension 'ros'
[0.555s] Level 1:colcon.colcon_core.package_identification:_identify(world/models/marker10) by extensions ['cmake', 'python']
[0.555s] Level 1:colcon.colcon_core.package_identification:_identify(world/models/marker10) by extension 'cmake'
[0.555s] Level 1:colcon.colcon_core.package_identification:_identify(world/models/marker10) by extension 'python'
[0.555s] Level 1:colcon.colcon_core.package_identification:_identify(world/models/marker10) by extensions ['python_setup_py']
[0.555s] Level 1:colcon.colcon_core.package_identification:_identify(world/models/marker10) by extension 'python_setup_py'
[0.555s] Level 1:colcon.colcon_core.package_identification:_identify(world/models/marker10/materials) by extensions ['ignore', 'ignore_ament_install']
[0.555s] Level 1:colcon.colcon_core.package_identification:_identify(world/models/marker10/materials) by extension 'ignore'
[0.555s] Level 1:colcon.colcon_core.package_identification:_identify(world/models/marker10/materials) by extension 'ignore_ament_install'
[0.555s] Level 1:colcon.colcon_core.package_identification:_identify(world/models/marker10/materials) by extensions ['colcon_pkg']
[0.555s] Level 1:colcon.colcon_core.package_identification:_identify(world/models/marker10/materials) by extension 'colcon_pkg'
[0.555s] Level 1:colcon.colcon_core.package_identification:_identify(world/models/marker10/materials) by extensions ['colcon_meta']
[0.555s] Level 1:colcon.colcon_core.package_identification:_identify(world/models/marker10/materials) by extension 'colcon_meta'
[0.555s] Level 1:colcon.colcon_core.package_identification:_identify(world/models/marker10/materials) by extensions ['ros']
[0.555s] Level 1:colcon.colcon_core.package_identification:_identify(world/models/marker10/materials) by extension 'ros'
[0.555s] Level 1:colcon.colcon_core.package_identification:_identify(world/models/marker10/materials) by extensions ['cmake', 'python']
[0.555s] Level 1:colcon.colcon_core.package_identification:_identify(world/models/marker10/materials) by extension 'cmake'
[0.556s] Level 1:colcon.colcon_core.package_identification:_identify(world/models/marker10/materials) by extension 'python'
[0.556s] Level 1:colcon.colcon_core.package_identification:_identify(world/models/marker10/materials) by extensions ['python_setup_py']
[0.556s] Level 1:colcon.colcon_core.package_identification:_identify(world/models/marker10/materials) by extension 'python_setup_py'
[0.556s] Level 1:colcon.colcon_core.package_identification:_identify(world/models/marker10/materials/textures) by extensions ['ignore', 'ignore_ament_install']
[0.556s] Level 1:colcon.colcon_core.package_identification:_identify(world/models/marker10/materials/textures) by extension 'ignore'
[0.556s] Level 1:colcon.colcon_core.package_identification:_identify(world/models/marker10/materials/textures) by extension 'ignore_ament_install'
[0.556s] Level 1:colcon.colcon_core.package_identification:_identify(world/models/marker10/materials/textures) by extensions ['colcon_pkg']
[0.556s] Level 1:colcon.colcon_core.package_identification:_identify(world/models/marker10/materials/textures) by extension 'colcon_pkg'
[0.556s] Level 1:colcon.colcon_core.package_identification:_identify(world/models/marker10/materials/textures) by extensions ['colcon_meta']
[0.556s] Level 1:colcon.colcon_core.package_identification:_identify(world/models/marker10/materials/textures) by extension 'colcon_meta'
[0.556s] Level 1:colcon.colcon_core.package_identification:_identify(world/models/marker10/materials/textures) by extensions ['ros']
[0.556s] Level 1:colcon.colcon_core.package_identification:_identify(world/models/marker10/materials/textures) by extension 'ros'
[0.556s] Level 1:colcon.colcon_core.package_identification:_identify(world/models/marker10/materials/textures) by extensions ['cmake', 'python']
[0.556s] Level 1:colcon.colcon_core.package_identification:_identify(world/models/marker10/materials/textures) by extension 'cmake'
[0.556s] Level 1:colcon.colcon_core.package_identification:_identify(world/models/marker10/materials/textures) by extension 'python'
[0.556s] Level 1:colcon.colcon_core.package_identification:_identify(world/models/marker10/materials/textures) by extensions ['python_setup_py']
[0.556s] Level 1:colcon.colcon_core.package_identification:_identify(world/models/marker10/materials/textures) by extension 'python_setup_py'
[0.557s] Level 1:colcon.colcon_core.package_identification:_identify(world/models/marker10/meshes) by extensions ['ignore', 'ignore_ament_install']
[0.557s] Level 1:colcon.colcon_core.package_identification:_identify(world/models/marker10/meshes) by extension 'ignore'
[0.557s] Level 1:colcon.colcon_core.package_identification:_identify(world/models/marker10/meshes) by extension 'ignore_ament_install'
[0.557s] Level 1:colcon.colcon_core.package_identification:_identify(world/models/marker10/meshes) by extensions ['colcon_pkg']
[0.557s] Level 1:colcon.colcon_core.package_identification:_identify(world/models/marker10/meshes) by extension 'colcon_pkg'
[0.557s] Level 1:colcon.colcon_core.package_identification:_identify(world/models/marker10/meshes) by extensions ['colcon_meta']
[0.557s] Level 1:colcon.colcon_core.package_identification:_identify(world/models/marker10/meshes) by extension 'colcon_meta'
[0.557s] Level 1:colcon.colcon_core.package_identification:_identify(world/models/marker10/meshes) by extensions ['ros']
[0.557s] Level 1:colcon.colcon_core.package_identification:_identify(world/models/marker10/meshes) by extension 'ros'
[0.557s] Level 1:colcon.colcon_core.package_identification:_identify(world/models/marker10/meshes) by extensions ['cmake', 'python']
[0.557s] Level 1:colcon.colcon_core.package_identification:_identify(world/models/marker10/meshes) by extension 'cmake'
[0.557s] Level 1:colcon.colcon_core.package_identification:_identify(world/models/marker10/meshes) by extension 'python'
[0.557s] Level 1:colcon.colcon_core.package_identification:_identify(world/models/marker10/meshes) by extensions ['python_setup_py']
[0.557s] Level 1:colcon.colcon_core.package_identification:_identify(world/models/marker10/meshes) by extension 'python_setup_py'
[0.557s] Level 1:colcon.colcon_core.package_identification:_identify(world/models/marker2) by extensions ['ignore', 'ignore_ament_install']
[0.558s] Level 1:colcon.colcon_core.package_identification:_identify(world/models/marker2) by extension 'ignore'
[0.558s] Level 1:colcon.colcon_core.package_identification:_identify(world/models/marker2) by extension 'ignore_ament_install'
[0.558s] Level 1:colcon.colcon_core.package_identification:_identify(world/models/marker2) by extensions ['colcon_pkg']
[0.558s] Level 1:colcon.colcon_core.package_identification:_identify(world/models/marker2) by extension 'colcon_pkg'
[0.558s] Level 1:colcon.colcon_core.package_identification:_identify(world/models/marker2) by extensions ['colcon_meta']
[0.558s] Level 1:colcon.colcon_core.package_identification:_identify(world/models/marker2) by extension 'colcon_meta'
[0.558s] Level 1:colcon.colcon_core.package_identification:_identify(world/models/marker2) by extensions ['ros']
[0.558s] Level 1:colcon.colcon_core.package_identification:_identify(world/models/marker2) by extension 'ros'
[0.558s] Level 1:colcon.colcon_core.package_identification:_identify(world/models/marker2) by extensions ['cmake', 'python']
[0.558s] Level 1:colcon.colcon_core.package_identification:_identify(world/models/marker2) by extension 'cmake'
[0.558s] Level 1:colcon.colcon_core.package_identification:_identify(world/models/marker2) by extension 'python'
[0.558s] Level 1:colcon.colcon_core.package_identification:_identify(world/models/marker2) by extensions ['python_setup_py']
[0.558s] Level 1:colcon.colcon_core.package_identification:_identify(world/models/marker2) by extension 'python_setup_py'
[0.558s] Level 1:colcon.colcon_core.package_identification:_identify(world/models/marker2/materials) by extensions ['ignore', 'ignore_ament_install']
[0.559s] Level 1:colcon.colcon_core.package_identification:_identify(world/models/marker2/materials) by extension 'ignore'
[0.559s] Level 1:colcon.colcon_core.package_identification:_identify(world/models/marker2/materials) by extension 'ignore_ament_install'
[0.559s] Level 1:colcon.colcon_core.package_identification:_identify(world/models/marker2/materials) by extensions ['colcon_pkg']
[0.559s] Level 1:colcon.colcon_core.package_identification:_identify(world/models/marker2/materials) by extension 'colcon_pkg'
[0.559s] Level 1:colcon.colcon_core.package_identification:_identify(world/models/marker2/materials) by extensions ['colcon_meta']
[0.559s] Level 1:colcon.colcon_core.package_identification:_identify(world/models/marker2/materials) by extension 'colcon_meta'
[0.559s] Level 1:colcon.colcon_core.package_identification:_identify(world/models/marker2/materials) by extensions ['ros']
[0.559s] Level 1:colcon.colcon_core.package_identification:_identify(world/models/marker2/materials) by extension 'ros'
[0.559s] Level 1:colcon.colcon_core.package_identification:_identify(world/models/marker2/materials) by extensions ['cmake', 'python']
[0.559s] Level 1:colcon.colcon_core.package_identification:_identify(world/models/marker2/materials) by extension 'cmake'
[0.559s] Level 1:colcon.colcon_core.package_identification:_identify(world/models/marker2/materials) by extension 'python'
[0.559s] Level 1:colcon.colcon_core.package_identification:_identify(world/models/marker2/materials) by extensions ['python_setup_py']
[0.559s] Level 1:colcon.colcon_core.package_identification:_identify(world/models/marker2/materials) by extension 'python_setup_py'
[0.559s] Level 1:colcon.colcon_core.package_identification:_identify(world/models/marker2/materials/textures) by extensions ['ignore', 'ignore_ament_install']
[0.560s] Level 1:colcon.colcon_core.package_identification:_identify(world/models/marker2/materials/textures) by extension 'ignore'
[0.560s] Level 1:colcon.colcon_core.package_identification:_identify(world/models/marker2/materials/textures) by extension 'ignore_ament_install'
[0.560s] Level 1:colcon.colcon_core.package_identification:_identify(world/models/marker2/materials/textures) by extensions ['colcon_pkg']
[0.560s] Level 1:colcon.colcon_core.package_identification:_identify(world/models/marker2/materials/textures) by extension 'colcon_pkg'
[0.560s] Level 1:colcon.colcon_core.package_identification:_identify(world/models/marker2/materials/textures) by extensions ['colcon_meta']
[0.560s] Level 1:colcon.colcon_core.package_identification:_identify(world/models/marker2/materials/textures) by extension 'colcon_meta'
[0.560s] Level 1:colcon.colcon_core.package_identification:_identify(world/models/marker2/materials/textures) by extensions ['ros']
[0.560s] Level 1:colcon.colcon_core.package_identification:_identify(world/models/marker2/materials/textures) by extension 'ros'
[0.560s] Level 1:colcon.colcon_core.package_identification:_identify(world/models/marker2/materials/textures) by extensions ['cmake', 'python']
[0.560s] Level 1:colcon.colcon_core.package_identification:_identify(world/models/marker2/materials/textures) by extension 'cmake'
[0.560s] Level 1:colcon.colcon_core.package_identification:_identify(world/models/marker2/materials/textures) by extension 'python'
[0.560s] Level 1:colcon.colcon_core.package_identification:_identify(world/models/marker2/materials/textures) by extensions ['python_setup_py']
[0.560s] Level 1:colcon.colcon_core.package_identification:_identify(world/models/marker2/materials/textures) by extension 'python_setup_py'
[0.560s] Level 1:colcon.colcon_core.package_identification:_identify(world/models/marker2/meshes) by extensions ['ignore', 'ignore_ament_install']
[0.560s] Level 1:colcon.colcon_core.package_identification:_identify(world/models/marker2/meshes) by extension 'ignore'
[0.560s] Level 1:colcon.colcon_core.package_identification:_identify(world/models/marker2/meshes) by extension 'ignore_ament_install'
[0.561s] Level 1:colcon.colcon_core.package_identification:_identify(world/models/marker2/meshes) by extensions ['colcon_pkg']
[0.561s] Level 1:colcon.colcon_core.package_identification:_identify(world/models/marker2/meshes) by extension 'colcon_pkg'
[0.561s] Level 1:colcon.colcon_core.package_identification:_identify(world/models/marker2/meshes) by extensions ['colcon_meta']
[0.561s] Level 1:colcon.colcon_core.package_identification:_identify(world/models/marker2/meshes) by extension 'colcon_meta'
[0.561s] Level 1:colcon.colcon_core.package_identification:_identify(world/models/marker2/meshes) by extensions ['ros']
[0.561s] Level 1:colcon.colcon_core.package_identification:_identify(world/models/marker2/meshes) by extension 'ros'
[0.561s] Level 1:colcon.colcon_core.package_identification:_identify(world/models/marker2/meshes) by extensions ['cmake', 'python']
[0.561s] Level 1:colcon.colcon_core.package_identification:_identify(world/models/marker2/meshes) by extension 'cmake'
[0.561s] Level 1:colcon.colcon_core.package_identification:_identify(world/models/marker2/meshes) by extension 'python'
[0.561s] Level 1:colcon.colcon_core.package_identification:_identify(world/models/marker2/meshes) by extensions ['python_setup_py']
[0.561s] Level 1:colcon.colcon_core.package_identification:_identify(world/models/marker2/meshes) by extension 'python_setup_py'
[0.561s] Level 1:colcon.colcon_core.package_identification:_identify(world/models/marker3) by extensions ['ignore', 'ignore_ament_install']
[0.561s] Level 1:colcon.colcon_core.package_identification:_identify(world/models/marker3) by extension 'ignore'
[0.561s] Level 1:colcon.colcon_core.package_identification:_identify(world/models/marker3) by extension 'ignore_ament_install'
[0.561s] Level 1:colcon.colcon_core.package_identification:_identify(world/models/marker3) by extensions ['colcon_pkg']
[0.561s] Level 1:colcon.colcon_core.package_identification:_identify(world/models/marker3) by extension 'colcon_pkg'
[0.561s] Level 1:colcon.colcon_core.package_identification:_identify(world/models/marker3) by extensions ['colcon_meta']
[0.561s] Level 1:colcon.colcon_core.package_identification:_identify(world/models/marker3) by extension 'colcon_meta'
[0.562s] Level 1:colcon.colcon_core.package_identification:_identify(world/models/marker3) by extensions ['ros']
[0.562s] Level 1:colcon.colcon_core.package_identification:_identify(world/models/marker3) by extension 'ros'
[0.562s] Level 1:colcon.colcon_core.package_identification:_identify(world/models/marker3) by extensions ['cmake', 'python']
[0.562s] Level 1:colcon.colcon_core.package_identification:_identify(world/models/marker3) by extension 'cmake'
[0.562s] Level 1:colcon.colcon_core.package_identification:_identify(world/models/marker3) by extension 'python'
[0.562s] Level 1:colcon.colcon_core.package_identification:_identify(world/models/marker3) by extensions ['python_setup_py']
[0.562s] Level 1:colcon.colcon_core.package_identification:_identify(world/models/marker3) by extension 'python_setup_py'
[0.562s] Level 1:colcon.colcon_core.package_identification:_identify(world/models/marker3/materials) by extensions ['ignore', 'ignore_ament_install']
[0.562s] Level 1:colcon.colcon_core.package_identification:_identify(world/models/marker3/materials) by extension 'ignore'
[0.562s] Level 1:colcon.colcon_core.package_identification:_identify(world/models/marker3/materials) by extension 'ignore_ament_install'
[0.562s] Level 1:colcon.colcon_core.package_identification:_identify(world/models/marker3/materials) by extensions ['colcon_pkg']
[0.562s] Level 1:colcon.colcon_core.package_identification:_identify(world/models/marker3/materials) by extension 'colcon_pkg'
[0.562s] Level 1:colcon.colcon_core.package_identification:_identify(world/models/marker3/materials) by extensions ['colcon_meta']
[0.562s] Level 1:colcon.colcon_core.package_identification:_identify(world/models/marker3/materials) by extension 'colcon_meta'
[0.562s] Level 1:colcon.colcon_core.package_identification:_identify(world/models/marker3/materials) by extensions ['ros']
[0.562s] Level 1:colcon.colcon_core.package_identification:_identify(world/models/marker3/materials) by extension 'ros'
[0.563s] Level 1:colcon.colcon_core.package_identification:_identify(world/models/marker3/materials) by extensions ['cmake', 'python']
[0.563s] Level 1:colcon.colcon_core.package_identification:_identify(world/models/marker3/materials) by extension 'cmake'
[0.563s] Level 1:colcon.colcon_core.package_identification:_identify(world/models/marker3/materials) by extension 'python'
[0.563s] Level 1:colcon.colcon_core.package_identification:_identify(world/models/marker3/materials) by extensions ['python_setup_py']
[0.563s] Level 1:colcon.colcon_core.package_identification:_identify(world/models/marker3/materials) by extension 'python_setup_py'
[0.563s] Level 1:colcon.colcon_core.package_identification:_identify(world/models/marker3/materials/textures) by extensions ['ignore', 'ignore_ament_install']
[0.563s] Level 1:colcon.colcon_core.package_identification:_identify(world/models/marker3/materials/textures) by extension 'ignore'
[0.563s] Level 1:colcon.colcon_core.package_identification:_identify(world/models/marker3/materials/textures) by extension 'ignore_ament_install'
[0.563s] Level 1:colcon.colcon_core.package_identification:_identify(world/models/marker3/materials/textures) by extensions ['colcon_pkg']
[0.563s] Level 1:colcon.colcon_core.package_identification:_identify(world/models/marker3/materials/textures) by extension 'colcon_pkg'
[0.563s] Level 1:colcon.colcon_core.package_identification:_identify(world/models/marker3/materials/textures) by extensions ['colcon_meta']
[0.563s] Level 1:colcon.colcon_core.package_identification:_identify(world/models/marker3/materials/textures) by extension 'colcon_meta'
[0.563s] Level 1:colcon.colcon_core.package_identification:_identify(world/models/marker3/materials/textures) by extensions ['ros']
[0.563s] Level 1:colcon.colcon_core.package_identification:_identify(world/models/marker3/materials/textures) by extension 'ros'
[0.564s] Level 1:colcon.colcon_core.package_identification:_identify(world/models/marker3/materials/textures) by extensions ['cmake', 'python']
[0.564s] Level 1:colcon.colcon_core.package_identification:_identify(world/models/marker3/materials/textures) by extension 'cmake'
[0.564s] Level 1:colcon.colcon_core.package_identification:_identify(world/models/marker3/materials/textures) by extension 'python'
[0.564s] Level 1:colcon.colcon_core.package_identification:_identify(world/models/marker3/materials/textures) by extensions ['python_setup_py']
[0.564s] Level 1:colcon.colcon_core.package_identification:_identify(world/models/marker3/materials/textures) by extension 'python_setup_py'
[0.564s] Level 1:colcon.colcon_core.package_identification:_identify(world/models/marker3/meshes) by extensions ['ignore', 'ignore_ament_install']
[0.564s] Level 1:colcon.colcon_core.package_identification:_identify(world/models/marker3/meshes) by extension 'ignore'
[0.564s] Level 1:colcon.colcon_core.package_identification:_identify(world/models/marker3/meshes) by extension 'ignore_ament_install'
[0.564s] Level 1:colcon.colcon_core.package_identification:_identify(world/models/marker3/meshes) by extensions ['colcon_pkg']
[0.564s] Level 1:colcon.colcon_core.package_identification:_identify(world/models/marker3/meshes) by extension 'colcon_pkg'
[0.564s] Level 1:colcon.colcon_core.package_identification:_identify(world/models/marker3/meshes) by extensions ['colcon_meta']
[0.564s] Level 1:colcon.colcon_core.package_identification:_identify(world/models/marker3/meshes) by extension 'colcon_meta'
[0.564s] Level 1:colcon.colcon_core.package_identification:_identify(world/models/marker3/meshes) by extensions ['ros']
[0.564s] Level 1:colcon.colcon_core.package_identification:_identify(world/models/marker3/meshes) by extension 'ros'
[0.564s] Level 1:colcon.colcon_core.package_identification:_identify(world/models/marker3/meshes) by extensions ['cmake', 'python']
[0.565s] Level 1:colcon.colcon_core.package_identification:_identify(world/models/marker3/meshes) by extension 'cmake'
[0.565s] Level 1:colcon.colcon_core.package_identification:_identify(world/models/marker3/meshes) by extension 'python'
[0.565s] Level 1:colcon.colcon_core.package_identification:_identify(world/models/marker3/meshes) by extensions ['python_setup_py']
[0.565s] Level 1:colcon.colcon_core.package_identification:_identify(world/models/marker3/meshes) by extension 'python_setup_py'
[0.565s] Level 1:colcon.colcon_core.package_discovery:discover_packages(recursive) using defaults
[0.565s] Level 1:colcon.colcon_core.package_discovery:discover_packages(ignore) discover
[0.565s] Level 1:colcon.colcon_core.package_discovery:discover_packages(ignore) using defaults
[0.565s] Level 1:colcon.colcon_core.package_discovery:discover_packages(path) discover
[0.565s] Level 1:colcon.colcon_core.package_discovery:discover_packages(path) using defaults
[0.610s] Level 1:colcon.colcon_core.package_discovery:discover_packages(prefix_path) check parameters
[0.610s] Level 1:colcon.colcon_core.package_discovery:discover_packages(prefix_path) discover
[0.612s] DEBUG:colcon.colcon_installed_package_information.package_discovery:Found 2 installed packages in /home/pavlo/v7/install
[0.613s] DEBUG:colcon.colcon_installed_package_information.package_discovery:Found 1 installed packages in /home/pavlo/g06_prii3_camaradetect/install
[0.614s] DEBUG:colcon.colcon_installed_package_information.package_discovery:Found 1 installed packages in /home/pavlo/g06_prii3_ws/install
[0.616s] DEBUG:colcon.colcon_installed_package_information.package_discovery:Found 372 installed packages in /opt/ros/foxy
[0.620s] Level 1:colcon.colcon_core.package_discovery:discover_packages(prefix_path) using defaults
[0.719s] Level 5:colcon.colcon_core.verb:set package 'aruco_detector_pkg' build argument 'cmake_args' from command line to 'None'
[0.719s] Level 5:colcon.colcon_core.verb:set package 'aruco_detector_pkg' build argument 'cmake_target' from command line to 'None'
[0.719s] Level 5:colcon.colcon_core.verb:set package 'aruco_detector_pkg' build argument 'cmake_target_skip_unavailable' from command line to 'False'
[0.719s] Level 5:colcon.colcon_core.verb:set package 'aruco_detector_pkg' build argument 'cmake_clean_cache' from command line to 'False'
[0.719s] Level 5:colcon.colcon_core.verb:set package 'aruco_detector_pkg' build argument 'cmake_clean_first' from command line to 'False'
[0.719s] Level 5:colcon.colcon_core.verb:set package 'aruco_detector_pkg' build argument 'cmake_force_configure' from command line to 'False'
[0.719s] Level 5:colcon.colcon_core.verb:set package 'aruco_detector_pkg' build argument 'ament_cmake_args' from command line to 'None'
[0.719s] Level 5:colcon.colcon_core.verb:set package 'aruco_detector_pkg' build argument 'catkin_cmake_args' from command line to 'None'
[0.719s] Level 5:colcon.colcon_core.verb:set package 'aruco_detector_pkg' build argument 'catkin_skip_building_tests' from command line to 'False'
[0.719s] DEBUG:colcon.colcon_core.verb:Building package 'aruco_detector_pkg' with the following arguments: {'ament_cmake_args': None, 'build_base': '/home/pavlo/v8/g06_prii3_wsv2/build/aruco_detector_pkg', 'catkin_cmake_args': None, 'catkin_skip_building_tests': False, 'cmake_args': None, 'cmake_clean_cache': False, 'cmake_clean_first': False, 'cmake_force_configure': False, 'cmake_target': None, 'cmake_target_skip_unavailable': False, 'install_base': '/home/pavlo/v8/g06_prii3_wsv2/install/aruco_detector_pkg', 'merge_install': False, 'path': '/home/pavlo/v8/g06_prii3_wsv2/src/aruco_detector_pkg', 'symlink_install': False, 'test_result_base': None}
[0.720s] Level 5:colcon.colcon_core.verb:set package 'eurobot_cositas' build argument 'cmake_args' from command line to 'None'
[0.720s] Level 5:colcon.colcon_core.verb:set package 'eurobot_cositas' build argument 'cmake_target' from command line to 'None'
[0.720s] Level 5:colcon.colcon_core.verb:set package 'eurobot_cositas' build argument 'cmake_target_skip_unavailable' from command line to 'False'
[0.720s] Level 5:colcon.colcon_core.verb:set package 'eurobot_cositas' build argument 'cmake_clean_cache' from command line to 'False'
[0.721s] Level 5:colcon.colcon_core.verb:set package 'eurobot_cositas' build argument 'cmake_clean_first' from command line to 'False'
[0.721s] Level 5:colcon.colcon_core.verb:set package 'eurobot_cositas' build argument 'cmake_force_configure' from command line to 'False'
[0.721s] Level 5:colcon.colcon_core.verb:set package 'eurobot_cositas' build argument 'ament_cmake_args' from command line to 'None'
[0.721s] Level 5:colcon.colcon_core.verb:set package 'eurobot_cositas' build argument 'catkin_cmake_args' from command line to 'None'
[0.721s] Level 5:colcon.colcon_core.verb:set package 'eurobot_cositas' build argument 'catkin_skip_building_tests' from command line to 'False'
[0.721s] DEBUG:colcon.colcon_core.verb:Building package 'eurobot_cositas' with the following arguments: {'ament_cmake_args': None, 'build_base': '/home/pavlo/v8/g06_prii3_wsv2/build/eurobot_cositas', 'catkin_cmake_args': None, 'catkin_skip_building_tests': False, 'cmake_args': None, 'cmake_clean_cache': False, 'cmake_clean_first': False, 'cmake_force_configure': False, 'cmake_target': None, 'cmake_target_skip_unavailable': False, 'install_base': '/home/pavlo/v8/g06_prii3_wsv2/install/eurobot_cositas', 'merge_install': False, 'path': '/home/pavlo/v8/g06_prii3_wsv2/src/eurobot_cositas', 'symlink_install': False, 'test_result_base': None}
[0.722s] INFO:colcon.colcon_core.executor:Executing jobs using 'parallel' executor
[0.724s] DEBUG:colcon.colcon_parallel_executor.executor.parallel:run_until_complete
[0.724s] INFO:colcon.colcon_ros.task.ament_python.build:Building ROS package in '/home/pavlo/v8/g06_prii3_wsv2/src/aruco_detector_pkg' with build type 'ament_python'
[0.724s] Level 1:colcon.colcon_core.shell:create_environment_hook('aruco_detector_pkg', 'ament_prefix_path')
[0.726s] INFO:colcon.colcon_core.plugin_system:Skipping extension 'colcon_core.shell.bat': Not used on non-Windows systems
[0.727s] INFO:colcon.colcon_core.shell:Creating environment hook '/home/pavlo/v8/g06_prii3_wsv2/install/aruco_detector_pkg/share/aruco_detector_pkg/hook/ament_prefix_path.ps1'
[0.728s] INFO:colcon.colcon_core.shell:Creating environment descriptor '/home/pavlo/v8/g06_prii3_wsv2/install/aruco_detector_pkg/share/aruco_detector_pkg/hook/ament_prefix_path.dsv'
[0.729s] INFO:colcon.colcon_core.shell:Creating environment hook '/home/pavlo/v8/g06_prii3_wsv2/install/aruco_detector_pkg/share/aruco_detector_pkg/hook/ament_prefix_path.sh'
[0.730s] INFO:colcon.colcon_core.shell:Skip shell extension 'powershell' for command environment: Not usable outside of PowerShell
[0.730s] DEBUG:colcon.colcon_core.shell:Skip shell extension 'dsv' for command environment
[0.741s] INFO:colcon.colcon_ros.task.ament_python.build:Building ROS package in '/home/pavlo/v8/g06_prii3_wsv2/src/eurobot_cositas' with build type 'ament_python'
[0.742s] Level 1:colcon.colcon_core.shell:create_environment_hook('eurobot_cositas', 'ament_prefix_path')
[0.745s] INFO:colcon.colcon_core.shell:Creating environment hook '/home/pavlo/v8/g06_prii3_wsv2/install/eurobot_cositas/share/eurobot_cositas/hook/ament_prefix_path.ps1'
[0.748s] INFO:colcon.colcon_core.shell:Creating environment descriptor '/home/pavlo/v8/g06_prii3_wsv2/install/eurobot_cositas/share/eurobot_cositas/hook/ament_prefix_path.dsv'
[0.749s] INFO:colcon.colcon_core.shell:Creating environment hook '/home/pavlo/v8/g06_prii3_wsv2/install/eurobot_cositas/share/eurobot_cositas/hook/ament_prefix_path.sh'
[0.750s] INFO:colcon.colcon_core.shell:Skip shell extension 'powershell' for command environment: Not usable outside of PowerShell
[0.750s] DEBUG:colcon.colcon_core.shell:Skip shell extension 'dsv' for command environment
[1.137s] INFO:colcon.colcon_core.task.python.build:Building Python package in '/home/pavlo/v8/g06_prii3_wsv2/src/aruco_detector_pkg'
[1.138s] INFO:colcon.colcon_core.shell:Skip shell extension 'powershell' for command environment: Not usable outside of PowerShell
[1.138s] DEBUG:colcon.colcon_core.shell:Skip shell extension 'dsv' for command environment
[1.460s] INFO:colcon.colcon_core.task.python.build:Building Python package in '/home/pavlo/v8/g06_prii3_wsv2/src/eurobot_cositas'
[1.461s] INFO:colcon.colcon_core.shell:Skip shell extension 'powershell' for command environment: Not usable outside of PowerShell
[1.462s] DEBUG:colcon.colcon_core.shell:Skip shell extension 'dsv' for command environment
[2.034s] DEBUG:colcon.colcon_core.event_handler.log_command:Invoking command in '/home/pavlo/v8/g06_prii3_wsv2/src/aruco_detector_pkg': PYTHONPATH=/home/pavlo/v8/g06_prii3_wsv2/build/aruco_detector_pkg/prefix_override:/usr/lib/python3/dist-packages/colcon_core/task/python/colcon_distutils_commands:/home/pavlo/v8/g06_prii3_wsv2/install/aruco_detector_pkg/lib/python3.8/site-packages:${PYTHONPATH} /usr/bin/python3 -W ignore:setup.py install is deprecated -W ignore:easy_install command is deprecated setup.py egg_info --egg-base ../../build/aruco_detector_pkg build --build-base /home/pavlo/v8/g06_prii3_wsv2/build/aruco_detector_pkg/build install --record /home/pavlo/v8/g06_prii3_wsv2/build/aruco_detector_pkg/install.log --install-scripts $base/lib/aruco_detector_pkg --single-version-externally-managed install_data
[2.050s] DEBUG:colcon.colcon_core.event_handler.log_command:Invoking command in '/home/pavlo/v8/g06_prii3_wsv2/src/eurobot_cositas': PYTHONPATH=/home/pavlo/v8/g06_prii3_wsv2/build/eurobot_cositas/prefix_override:/usr/lib/python3/dist-packages/colcon_core/task/python/colcon_distutils_commands:/home/pavlo/v8/g06_prii3_wsv2/install/eurobot_cositas/lib/python3.8/site-packages:${PYTHONPATH} /usr/bin/python3 -W ignore:setup.py install is deprecated -W ignore:easy_install command is deprecated setup.py egg_info --egg-base ../../build/eurobot_cositas build --build-base /home/pavlo/v8/g06_prii3_wsv2/build/eurobot_cositas/build install --record /home/pavlo/v8/g06_prii3_wsv2/build/eurobot_cositas/install.log --install-scripts $base/lib/eurobot_cositas --single-version-externally-managed install_data
[2.495s] Level 1:colcon.colcon_core.environment:checking '/home/pavlo/v8/g06_prii3_wsv2/install/aruco_detector_pkg' for CMake module files
[2.496s] DEBUG:colcon.colcon_core.event_handler.log_command:Invoked command in '/home/pavlo/v8/g06_prii3_wsv2/src/aruco_detector_pkg' returned '0': PYTHONPATH=/home/pavlo/v8/g06_prii3_wsv2/build/aruco_detector_pkg/prefix_override:/usr/lib/python3/dist-packages/colcon_core/task/python/colcon_distutils_commands:/home/pavlo/v8/g06_prii3_wsv2/install/aruco_detector_pkg/lib/python3.8/site-packages:${PYTHONPATH} /usr/bin/python3 -W ignore:setup.py install is deprecated -W ignore:easy_install command is deprecated setup.py egg_info --egg-base ../../build/aruco_detector_pkg build --build-base /home/pavlo/v8/g06_prii3_wsv2/build/aruco_detector_pkg/build install --record /home/pavlo/v8/g06_prii3_wsv2/build/aruco_detector_pkg/install.log --install-scripts $base/lib/aruco_detector_pkg --single-version-externally-managed install_data
[2.497s] Level 1:colcon.colcon_core.environment:checking '/home/pavlo/v8/g06_prii3_wsv2/install/aruco_detector_pkg' for CMake config files
[2.498s] Level 1:colcon.colcon_core.environment:checking '/home/pavlo/v8/g06_prii3_wsv2/install/aruco_detector_pkg/lib'
[2.498s] Level 1:colcon.colcon_core.environment:checking '/home/pavlo/v8/g06_prii3_wsv2/install/aruco_detector_pkg/bin'
[2.498s] Level 1:colcon.colcon_core.environment:checking '/home/pavlo/v8/g06_prii3_wsv2/install/aruco_detector_pkg/lib/pkgconfig/aruco_detector_pkg.pc'
[2.499s] Level 1:colcon.colcon_core.environment:checking '/home/pavlo/v8/g06_prii3_wsv2/install/aruco_detector_pkg/lib/python3.8/site-packages'
[2.499s] Level 1:colcon.colcon_core.shell:create_environment_hook('aruco_detector_pkg', 'pythonpath')
[2.499s] INFO:colcon.colcon_core.shell:Creating environment hook '/home/pavlo/v8/g06_prii3_wsv2/install/aruco_detector_pkg/share/aruco_detector_pkg/hook/pythonpath.ps1'
[2.500s] INFO:colcon.colcon_core.shell:Creating environment descriptor '/home/pavlo/v8/g06_prii3_wsv2/install/aruco_detector_pkg/share/aruco_detector_pkg/hook/pythonpath.dsv'
[2.501s] INFO:colcon.colcon_core.shell:Creating environment hook '/home/pavlo/v8/g06_prii3_wsv2/install/aruco_detector_pkg/share/aruco_detector_pkg/hook/pythonpath.sh'
[2.501s] Level 1:colcon.colcon_core.environment:checking '/home/pavlo/v8/g06_prii3_wsv2/install/aruco_detector_pkg/bin'
[2.501s] Level 1:colcon.colcon_core.environment:create_environment_scripts_only(aruco_detector_pkg)
[2.502s] INFO:colcon.colcon_core.shell:Creating package script '/home/pavlo/v8/g06_prii3_wsv2/install/aruco_detector_pkg/share/aruco_detector_pkg/package.ps1'
[2.503s] INFO:colcon.colcon_core.shell:Creating package descriptor '/home/pavlo/v8/g06_prii3_wsv2/install/aruco_detector_pkg/share/aruco_detector_pkg/package.dsv'
[2.505s] INFO:colcon.colcon_core.shell:Creating package script '/home/pavlo/v8/g06_prii3_wsv2/install/aruco_detector_pkg/share/aruco_detector_pkg/package.sh'
[2.508s] INFO:colcon.colcon_core.shell:Creating package script '/home/pavlo/v8/g06_prii3_wsv2/install/aruco_detector_pkg/share/aruco_detector_pkg/package.bash'
[2.511s] INFO:colcon.colcon_core.shell:Creating package script '/home/pavlo/v8/g06_prii3_wsv2/install/aruco_detector_pkg/share/aruco_detector_pkg/package.zsh'
[2.513s] Level 1:colcon.colcon_core.environment:create_file_with_runtime_dependencies(/home/pavlo/v8/g06_prii3_wsv2/install/aruco_detector_pkg/share/colcon-core/packages/aruco_detector_pkg)
[2.516s] Level 1:colcon.colcon_core.environment:checking '/home/pavlo/v8/g06_prii3_wsv2/install/eurobot_cositas' for CMake module files
[2.517s] DEBUG:colcon.colcon_core.event_handler.log_command:Invoked command in '/home/pavlo/v8/g06_prii3_wsv2/src/eurobot_cositas' returned '0': PYTHONPATH=/home/pavlo/v8/g06_prii3_wsv2/build/eurobot_cositas/prefix_override:/usr/lib/python3/dist-packages/colcon_core/task/python/colcon_distutils_commands:/home/pavlo/v8/g06_prii3_wsv2/install/eurobot_cositas/lib/python3.8/site-packages:${PYTHONPATH} /usr/bin/python3 -W ignore:setup.py install is deprecated -W ignore:easy_install command is deprecated setup.py egg_info --egg-base ../../build/eurobot_cositas build --build-base /home/pavlo/v8/g06_prii3_wsv2/build/eurobot_cositas/build install --record /home/pavlo/v8/g06_prii3_wsv2/build/eurobot_cositas/install.log --install-scripts $base/lib/eurobot_cositas --single-version-externally-managed install_data
[2.518s] Level 1:colcon.colcon_core.environment:checking '/home/pavlo/v8/g06_prii3_wsv2/install/eurobot_cositas' for CMake config files
[2.519s] Level 1:colcon.colcon_core.environment:checking '/home/pavlo/v8/g06_prii3_wsv2/install/eurobot_cositas/lib'
[2.519s] Level 1:colcon.colcon_core.environment:checking '/home/pavlo/v8/g06_prii3_wsv2/install/eurobot_cositas/bin'
[2.519s] Level 1:colcon.colcon_core.environment:checking '/home/pavlo/v8/g06_prii3_wsv2/install/eurobot_cositas/lib/pkgconfig/eurobot_cositas.pc'
[2.520s] Level 1:colcon.colcon_core.environment:checking '/home/pavlo/v8/g06_prii3_wsv2/install/eurobot_cositas/lib/python3.8/site-packages'
[2.520s] Level 1:colcon.colcon_core.shell:create_environment_hook('eurobot_cositas', 'pythonpath')
[2.520s] INFO:colcon.colcon_core.shell:Creating environment hook '/home/pavlo/v8/g06_prii3_wsv2/install/eurobot_cositas/share/eurobot_cositas/hook/pythonpath.ps1'
[2.521s] INFO:colcon.colcon_core.shell:Creating environment descriptor '/home/pavlo/v8/g06_prii3_wsv2/install/eurobot_cositas/share/eurobot_cositas/hook/pythonpath.dsv'
[2.522s] INFO:colcon.colcon_core.shell:Creating environment hook '/home/pavlo/v8/g06_prii3_wsv2/install/eurobot_cositas/share/eurobot_cositas/hook/pythonpath.sh'
[2.523s] Level 1:colcon.colcon_core.environment:checking '/home/pavlo/v8/g06_prii3_wsv2/install/eurobot_cositas/bin'
[2.523s] Level 1:colcon.colcon_core.environment:create_environment_scripts_only(eurobot_cositas)
[2.523s] INFO:colcon.colcon_core.shell:Creating package script '/home/pavlo/v8/g06_prii3_wsv2/install/eurobot_cositas/share/eurobot_cositas/package.ps1'
[2.524s] INFO:colcon.colcon_core.shell:Creating package descriptor '/home/pavlo/v8/g06_prii3_wsv2/install/eurobot_cositas/share/eurobot_cositas/package.dsv'
[2.525s] INFO:colcon.colcon_core.shell:Creating package script '/home/pavlo/v8/g06_prii3_wsv2/install/eurobot_cositas/share/eurobot_cositas/package.sh'
[2.525s] INFO:colcon.colcon_core.shell:Creating package script '/home/pavlo/v8/g06_prii3_wsv2/install/eurobot_cositas/share/eurobot_cositas/package.bash'
[2.526s] INFO:colcon.colcon_core.shell:Creating package script '/home/pavlo/v8/g06_prii3_wsv2/install/eurobot_cositas/share/eurobot_cositas/package.zsh'
[2.526s] Level 1:colcon.colcon_core.environment:create_file_with_runtime_dependencies(/home/pavlo/v8/g06_prii3_wsv2/install/eurobot_cositas/share/colcon-core/packages/eurobot_cositas)
[2.528s] DEBUG:colcon.colcon_parallel_executor.executor.parallel:closing loop
[2.528s] DEBUG:colcon.colcon_parallel_executor.executor.parallel:loop closed
[2.528s] DEBUG:colcon.colcon_parallel_executor.executor.parallel:run_until_complete finished with '0'
[2.529s] DEBUG:colcon.colcon_core.event_reactor:joining thread
[2.535s] INFO:colcon.colcon_core.plugin_system:Skipping extension 'colcon_notification.desktop_notification.terminal_notifier': Not used on non-Darwin systems
[2.536s] INFO:colcon.colcon_core.plugin_system:Skipping extension 'colcon_notification.desktop_notification.win32': Not used on non-Windows systems
[2.536s] INFO:colcon.colcon_notification.desktop_notification:Sending desktop notification using 'notify2'
[2.577s] DEBUG:colcon.colcon_core.event_reactor:joined thread
[2.577s] INFO:colcon.colcon_core.shell:Creating prefix script '/home/pavlo/v8/g06_prii3_wsv2/install/local_setup.ps1'
[2.579s] INFO:colcon.colcon_core.shell:Creating prefix util module '/home/pavlo/v8/g06_prii3_wsv2/install/_local_setup_util_ps1.py'
[2.583s] INFO:colcon.colcon_core.shell:Creating prefix chain script '/home/pavlo/v8/g06_prii3_wsv2/install/setup.ps1'
[2.585s] INFO:colcon.colcon_core.shell:Creating prefix script '/home/pavlo/v8/g06_prii3_wsv2/install/local_setup.sh'
[2.586s] INFO:colcon.colcon_core.shell:Creating prefix util module '/home/pavlo/v8/g06_prii3_wsv2/install/_local_setup_util_sh.py'
[2.588s] INFO:colcon.colcon_core.shell:Creating prefix chain script '/home/pavlo/v8/g06_prii3_wsv2/install/setup.sh'
[2.590s] INFO:colcon.colcon_core.shell:Creating prefix script '/home/pavlo/v8/g06_prii3_wsv2/install/local_setup.bash'
[2.592s] INFO:colcon.colcon_core.shell:Creating prefix chain script '/home/pavlo/v8/g06_prii3_wsv2/install/setup.bash'
[2.594s] INFO:colcon.colcon_core.shell:Creating prefix script '/home/pavlo/v8/g06_prii3_wsv2/install/local_setup.zsh'
[2.595s] INFO:colcon.colcon_core.shell:Creating prefix chain script '/home/pavlo/v8/g06_prii3_wsv2/install/setup.zsh'
