[0.633s] Invoking command in '/home/pavlo/v10/g06_prii3_wsv2/src/eurobot_cositas': PYTHONPATH=/home/pavlo/v10/g06_prii3_wsv2/build/eurobot_cositas/prefix_override:/usr/lib/python3/dist-packages/colcon_core/task/python/colcon_distutils_commands:/home/pavlo/v10/g06_prii3_wsv2/install/eurobot_cositas/lib/python3.8/site-packages:${PYTHONPATH} /usr/bin/python3 -W ignore:setup.py install is deprecated -W ignore:easy_install command is deprecated setup.py egg_info --egg-base ../../build/eurobot_cositas build --build-base /home/pavlo/v10/g06_prii3_wsv2/build/eurobot_cositas/build install --record /home/pavlo/v10/g06_prii3_wsv2/build/eurobot_cositas/install.log --install-scripts $base/lib/eurobot_cositas --single-version-externally-managed install_data
[0.773s] running egg_info
[0.774s] writing ../../build/eurobot_cositas/eurobot_cositas.egg-info/PKG-INFO
[0.774s] writing dependency_links to ../../build/eurobot_cositas/eurobot_cositas.egg-info/dependency_links.txt
[0.775s] writing entry points to ../../build/eurobot_cositas/eurobot_cositas.egg-info/entry_points.txt
[0.775s] writing requirements to ../../build/eurobot_cositas/eurobot_cositas.egg-info/requires.txt
[0.775s] writing top-level names to ../../build/eurobot_cositas/eurobot_cositas.egg-info/top_level.txt
[0.799s] reading manifest file '../../build/eurobot_cositas/eurobot_cositas.egg-info/SOURCES.txt'
[0.800s] writing manifest file '../../build/eurobot_cositas/eurobot_cositas.egg-info/SOURCES.txt'
[0.800s] running build
[0.801s] running build_py
[0.801s] running install
[0.802s] running install_lib
[0.804s] running install_data
[0.806s] running install_egg_info
[0.807s] removing '/home/pavlo/v10/g06_prii3_wsv2/install/eurobot_cositas/lib/python3.8/site-packages/eurobot_cositas-0.0.0-py3.8.egg-info' (and everything under it)
[0.807s] Copying ../../build/eurobot_cositas/eurobot_cositas.egg-info to /home/pavlo/v10/g06_prii3_wsv2/install/eurobot_cositas/lib/python3.8/site-packages/eurobot_cositas-0.0.0-py3.8.egg-info
[0.808s] running install_scripts
[0.820s] Installing aruco_detector_cositas script to /home/pavlo/v10/g06_prii3_wsv2/install/eurobot_cositas/lib/eurobot_cositas
[0.821s] Installing subcriptor script to /home/pavlo/v10/g06_prii3_wsv2/install/eurobot_cositas/lib/eurobot_cositas
[0.821s] Installing vision_navigation script to /home/pavlo/v10/g06_prii3_wsv2/install/eurobot_cositas/lib/eurobot_cositas
[0.821s] writing list of installed files to '/home/pavlo/v10/g06_prii3_wsv2/build/eurobot_cositas/install.log'
[0.856s] Invoked command in '/home/pavlo/v10/g06_prii3_wsv2/src/eurobot_cositas' returned '0': PYTHONPATH=/home/pavlo/v10/g06_prii3_wsv2/build/eurobot_cositas/prefix_override:/usr/lib/python3/dist-packages/colcon_core/task/python/colcon_distutils_commands:/home/pavlo/v10/g06_prii3_wsv2/install/eurobot_cositas/lib/python3.8/site-packages:${PYTHONPATH} /usr/bin/python3 -W ignore:setup.py install is deprecated -W ignore:easy_install command is deprecated setup.py egg_info --egg-base ../../build/eurobot_cositas build --build-base /home/pavlo/v10/g06_prii3_wsv2/build/eurobot_cositas/build install --record /home/pavlo/v10/g06_prii3_wsv2/build/eurobot_cositas/install.log --install-scripts $base/lib/eurobot_cositas --single-version-externally-managed install_data
