/home/wormi/sprint5/camara/ASDASDA/g06_prii3_wsv2/src/eurobot_cositas/install/eurobot_cositas/lib/python3.8/site-packages/eurobot_cositas/vision_navigation.py
/home/wormi/sprint5/camara/ASDASDA/g06_prii3_wsv2/src/eurobot_cositas/install/eurobot_cositas/lib/python3.8/site-packages/eurobot_cositas/aruco_detector_cositas.py
/home/wormi/sprint5/camara/ASDASDA/g06_prii3_wsv2/src/eurobot_cositas/install/eurobot_cositas/lib/python3.8/site-packages/eurobot_cositas/aruco_detector_no_storage.py
/home/wormi/sprint5/camara/ASDASDA/g06_prii3_wsv2/src/eurobot_cositas/install/eurobot_cositas/lib/python3.8/site-packages/eurobot_cositas/diagnostico.py
/home/wormi/sprint5/camara/ASDASDA/g06_prii3_wsv2/src/eurobot_cositas/install/eurobot_cositas/lib/python3.8/site-packages/eurobot_cositas/subcriptor.py
/home/wormi/sprint5/camara/ASDASDA/g06_prii3_wsv2/src/eurobot_cositas/install/eurobot_cositas/lib/python3.8/site-packages/eurobot_cositas/__init__.py
/home/wormi/sprint5/camara/ASDASDA/g06_prii3_wsv2/src/eurobot_cositas/install/eurobot_cositas/lib/python3.8/site-packages/eurobot_cositas/__pycache__/vision_navigation.cpython-38.pyc
/home/wormi/sprint5/camara/ASDASDA/g06_prii3_wsv2/src/eurobot_cositas/install/eurobot_cositas/lib/python3.8/site-packages/eurobot_cositas/__pycache__/aruco_detector_cositas.cpython-38.pyc
/home/wormi/sprint5/camara/ASDASDA/g06_prii3_wsv2/src/eurobot_cositas/install/eurobot_cositas/lib/python3.8/site-packages/eurobot_cositas/__pycache__/aruco_detector_no_storage.cpython-38.pyc
/home/wormi/sprint5/camara/ASDASDA/g06_prii3_wsv2/src/eurobot_cositas/install/eurobot_cositas/lib/python3.8/site-packages/eurobot_cositas/__pycache__/diagnostico.cpython-38.pyc
/home/wormi/sprint5/camara/ASDASDA/g06_prii3_wsv2/src/eurobot_cositas/install/eurobot_cositas/lib/python3.8/site-packages/eurobot_cositas/__pycache__/subcriptor.cpython-38.pyc
/home/wormi/sprint5/camara/ASDASDA/g06_prii3_wsv2/src/eurobot_cositas/install/eurobot_cositas/lib/python3.8/site-packages/eurobot_cositas/__pycache__/__init__.cpython-38.pyc
/home/wormi/sprint5/camara/ASDASDA/g06_prii3_wsv2/src/eurobot_cositas/install/eurobot_cositas/share/ament_index/resource_index/packages/eurobot_cositas
/home/wormi/sprint5/camara/ASDASDA/g06_prii3_wsv2/src/eurobot_cositas/install/eurobot_cositas/share/eurobot_cositas/package.xml
/home/wormi/sprint5/camara/ASDASDA/g06_prii3_wsv2/src/eurobot_cositas/install/eurobot_cositas/share/eurobot_cositas/launch/subcriptor_launch.py
/home/wormi/sprint5/camara/ASDASDA/g06_prii3_wsv2/src/eurobot_cositas/install/eurobot_cositas/share/eurobot_cositas/launch/static_overhead_camera.launch.py
/home/wormi/sprint5/camara/ASDASDA/g06_prii3_wsv2/src/eurobot_cositas/install/eurobot_cositas/share/eurobot_cositas/launch/Move_eurobot_launch.py
/home/wormi/sprint5/camara/ASDASDA/g06_prii3_wsv2/src/eurobot_cositas/install/eurobot_cositas/share/eurobot_cositas/launch/eurobot_world_launch.py
/home/wormi/sprint5/camara/ASDASDA/g06_prii3_wsv2/src/eurobot_cositas/install/eurobot_cositas/share/eurobot_cositas/world/Tablero (copia).world
/home/wormi/sprint5/camara/ASDASDA/g06_prii3_wsv2/src/eurobot_cositas/install/eurobot_cositas/share/eurobot_cositas/world/Tablero2.world
/home/wormi/sprint5/camara/ASDASDA/g06_prii3_wsv2/src/eurobot_cositas/install/eurobot_cositas/share/eurobot_cositas/world/Tablero.world
/home/wormi/sprint5/camara/ASDASDA/g06_prii3_wsv2/src/eurobot_cositas/install/eurobot_cositas/share/eurobot_cositas/config/eurobot_view.rviz
/home/wormi/sprint5/camara/ASDASDA/g06_prii3_wsv2/src/eurobot_cositas/install/eurobot_cositas/share/eurobot_cositas/templates/template.png
/home/wormi/sprint5/camara/ASDASDA/g06_prii3_wsv2/src/eurobot_cositas/install/eurobot_cositas/lib/python3.8/site-packages/eurobot_cositas-0.0.0-py3.8.egg-info/requires.txt
/home/wormi/sprint5/camara/ASDASDA/g06_prii3_wsv2/src/eurobot_cositas/install/eurobot_cositas/lib/python3.8/site-packages/eurobot_cositas-0.0.0-py3.8.egg-info/PKG-INFO
/home/wormi/sprint5/camara/ASDASDA/g06_prii3_wsv2/src/eurobot_cositas/install/eurobot_cositas/lib/python3.8/site-packages/eurobot_cositas-0.0.0-py3.8.egg-info/entry_points.txt
/home/wormi/sprint5/camara/ASDASDA/g06_prii3_wsv2/src/eurobot_cositas/install/eurobot_cositas/lib/python3.8/site-packages/eurobot_cositas-0.0.0-py3.8.egg-info/SOURCES.txt
/home/wormi/sprint5/camara/ASDASDA/g06_prii3_wsv2/src/eurobot_cositas/install/eurobot_cositas/lib/python3.8/site-packages/eurobot_cositas-0.0.0-py3.8.egg-info/zip-safe
/home/wormi/sprint5/camara/ASDASDA/g06_prii3_wsv2/src/eurobot_cositas/install/eurobot_cositas/lib/python3.8/site-packages/eurobot_cositas-0.0.0-py3.8.egg-info/top_level.txt
/home/wormi/sprint5/camara/ASDASDA/g06_prii3_wsv2/src/eurobot_cositas/install/eurobot_cositas/lib/python3.8/site-packages/eurobot_cositas-0.0.0-py3.8.egg-info/dependency_links.txt
/home/wormi/sprint5/camara/ASDASDA/g06_prii3_wsv2/src/eurobot_cositas/install/eurobot_cositas/lib/eurobot_cositas/aruco_detector_cositas
/home/wormi/sprint5/camara/ASDASDA/g06_prii3_wsv2/src/eurobot_cositas/install/eurobot_cositas/lib/eurobot_cositas/vision_navigation
