[0.132s] DEBUG:colcon:Command line arguments: ['/usr/bin/colcon', 'build']
[0.132s] DEBUG:colcon:Parsed command line arguments: Namespace(allow_overriding=[], ament_cmake_args=None, base_paths=['.'], build_base='build', catkin_cmake_args=None, catkin_skip_building_tests=False, cmake_args=None, cmake_clean_cache=False, cmake_clean_first=False, cmake_force_configure=False, cmake_target=None, cmake_target_skip_unavailable=False, continue_on_error=False, event_handlers=None, executor='parallel', ignore_user_meta=False, install_base='install', log_base=None, log_level=None, main=<bound method BuildVerb.main of <colcon_core.verb.build.BuildVerb object at 0x7f76f82cccd0>>, merge_install=False, metas=['./colcon.meta'], mixin=None, mixin_files=None, mixin_verb=('build',), packages_above=None, packages_above_and_dependencies=None, packages_above_depth=None, packages_end=None, packages_ignore=None, packages_ignore_regex=None, packages_select=None, packages_select_build_failed=False, packages_select_by_dep=None, packages_select_regex=None, packages_select_test_failures=False, packages_skip=None, packages_skip_build_finished=False, packages_skip_by_dep=None, packages_skip_regex=None, packages_skip_test_passed=False, packages_skip_up_to=None, packages_start=None, packages_up_to=None, packages_up_to_regex=None, parallel_workers=12, paths=None, symlink_install=False, test_result_base=None, verb_extension=<colcon_core.verb.build.BuildVerb object at 0x7f76f82cccd0>, verb_name='build', verb_parser=<colcon_mixin.mixin.mixin_argument.MixinArgumentDecorator object at 0x7f76f821e6d0>)
[0.236s] Level 1:colcon.colcon_core.package_discovery:discover_packages(colcon_meta) check parameters
[0.236s] Level 1:colcon.colcon_core.package_discovery:discover_packages(recursive) check parameters
[0.236s] Level 1:colcon.colcon_core.package_discovery:discover_packages(ignore) check parameters
[0.236s] Level 1:colcon.colcon_core.package_discovery:discover_packages(path) check parameters
[0.236s] Level 1:colcon.colcon_core.package_discovery:discover_packages(colcon_meta) discover
[0.236s] Level 1:colcon.colcon_core.package_discovery:discover_packages(recursive) discover
[0.237s] INFO:colcon.colcon_core.package_discovery:Crawling recursively for packages in '/home/pavlo/v10/g06_prii3_wsv2'
[0.237s] Level 1:colcon.colcon_core.package_identification:_identify(.) by extensions ['ignore', 'ignore_ament_install']
[0.237s] Level 1:colcon.colcon_core.package_identification:_identify(.) by extension 'ignore'
[0.237s] Level 1:colcon.colcon_core.package_identification:_identify(.) by extension 'ignore_ament_install'
[0.237s] Level 1:colcon.colcon_core.package_identification:_identify(.) by extensions ['colcon_pkg']
[0.237s] Level 1:colcon.colcon_core.package_identification:_identify(.) by extension 'colcon_pkg'
[0.237s] Level 1:colcon.colcon_core.package_identification:_identify(.) by extensions ['colcon_meta']
[0.237s] Level 1:colcon.colcon_core.package_identification:_identify(.) by extension 'colcon_meta'
[0.237s] Level 1:colcon.colcon_core.package_identification:_identify(.) by extensions ['ros']
[0.237s] Level 1:colcon.colcon_core.package_identification:_identify(.) by extension 'ros'
[0.244s] Level 1:colcon.colcon_core.package_identification:_identify(.) by extensions ['cmake', 'python']
[0.244s] Level 1:colcon.colcon_core.package_identification:_identify(.) by extension 'cmake'
[0.244s] Level 1:colcon.colcon_core.package_identification:_identify(.) by extension 'python'
[0.244s] Level 1:colcon.colcon_core.package_identification:_identify(.) by extensions ['python_setup_py']
[0.244s] Level 1:colcon.colcon_core.package_identification:_identify(.) by extension 'python_setup_py'
[0.244s] Level 1:colcon.colcon_core.package_identification:_identify(build) by extensions ['ignore', 'ignore_ament_install']
[0.244s] Level 1:colcon.colcon_core.package_identification:_identify(build) by extension 'ignore'
[0.244s] Level 1:colcon.colcon_core.package_identification:_identify(build) ignored
[0.244s] Level 1:colcon.colcon_core.package_identification:_identify(install) by extensions ['ignore', 'ignore_ament_install']
[0.244s] Level 1:colcon.colcon_core.package_identification:_identify(install) by extension 'ignore'
[0.245s] Level 1:colcon.colcon_core.package_identification:_identify(install) ignored
[0.245s] Level 1:colcon.colcon_core.package_identification:_identify(log) by extensions ['ignore', 'ignore_ament_install']
[0.245s] Level 1:colcon.colcon_core.package_identification:_identify(log) by extension 'ignore'
[0.245s] Level 1:colcon.colcon_core.package_identification:_identify(log) ignored
[0.245s] Level 1:colcon.colcon_core.package_identification:_identify(src) by extensions ['ignore', 'ignore_ament_install']
[0.245s] Level 1:colcon.colcon_core.package_identification:_identify(src) by extension 'ignore'
[0.245s] Level 1:colcon.colcon_core.package_identification:_identify(src) by extension 'ignore_ament_install'
[0.245s] Level 1:colcon.colcon_core.package_identification:_identify(src) by extensions ['colcon_pkg']
[0.245s] Level 1:colcon.colcon_core.package_identification:_identify(src) by extension 'colcon_pkg'
[0.245s] Level 1:colcon.colcon_core.package_identification:_identify(src) by extensions ['colcon_meta']
[0.245s] Level 1:colcon.colcon_core.package_identification:_identify(src) by extension 'colcon_meta'
[0.245s] Level 1:colcon.colcon_core.package_identification:_identify(src) by extensions ['ros']
[0.245s] Level 1:colcon.colcon_core.package_identification:_identify(src) by extension 'ros'
[0.245s] Level 1:colcon.colcon_core.package_identification:_identify(src) by extensions ['cmake', 'python']
[0.245s] Level 1:colcon.colcon_core.package_identification:_identify(src) by extension 'cmake'
[0.245s] Level 1:colcon.colcon_core.package_identification:_identify(src) by extension 'python'
[0.245s] Level 1:colcon.colcon_core.package_identification:_identify(src) by extensions ['python_setup_py']
[0.245s] Level 1:colcon.colcon_core.package_identification:_identify(src) by extension 'python_setup_py'
[0.245s] Level 1:colcon.colcon_core.package_identification:_identify(src/aruco_detector_pkg) by extensions ['ignore', 'ignore_ament_install']
[0.245s] Level 1:colcon.colcon_core.package_identification:_identify(src/aruco_detector_pkg) by extension 'ignore'
[0.245s] Level 1:colcon.colcon_core.package_identification:_identify(src/aruco_detector_pkg) by extension 'ignore_ament_install'
[0.245s] Level 1:colcon.colcon_core.package_identification:_identify(src/aruco_detector_pkg) by extensions ['colcon_pkg']
[0.245s] Level 1:colcon.colcon_core.package_identification:_identify(src/aruco_detector_pkg) by extension 'colcon_pkg'
[0.245s] Level 1:colcon.colcon_core.package_identification:_identify(src/aruco_detector_pkg) by extensions ['colcon_meta']
[0.245s] Level 1:colcon.colcon_core.package_identification:_identify(src/aruco_detector_pkg) by extension 'colcon_meta'
[0.245s] Level 1:colcon.colcon_core.package_identification:_identify(src/aruco_detector_pkg) by extensions ['ros']
[0.245s] Level 1:colcon.colcon_core.package_identification:_identify(src/aruco_detector_pkg) by extension 'ros'
[0.247s] DEBUG:colcon.colcon_core.package_identification:Package 'src/aruco_detector_pkg' with type 'ros.ament_python' and name 'aruco_detector_pkg'
[0.247s] Level 1:colcon.colcon_core.package_identification:_identify(src/camara_god) by extensions ['ignore', 'ignore_ament_install']
[0.247s] Level 1:colcon.colcon_core.package_identification:_identify(src/camara_god) by extension 'ignore'
[0.247s] Level 1:colcon.colcon_core.package_identification:_identify(src/camara_god) by extension 'ignore_ament_install'
[0.247s] Level 1:colcon.colcon_core.package_identification:_identify(src/camara_god) by extensions ['colcon_pkg']
[0.247s] Level 1:colcon.colcon_core.package_identification:_identify(src/camara_god) by extension 'colcon_pkg'
[0.247s] Level 1:colcon.colcon_core.package_identification:_identify(src/camara_god) by extensions ['colcon_meta']
[0.247s] Level 1:colcon.colcon_core.package_identification:_identify(src/camara_god) by extension 'colcon_meta'
[0.247s] Level 1:colcon.colcon_core.package_identification:_identify(src/camara_god) by extensions ['ros']
[0.247s] Level 1:colcon.colcon_core.package_identification:_identify(src/camara_god) by extension 'ros'
[0.248s] Level 1:colcon.colcon_core.package_identification:_identify(src/camara_god) by extensions ['cmake', 'python']
[0.248s] Level 1:colcon.colcon_core.package_identification:_identify(src/camara_god) by extension 'cmake'
[0.248s] Level 1:colcon.colcon_core.package_identification:_identify(src/camara_god) by extension 'python'
[0.248s] Level 1:colcon.colcon_core.package_identification:_identify(src/camara_god) by extensions ['python_setup_py']
[0.248s] Level 1:colcon.colcon_core.package_identification:_identify(src/camara_god) by extension 'python_setup_py'
[0.248s] Level 1:colcon.colcon_core.package_identification:_identify(src/camara_god/build) by extensions ['ignore', 'ignore_ament_install']
[0.248s] Level 1:colcon.colcon_core.package_identification:_identify(src/camara_god/build) by extension 'ignore'
[0.248s] Level 1:colcon.colcon_core.package_identification:_identify(src/camara_god/build) ignored
[0.248s] Level 1:colcon.colcon_core.package_identification:_identify(src/camara_god/install) by extensions ['ignore', 'ignore_ament_install']
[0.248s] Level 1:colcon.colcon_core.package_identification:_identify(src/camara_god/install) by extension 'ignore'
[0.248s] Level 1:colcon.colcon_core.package_identification:_identify(src/camara_god/install) ignored
[0.248s] Level 1:colcon.colcon_core.package_identification:_identify(src/camara_god/log) by extensions ['ignore', 'ignore_ament_install']
[0.248s] Level 1:colcon.colcon_core.package_identification:_identify(src/camara_god/log) by extension 'ignore'
[0.248s] Level 1:colcon.colcon_core.package_identification:_identify(src/camara_god/log) ignored
[0.248s] Level 1:colcon.colcon_core.package_identification:_identify(src/camara_god/sprint5_1) by extensions ['ignore', 'ignore_ament_install']
[0.248s] Level 1:colcon.colcon_core.package_identification:_identify(src/camara_god/sprint5_1) by extension 'ignore'
[0.248s] Level 1:colcon.colcon_core.package_identification:_identify(src/camara_god/sprint5_1) by extension 'ignore_ament_install'
[0.248s] Level 1:colcon.colcon_core.package_identification:_identify(src/camara_god/sprint5_1) by extensions ['colcon_pkg']
[0.248s] Level 1:colcon.colcon_core.package_identification:_identify(src/camara_god/sprint5_1) by extension 'colcon_pkg'
[0.248s] Level 1:colcon.colcon_core.package_identification:_identify(src/camara_god/sprint5_1) by extensions ['colcon_meta']
[0.248s] Level 1:colcon.colcon_core.package_identification:_identify(src/camara_god/sprint5_1) by extension 'colcon_meta'
[0.248s] Level 1:colcon.colcon_core.package_identification:_identify(src/camara_god/sprint5_1) by extensions ['ros']
[0.248s] Level 1:colcon.colcon_core.package_identification:_identify(src/camara_god/sprint5_1) by extension 'ros'
[0.248s] Level 1:colcon.colcon_core.package_identification:_identify(src/camara_god/sprint5_1) by extensions ['cmake', 'python']
[0.248s] Level 1:colcon.colcon_core.package_identification:_identify(src/camara_god/sprint5_1) by extension 'cmake'
[0.248s] Level 1:colcon.colcon_core.package_identification:_identify(src/camara_god/sprint5_1) by extension 'python'
[0.249s] Level 1:colcon.colcon_core.package_identification:_identify(src/camara_god/sprint5_1) by extensions ['python_setup_py']
[0.249s] Level 1:colcon.colcon_core.package_identification:_identify(src/camara_god/sprint5_1) by extension 'python_setup_py'
[0.249s] Level 1:colcon.colcon_core.package_identification:_identify(src/eurobot_cositas) by extensions ['ignore', 'ignore_ament_install']
[0.249s] Level 1:colcon.colcon_core.package_identification:_identify(src/eurobot_cositas) by extension 'ignore'
[0.249s] Level 1:colcon.colcon_core.package_identification:_identify(src/eurobot_cositas) by extension 'ignore_ament_install'
[0.249s] Level 1:colcon.colcon_core.package_identification:_identify(src/eurobot_cositas) by extensions ['colcon_pkg']
[0.249s] Level 1:colcon.colcon_core.package_identification:_identify(src/eurobot_cositas) by extension 'colcon_pkg'
[0.249s] Level 1:colcon.colcon_core.package_identification:_identify(src/eurobot_cositas) by extensions ['colcon_meta']
[0.249s] Level 1:colcon.colcon_core.package_identification:_identify(src/eurobot_cositas) by extension 'colcon_meta'
[0.249s] Level 1:colcon.colcon_core.package_identification:_identify(src/eurobot_cositas) by extensions ['ros']
[0.249s] Level 1:colcon.colcon_core.package_identification:_identify(src/eurobot_cositas) by extension 'ros'
[0.249s] DEBUG:colcon.colcon_core.package_identification:Package 'src/eurobot_cositas' with type 'ros.ament_python' and name 'eurobot_cositas'
[0.249s] Level 1:colcon.colcon_core.package_identification:_identify(src/rosbag) by extensions ['ignore', 'ignore_ament_install']
[0.249s] Level 1:colcon.colcon_core.package_identification:_identify(src/rosbag) by extension 'ignore'
[0.249s] Level 1:colcon.colcon_core.package_identification:_identify(src/rosbag) by extension 'ignore_ament_install'
[0.249s] Level 1:colcon.colcon_core.package_identification:_identify(src/rosbag) by extensions ['colcon_pkg']
[0.249s] Level 1:colcon.colcon_core.package_identification:_identify(src/rosbag) by extension 'colcon_pkg'
[0.249s] Level 1:colcon.colcon_core.package_identification:_identify(src/rosbag) by extensions ['colcon_meta']
[0.249s] Level 1:colcon.colcon_core.package_identification:_identify(src/rosbag) by extension 'colcon_meta'
[0.249s] Level 1:colcon.colcon_core.package_identification:_identify(src/rosbag) by extensions ['ros']
[0.249s] Level 1:colcon.colcon_core.package_identification:_identify(src/rosbag) by extension 'ros'
[0.249s] Level 1:colcon.colcon_core.package_identification:_identify(src/rosbag) by extensions ['cmake', 'python']
[0.250s] Level 1:colcon.colcon_core.package_identification:_identify(src/rosbag) by extension 'cmake'
[0.250s] Level 1:colcon.colcon_core.package_identification:_identify(src/rosbag) by extension 'python'
[0.250s] Level 1:colcon.colcon_core.package_identification:_identify(src/rosbag) by extensions ['python_setup_py']
[0.250s] Level 1:colcon.colcon_core.package_identification:_identify(src/rosbag) by extension 'python_setup_py'
[0.250s] Level 1:colcon.colcon_core.package_identification:_identify(world) by extensions ['ignore', 'ignore_ament_install']
[0.250s] Level 1:colcon.colcon_core.package_identification:_identify(world) by extension 'ignore'
[0.250s] Level 1:colcon.colcon_core.package_identification:_identify(world) by extension 'ignore_ament_install'
[0.250s] Level 1:colcon.colcon_core.package_identification:_identify(world) by extensions ['colcon_pkg']
[0.250s] Level 1:colcon.colcon_core.package_identification:_identify(world) by extension 'colcon_pkg'
[0.250s] Level 1:colcon.colcon_core.package_identification:_identify(world) by extensions ['colcon_meta']
[0.250s] Level 1:colcon.colcon_core.package_identification:_identify(world) by extension 'colcon_meta'
[0.250s] Level 1:colcon.colcon_core.package_identification:_identify(world) by extensions ['ros']
[0.250s] Level 1:colcon.colcon_core.package_identification:_identify(world) by extension 'ros'
[0.250s] Level 1:colcon.colcon_core.package_identification:_identify(world) by extensions ['cmake', 'python']
[0.250s] Level 1:colcon.colcon_core.package_identification:_identify(world) by extension 'cmake'
[0.250s] Level 1:colcon.colcon_core.package_identification:_identify(world) by extension 'python'
[0.250s] Level 1:colcon.colcon_core.package_identification:_identify(world) by extensions ['python_setup_py']
[0.250s] Level 1:colcon.colcon_core.package_identification:_identify(world) by extension 'python_setup_py'
[0.250s] Level 1:colcon.colcon_core.package_identification:_identify(world/models) by extensions ['ignore', 'ignore_ament_install']
[0.250s] Level 1:colcon.colcon_core.package_identification:_identify(world/models) by extension 'ignore'
[0.250s] Level 1:colcon.colcon_core.package_identification:_identify(world/models) by extension 'ignore_ament_install'
[0.250s] Level 1:colcon.colcon_core.package_identification:_identify(world/models) by extensions ['colcon_pkg']
[0.250s] Level 1:colcon.colcon_core.package_identification:_identify(world/models) by extension 'colcon_pkg'
[0.250s] Level 1:colcon.colcon_core.package_identification:_identify(world/models) by extensions ['colcon_meta']
[0.250s] Level 1:colcon.colcon_core.package_identification:_identify(world/models) by extension 'colcon_meta'
[0.250s] Level 1:colcon.colcon_core.package_identification:_identify(world/models) by extensions ['ros']
[0.250s] Level 1:colcon.colcon_core.package_identification:_identify(world/models) by extension 'ros'
[0.250s] Level 1:colcon.colcon_core.package_identification:_identify(world/models) by extensions ['cmake', 'python']
[0.250s] Level 1:colcon.colcon_core.package_identification:_identify(world/models) by extension 'cmake'
[0.250s] Level 1:colcon.colcon_core.package_identification:_identify(world/models) by extension 'python'
[0.250s] Level 1:colcon.colcon_core.package_identification:_identify(world/models) by extensions ['python_setup_py']
[0.250s] Level 1:colcon.colcon_core.package_identification:_identify(world/models) by extension 'python_setup_py'
[0.250s] Level 1:colcon.colcon_core.package_identification:_identify(world/models/eurobot_cositas) by extensions ['ignore', 'ignore_ament_install']
[0.251s] Level 1:colcon.colcon_core.package_identification:_identify(world/models/eurobot_cositas) by extension 'ignore'
[0.251s] Level 1:colcon.colcon_core.package_identification:_identify(world/models/eurobot_cositas) by extension 'ignore_ament_install'
[0.251s] Level 1:colcon.colcon_core.package_identification:_identify(world/models/eurobot_cositas) by extensions ['colcon_pkg']
[0.251s] Level 1:colcon.colcon_core.package_identification:_identify(world/models/eurobot_cositas) by extension 'colcon_pkg'
[0.251s] Level 1:colcon.colcon_core.package_identification:_identify(world/models/eurobot_cositas) by extensions ['colcon_meta']
[0.251s] Level 1:colcon.colcon_core.package_identification:_identify(world/models/eurobot_cositas) by extension 'colcon_meta'
[0.251s] Level 1:colcon.colcon_core.package_identification:_identify(world/models/eurobot_cositas) by extensions ['ros']
[0.251s] Level 1:colcon.colcon_core.package_identification:_identify(world/models/eurobot_cositas) by extension 'ros'
[0.251s] Level 1:colcon.colcon_core.package_identification:_identify(world/models/eurobot_cositas) by extensions ['cmake', 'python']
[0.251s] Level 1:colcon.colcon_core.package_identification:_identify(world/models/eurobot_cositas) by extension 'cmake'
[0.251s] Level 1:colcon.colcon_core.package_identification:_identify(world/models/eurobot_cositas) by extension 'python'
[0.251s] Level 1:colcon.colcon_core.package_identification:_identify(world/models/eurobot_cositas) by extensions ['python_setup_py']
[0.251s] Level 1:colcon.colcon_core.package_identification:_identify(world/models/eurobot_cositas) by extension 'python_setup_py'
[0.251s] Level 1:colcon.colcon_core.package_identification:_identify(world/models/marker10) by extensions ['ignore', 'ignore_ament_install']
[0.251s] Level 1:colcon.colcon_core.package_identification:_identify(world/models/marker10) by extension 'ignore'
[0.251s] Level 1:colcon.colcon_core.package_identification:_identify(world/models/marker10) by extension 'ignore_ament_install'
[0.251s] Level 1:colcon.colcon_core.package_identification:_identify(world/models/marker10) by extensions ['colcon_pkg']
[0.251s] Level 1:colcon.colcon_core.package_identification:_identify(world/models/marker10) by extension 'colcon_pkg'
[0.251s] Level 1:colcon.colcon_core.package_identification:_identify(world/models/marker10) by extensions ['colcon_meta']
[0.251s] Level 1:colcon.colcon_core.package_identification:_identify(world/models/marker10) by extension 'colcon_meta'
[0.251s] Level 1:colcon.colcon_core.package_identification:_identify(world/models/marker10) by extensions ['ros']
[0.251s] Level 1:colcon.colcon_core.package_identification:_identify(world/models/marker10) by extension 'ros'
[0.251s] Level 1:colcon.colcon_core.package_identification:_identify(world/models/marker10) by extensions ['cmake', 'python']
[0.251s] Level 1:colcon.colcon_core.package_identification:_identify(world/models/marker10) by extension 'cmake'
[0.251s] Level 1:colcon.colcon_core.package_identification:_identify(world/models/marker10) by extension 'python'
[0.251s] Level 1:colcon.colcon_core.package_identification:_identify(world/models/marker10) by extensions ['python_setup_py']
[0.251s] Level 1:colcon.colcon_core.package_identification:_identify(world/models/marker10) by extension 'python_setup_py'
[0.251s] Level 1:colcon.colcon_core.package_identification:_identify(world/models/marker10/materials) by extensions ['ignore', 'ignore_ament_install']
[0.251s] Level 1:colcon.colcon_core.package_identification:_identify(world/models/marker10/materials) by extension 'ignore'
[0.251s] Level 1:colcon.colcon_core.package_identification:_identify(world/models/marker10/materials) by extension 'ignore_ament_install'
[0.251s] Level 1:colcon.colcon_core.package_identification:_identify(world/models/marker10/materials) by extensions ['colcon_pkg']
[0.251s] Level 1:colcon.colcon_core.package_identification:_identify(world/models/marker10/materials) by extension 'colcon_pkg'
[0.251s] Level 1:colcon.colcon_core.package_identification:_identify(world/models/marker10/materials) by extensions ['colcon_meta']
[0.251s] Level 1:colcon.colcon_core.package_identification:_identify(world/models/marker10/materials) by extension 'colcon_meta'
[0.251s] Level 1:colcon.colcon_core.package_identification:_identify(world/models/marker10/materials) by extensions ['ros']
[0.251s] Level 1:colcon.colcon_core.package_identification:_identify(world/models/marker10/materials) by extension 'ros'
[0.252s] Level 1:colcon.colcon_core.package_identification:_identify(world/models/marker10/materials) by extensions ['cmake', 'python']
[0.252s] Level 1:colcon.colcon_core.package_identification:_identify(world/models/marker10/materials) by extension 'cmake'
[0.252s] Level 1:colcon.colcon_core.package_identification:_identify(world/models/marker10/materials) by extension 'python'
[0.252s] Level 1:colcon.colcon_core.package_identification:_identify(world/models/marker10/materials) by extensions ['python_setup_py']
[0.252s] Level 1:colcon.colcon_core.package_identification:_identify(world/models/marker10/materials) by extension 'python_setup_py'
[0.252s] Level 1:colcon.colcon_core.package_identification:_identify(world/models/marker10/materials/textures) by extensions ['ignore', 'ignore_ament_install']
[0.252s] Level 1:colcon.colcon_core.package_identification:_identify(world/models/marker10/materials/textures) by extension 'ignore'
[0.252s] Level 1:colcon.colcon_core.package_identification:_identify(world/models/marker10/materials/textures) by extension 'ignore_ament_install'
[0.252s] Level 1:colcon.colcon_core.package_identification:_identify(world/models/marker10/materials/textures) by extensions ['colcon_pkg']
[0.252s] Level 1:colcon.colcon_core.package_identification:_identify(world/models/marker10/materials/textures) by extension 'colcon_pkg'
[0.252s] Level 1:colcon.colcon_core.package_identification:_identify(world/models/marker10/materials/textures) by extensions ['colcon_meta']
[0.252s] Level 1:colcon.colcon_core.package_identification:_identify(world/models/marker10/materials/textures) by extension 'colcon_meta'
[0.252s] Level 1:colcon.colcon_core.package_identification:_identify(world/models/marker10/materials/textures) by extensions ['ros']
[0.252s] Level 1:colcon.colcon_core.package_identification:_identify(world/models/marker10/materials/textures) by extension 'ros'
[0.252s] Level 1:colcon.colcon_core.package_identification:_identify(world/models/marker10/materials/textures) by extensions ['cmake', 'python']
[0.252s] Level 1:colcon.colcon_core.package_identification:_identify(world/models/marker10/materials/textures) by extension 'cmake'
[0.252s] Level 1:colcon.colcon_core.package_identification:_identify(world/models/marker10/materials/textures) by extension 'python'
[0.252s] Level 1:colcon.colcon_core.package_identification:_identify(world/models/marker10/materials/textures) by extensions ['python_setup_py']
[0.252s] Level 1:colcon.colcon_core.package_identification:_identify(world/models/marker10/materials/textures) by extension 'python_setup_py'
[0.252s] Level 1:colcon.colcon_core.package_identification:_identify(world/models/marker10/meshes) by extensions ['ignore', 'ignore_ament_install']
[0.252s] Level 1:colcon.colcon_core.package_identification:_identify(world/models/marker10/meshes) by extension 'ignore'
[0.252s] Level 1:colcon.colcon_core.package_identification:_identify(world/models/marker10/meshes) by extension 'ignore_ament_install'
[0.252s] Level 1:colcon.colcon_core.package_identification:_identify(world/models/marker10/meshes) by extensions ['colcon_pkg']
[0.252s] Level 1:colcon.colcon_core.package_identification:_identify(world/models/marker10/meshes) by extension 'colcon_pkg'
[0.252s] Level 1:colcon.colcon_core.package_identification:_identify(world/models/marker10/meshes) by extensions ['colcon_meta']
[0.252s] Level 1:colcon.colcon_core.package_identification:_identify(world/models/marker10/meshes) by extension 'colcon_meta'
[0.252s] Level 1:colcon.colcon_core.package_identification:_identify(world/models/marker10/meshes) by extensions ['ros']
[0.252s] Level 1:colcon.colcon_core.package_identification:_identify(world/models/marker10/meshes) by extension 'ros'
[0.252s] Level 1:colcon.colcon_core.package_identification:_identify(world/models/marker10/meshes) by extensions ['cmake', 'python']
[0.252s] Level 1:colcon.colcon_core.package_identification:_identify(world/models/marker10/meshes) by extension 'cmake'
[0.252s] Level 1:colcon.colcon_core.package_identification:_identify(world/models/marker10/meshes) by extension 'python'
[0.252s] Level 1:colcon.colcon_core.package_identification:_identify(world/models/marker10/meshes) by extensions ['python_setup_py']
[0.252s] Level 1:colcon.colcon_core.package_identification:_identify(world/models/marker10/meshes) by extension 'python_setup_py'
[0.253s] Level 1:colcon.colcon_core.package_identification:_identify(world/models/marker2) by extensions ['ignore', 'ignore_ament_install']
[0.253s] Level 1:colcon.colcon_core.package_identification:_identify(world/models/marker2) by extension 'ignore'
[0.253s] Level 1:colcon.colcon_core.package_identification:_identify(world/models/marker2) by extension 'ignore_ament_install'
[0.253s] Level 1:colcon.colcon_core.package_identification:_identify(world/models/marker2) by extensions ['colcon_pkg']
[0.253s] Level 1:colcon.colcon_core.package_identification:_identify(world/models/marker2) by extension 'colcon_pkg'
[0.253s] Level 1:colcon.colcon_core.package_identification:_identify(world/models/marker2) by extensions ['colcon_meta']
[0.253s] Level 1:colcon.colcon_core.package_identification:_identify(world/models/marker2) by extension 'colcon_meta'
[0.253s] Level 1:colcon.colcon_core.package_identification:_identify(world/models/marker2) by extensions ['ros']
[0.253s] Level 1:colcon.colcon_core.package_identification:_identify(world/models/marker2) by extension 'ros'
[0.253s] Level 1:colcon.colcon_core.package_identification:_identify(world/models/marker2) by extensions ['cmake', 'python']
[0.253s] Level 1:colcon.colcon_core.package_identification:_identify(world/models/marker2) by extension 'cmake'
[0.253s] Level 1:colcon.colcon_core.package_identification:_identify(world/models/marker2) by extension 'python'
[0.253s] Level 1:colcon.colcon_core.package_identification:_identify(world/models/marker2) by extensions ['python_setup_py']
[0.253s] Level 1:colcon.colcon_core.package_identification:_identify(world/models/marker2) by extension 'python_setup_py'
[0.253s] Level 1:colcon.colcon_core.package_identification:_identify(world/models/marker2/materials) by extensions ['ignore', 'ignore_ament_install']
[0.253s] Level 1:colcon.colcon_core.package_identification:_identify(world/models/marker2/materials) by extension 'ignore'
[0.253s] Level 1:colcon.colcon_core.package_identification:_identify(world/models/marker2/materials) by extension 'ignore_ament_install'
[0.253s] Level 1:colcon.colcon_core.package_identification:_identify(world/models/marker2/materials) by extensions ['colcon_pkg']
[0.253s] Level 1:colcon.colcon_core.package_identification:_identify(world/models/marker2/materials) by extension 'colcon_pkg'
[0.253s] Level 1:colcon.colcon_core.package_identification:_identify(world/models/marker2/materials) by extensions ['colcon_meta']
[0.253s] Level 1:colcon.colcon_core.package_identification:_identify(world/models/marker2/materials) by extension 'colcon_meta'
[0.253s] Level 1:colcon.colcon_core.package_identification:_identify(world/models/marker2/materials) by extensions ['ros']
[0.253s] Level 1:colcon.colcon_core.package_identification:_identify(world/models/marker2/materials) by extension 'ros'
[0.253s] Level 1:colcon.colcon_core.package_identification:_identify(world/models/marker2/materials) by extensions ['cmake', 'python']
[0.253s] Level 1:colcon.colcon_core.package_identification:_identify(world/models/marker2/materials) by extension 'cmake'
[0.253s] Level 1:colcon.colcon_core.package_identification:_identify(world/models/marker2/materials) by extension 'python'
[0.253s] Level 1:colcon.colcon_core.package_identification:_identify(world/models/marker2/materials) by extensions ['python_setup_py']
[0.253s] Level 1:colcon.colcon_core.package_identification:_identify(world/models/marker2/materials) by extension 'python_setup_py'
[0.253s] Level 1:colcon.colcon_core.package_identification:_identify(world/models/marker2/materials/textures) by extensions ['ignore', 'ignore_ament_install']
[0.253s] Level 1:colcon.colcon_core.package_identification:_identify(world/models/marker2/materials/textures) by extension 'ignore'
[0.253s] Level 1:colcon.colcon_core.package_identification:_identify(world/models/marker2/materials/textures) by extension 'ignore_ament_install'
[0.253s] Level 1:colcon.colcon_core.package_identification:_identify(world/models/marker2/materials/textures) by extensions ['colcon_pkg']
[0.253s] Level 1:colcon.colcon_core.package_identification:_identify(world/models/marker2/materials/textures) by extension 'colcon_pkg'
[0.253s] Level 1:colcon.colcon_core.package_identification:_identify(world/models/marker2/materials/textures) by extensions ['colcon_meta']
[0.253s] Level 1:colcon.colcon_core.package_identification:_identify(world/models/marker2/materials/textures) by extension 'colcon_meta'
[0.254s] Level 1:colcon.colcon_core.package_identification:_identify(world/models/marker2/materials/textures) by extensions ['ros']
[0.254s] Level 1:colcon.colcon_core.package_identification:_identify(world/models/marker2/materials/textures) by extension 'ros'
[0.254s] Level 1:colcon.colcon_core.package_identification:_identify(world/models/marker2/materials/textures) by extensions ['cmake', 'python']
[0.254s] Level 1:colcon.colcon_core.package_identification:_identify(world/models/marker2/materials/textures) by extension 'cmake'
[0.254s] Level 1:colcon.colcon_core.package_identification:_identify(world/models/marker2/materials/textures) by extension 'python'
[0.254s] Level 1:colcon.colcon_core.package_identification:_identify(world/models/marker2/materials/textures) by extensions ['python_setup_py']
[0.254s] Level 1:colcon.colcon_core.package_identification:_identify(world/models/marker2/materials/textures) by extension 'python_setup_py'
[0.254s] Level 1:colcon.colcon_core.package_identification:_identify(world/models/marker2/meshes) by extensions ['ignore', 'ignore_ament_install']
[0.254s] Level 1:colcon.colcon_core.package_identification:_identify(world/models/marker2/meshes) by extension 'ignore'
[0.254s] Level 1:colcon.colcon_core.package_identification:_identify(world/models/marker2/meshes) by extension 'ignore_ament_install'
[0.254s] Level 1:colcon.colcon_core.package_identification:_identify(world/models/marker2/meshes) by extensions ['colcon_pkg']
[0.254s] Level 1:colcon.colcon_core.package_identification:_identify(world/models/marker2/meshes) by extension 'colcon_pkg'
[0.254s] Level 1:colcon.colcon_core.package_identification:_identify(world/models/marker2/meshes) by extensions ['colcon_meta']
[0.254s] Level 1:colcon.colcon_core.package_identification:_identify(world/models/marker2/meshes) by extension 'colcon_meta'
[0.254s] Level 1:colcon.colcon_core.package_identification:_identify(world/models/marker2/meshes) by extensions ['ros']
[0.254s] Level 1:colcon.colcon_core.package_identification:_identify(world/models/marker2/meshes) by extension 'ros'
[0.254s] Level 1:colcon.colcon_core.package_identification:_identify(world/models/marker2/meshes) by extensions ['cmake', 'python']
[0.254s] Level 1:colcon.colcon_core.package_identification:_identify(world/models/marker2/meshes) by extension 'cmake'
[0.254s] Level 1:colcon.colcon_core.package_identification:_identify(world/models/marker2/meshes) by extension 'python'
[0.254s] Level 1:colcon.colcon_core.package_identification:_identify(world/models/marker2/meshes) by extensions ['python_setup_py']
[0.254s] Level 1:colcon.colcon_core.package_identification:_identify(world/models/marker2/meshes) by extension 'python_setup_py'
[0.254s] Level 1:colcon.colcon_core.package_identification:_identify(world/models/marker3) by extensions ['ignore', 'ignore_ament_install']
[0.254s] Level 1:colcon.colcon_core.package_identification:_identify(world/models/marker3) by extension 'ignore'
[0.254s] Level 1:colcon.colcon_core.package_identification:_identify(world/models/marker3) by extension 'ignore_ament_install'
[0.254s] Level 1:colcon.colcon_core.package_identification:_identify(world/models/marker3) by extensions ['colcon_pkg']
[0.254s] Level 1:colcon.colcon_core.package_identification:_identify(world/models/marker3) by extension 'colcon_pkg'
[0.254s] Level 1:colcon.colcon_core.package_identification:_identify(world/models/marker3) by extensions ['colcon_meta']
[0.254s] Level 1:colcon.colcon_core.package_identification:_identify(world/models/marker3) by extension 'colcon_meta'
[0.254s] Level 1:colcon.colcon_core.package_identification:_identify(world/models/marker3) by extensions ['ros']
[0.254s] Level 1:colcon.colcon_core.package_identification:_identify(world/models/marker3) by extension 'ros'
[0.254s] Level 1:colcon.colcon_core.package_identification:_identify(world/models/marker3) by extensions ['cmake', 'python']
[0.254s] Level 1:colcon.colcon_core.package_identification:_identify(world/models/marker3) by extension 'cmake'
[0.254s] Level 1:colcon.colcon_core.package_identification:_identify(world/models/marker3) by extension 'python'
[0.254s] Level 1:colcon.colcon_core.package_identification:_identify(world/models/marker3) by extensions ['python_setup_py']
[0.254s] Level 1:colcon.colcon_core.package_identification:_identify(world/models/marker3) by extension 'python_setup_py'
[0.255s] Level 1:colcon.colcon_core.package_identification:_identify(world/models/marker3/materials) by extensions ['ignore', 'ignore_ament_install']
[0.255s] Level 1:colcon.colcon_core.package_identification:_identify(world/models/marker3/materials) by extension 'ignore'
[0.255s] Level 1:colcon.colcon_core.package_identification:_identify(world/models/marker3/materials) by extension 'ignore_ament_install'
[0.255s] Level 1:colcon.colcon_core.package_identification:_identify(world/models/marker3/materials) by extensions ['colcon_pkg']
[0.255s] Level 1:colcon.colcon_core.package_identification:_identify(world/models/marker3/materials) by extension 'colcon_pkg'
[0.255s] Level 1:colcon.colcon_core.package_identification:_identify(world/models/marker3/materials) by extensions ['colcon_meta']
[0.255s] Level 1:colcon.colcon_core.package_identification:_identify(world/models/marker3/materials) by extension 'colcon_meta'
[0.255s] Level 1:colcon.colcon_core.package_identification:_identify(world/models/marker3/materials) by extensions ['ros']
[0.255s] Level 1:colcon.colcon_core.package_identification:_identify(world/models/marker3/materials) by extension 'ros'
[0.255s] Level 1:colcon.colcon_core.package_identification:_identify(world/models/marker3/materials) by extensions ['cmake', 'python']
[0.255s] Level 1:colcon.colcon_core.package_identification:_identify(world/models/marker3/materials) by extension 'cmake'
[0.255s] Level 1:colcon.colcon_core.package_identification:_identify(world/models/marker3/materials) by extension 'python'
[0.255s] Level 1:colcon.colcon_core.package_identification:_identify(world/models/marker3/materials) by extensions ['python_setup_py']
[0.255s] Level 1:colcon.colcon_core.package_identification:_identify(world/models/marker3/materials) by extension 'python_setup_py'
[0.255s] Level 1:colcon.colcon_core.package_identification:_identify(world/models/marker3/materials/textures) by extensions ['ignore', 'ignore_ament_install']
[0.255s] Level 1:colcon.colcon_core.package_identification:_identify(world/models/marker3/materials/textures) by extension 'ignore'
[0.255s] Level 1:colcon.colcon_core.package_identification:_identify(world/models/marker3/materials/textures) by extension 'ignore_ament_install'
[0.255s] Level 1:colcon.colcon_core.package_identification:_identify(world/models/marker3/materials/textures) by extensions ['colcon_pkg']
[0.255s] Level 1:colcon.colcon_core.package_identification:_identify(world/models/marker3/materials/textures) by extension 'colcon_pkg'
[0.255s] Level 1:colcon.colcon_core.package_identification:_identify(world/models/marker3/materials/textures) by extensions ['colcon_meta']
[0.255s] Level 1:colcon.colcon_core.package_identification:_identify(world/models/marker3/materials/textures) by extension 'colcon_meta'
[0.255s] Level 1:colcon.colcon_core.package_identification:_identify(world/models/marker3/materials/textures) by extensions ['ros']
[0.255s] Level 1:colcon.colcon_core.package_identification:_identify(world/models/marker3/materials/textures) by extension 'ros'
[0.255s] Level 1:colcon.colcon_core.package_identification:_identify(world/models/marker3/materials/textures) by extensions ['cmake', 'python']
[0.255s] Level 1:colcon.colcon_core.package_identification:_identify(world/models/marker3/materials/textures) by extension 'cmake'
[0.255s] Level 1:colcon.colcon_core.package_identification:_identify(world/models/marker3/materials/textures) by extension 'python'
[0.255s] Level 1:colcon.colcon_core.package_identification:_identify(world/models/marker3/materials/textures) by extensions ['python_setup_py']
[0.255s] Level 1:colcon.colcon_core.package_identification:_identify(world/models/marker3/materials/textures) by extension 'python_setup_py'
[0.255s] Level 1:colcon.colcon_core.package_identification:_identify(world/models/marker3/meshes) by extensions ['ignore', 'ignore_ament_install']
[0.255s] Level 1:colcon.colcon_core.package_identification:_identify(world/models/marker3/meshes) by extension 'ignore'
[0.255s] Level 1:colcon.colcon_core.package_identification:_identify(world/models/marker3/meshes) by extension 'ignore_ament_install'
[0.255s] Level 1:colcon.colcon_core.package_identification:_identify(world/models/marker3/meshes) by extensions ['colcon_pkg']
[0.255s] Level 1:colcon.colcon_core.package_identification:_identify(world/models/marker3/meshes) by extension 'colcon_pkg'
[0.255s] Level 1:colcon.colcon_core.package_identification:_identify(world/models/marker3/meshes) by extensions ['colcon_meta']
[0.255s] Level 1:colcon.colcon_core.package_identification:_identify(world/models/marker3/meshes) by extension 'colcon_meta'
[0.256s] Level 1:colcon.colcon_core.package_identification:_identify(world/models/marker3/meshes) by extensions ['ros']
[0.256s] Level 1:colcon.colcon_core.package_identification:_identify(world/models/marker3/meshes) by extension 'ros'
[0.256s] Level 1:colcon.colcon_core.package_identification:_identify(world/models/marker3/meshes) by extensions ['cmake', 'python']
[0.256s] Level 1:colcon.colcon_core.package_identification:_identify(world/models/marker3/meshes) by extension 'cmake'
[0.256s] Level 1:colcon.colcon_core.package_identification:_identify(world/models/marker3/meshes) by extension 'python'
[0.256s] Level 1:colcon.colcon_core.package_identification:_identify(world/models/marker3/meshes) by extensions ['python_setup_py']
[0.256s] Level 1:colcon.colcon_core.package_identification:_identify(world/models/marker3/meshes) by extension 'python_setup_py'
[0.256s] Level 1:colcon.colcon_core.package_discovery:discover_packages(recursive) using defaults
[0.256s] Level 1:colcon.colcon_core.package_discovery:discover_packages(ignore) discover
[0.256s] Level 1:colcon.colcon_core.package_discovery:discover_packages(ignore) using defaults
[0.256s] Level 1:colcon.colcon_core.package_discovery:discover_packages(path) discover
[0.256s] Level 1:colcon.colcon_core.package_discovery:discover_packages(path) using defaults
[0.274s] Level 1:colcon.colcon_core.package_discovery:discover_packages(prefix_path) check parameters
[0.274s] Level 1:colcon.colcon_core.package_discovery:discover_packages(prefix_path) discover
[0.275s] WARNING:colcon.colcon_ros.prefix_path.ament:The path '/home/pavlo/v10/g06_prii3_wsv2/install/eurobot_cositas' in the environment variable AMENT_PREFIX_PATH doesn't exist
[0.275s] WARNING:colcon.colcon_ros.prefix_path.ament:The path '/home/pavlo/v10/g06_prii3_wsv2/install/aruco_detector_pkg' in the environment variable AMENT_PREFIX_PATH doesn't exist
[0.275s] DEBUG:colcon.colcon_installed_package_information.package_discovery:Found 0 installed packages in /home/pavlo/v10/g06_prii3_wsv2/install
[0.275s] DEBUG:colcon.colcon_installed_package_information.package_discovery:Found 1 installed packages in /home/pavlo/g06_prii3_ws/install
[0.276s] DEBUG:colcon.colcon_installed_package_information.package_discovery:Found 372 installed packages in /opt/ros/foxy
[0.278s] Level 1:colcon.colcon_core.package_discovery:discover_packages(prefix_path) using defaults
[0.335s] Level 5:colcon.colcon_core.verb:set package 'aruco_detector_pkg' build argument 'cmake_args' from command line to 'None'
[0.335s] Level 5:colcon.colcon_core.verb:set package 'aruco_detector_pkg' build argument 'cmake_target' from command line to 'None'
[0.335s] Level 5:colcon.colcon_core.verb:set package 'aruco_detector_pkg' build argument 'cmake_target_skip_unavailable' from command line to 'False'
[0.335s] Level 5:colcon.colcon_core.verb:set package 'aruco_detector_pkg' build argument 'cmake_clean_cache' from command line to 'False'
[0.335s] Level 5:colcon.colcon_core.verb:set package 'aruco_detector_pkg' build argument 'cmake_clean_first' from command line to 'False'
[0.335s] Level 5:colcon.colcon_core.verb:set package 'aruco_detector_pkg' build argument 'cmake_force_configure' from command line to 'False'
[0.335s] Level 5:colcon.colcon_core.verb:set package 'aruco_detector_pkg' build argument 'ament_cmake_args' from command line to 'None'
[0.335s] Level 5:colcon.colcon_core.verb:set package 'aruco_detector_pkg' build argument 'catkin_cmake_args' from command line to 'None'
[0.335s] Level 5:colcon.colcon_core.verb:set package 'aruco_detector_pkg' build argument 'catkin_skip_building_tests' from command line to 'False'
[0.335s] DEBUG:colcon.colcon_core.verb:Building package 'aruco_detector_pkg' with the following arguments: {'ament_cmake_args': None, 'build_base': '/home/pavlo/v10/g06_prii3_wsv2/build/aruco_detector_pkg', 'catkin_cmake_args': None, 'catkin_skip_building_tests': False, 'cmake_args': None, 'cmake_clean_cache': False, 'cmake_clean_first': False, 'cmake_force_configure': False, 'cmake_target': None, 'cmake_target_skip_unavailable': False, 'install_base': '/home/pavlo/v10/g06_prii3_wsv2/install/aruco_detector_pkg', 'merge_install': False, 'path': '/home/pavlo/v10/g06_prii3_wsv2/src/aruco_detector_pkg', 'symlink_install': False, 'test_result_base': None}
[0.335s] Level 5:colcon.colcon_core.verb:set package 'eurobot_cositas' build argument 'cmake_args' from command line to 'None'
[0.335s] Level 5:colcon.colcon_core.verb:set package 'eurobot_cositas' build argument 'cmake_target' from command line to 'None'
[0.335s] Level 5:colcon.colcon_core.verb:set package 'eurobot_cositas' build argument 'cmake_target_skip_unavailable' from command line to 'False'
[0.335s] Level 5:colcon.colcon_core.verb:set package 'eurobot_cositas' build argument 'cmake_clean_cache' from command line to 'False'
[0.335s] Level 5:colcon.colcon_core.verb:set package 'eurobot_cositas' build argument 'cmake_clean_first' from command line to 'False'
[0.335s] Level 5:colcon.colcon_core.verb:set package 'eurobot_cositas' build argument 'cmake_force_configure' from command line to 'False'
[0.335s] Level 5:colcon.colcon_core.verb:set package 'eurobot_cositas' build argument 'ament_cmake_args' from command line to 'None'
[0.335s] Level 5:colcon.colcon_core.verb:set package 'eurobot_cositas' build argument 'catkin_cmake_args' from command line to 'None'
[0.335s] Level 5:colcon.colcon_core.verb:set package 'eurobot_cositas' build argument 'catkin_skip_building_tests' from command line to 'False'
[0.335s] DEBUG:colcon.colcon_core.verb:Building package 'eurobot_cositas' with the following arguments: {'ament_cmake_args': None, 'build_base': '/home/pavlo/v10/g06_prii3_wsv2/build/eurobot_cositas', 'catkin_cmake_args': None, 'catkin_skip_building_tests': False, 'cmake_args': None, 'cmake_clean_cache': False, 'cmake_clean_first': False, 'cmake_force_configure': False, 'cmake_target': None, 'cmake_target_skip_unavailable': False, 'install_base': '/home/pavlo/v10/g06_prii3_wsv2/install/eurobot_cositas', 'merge_install': False, 'path': '/home/pavlo/v10/g06_prii3_wsv2/src/eurobot_cositas', 'symlink_install': False, 'test_result_base': None}
[0.335s] INFO:colcon.colcon_core.executor:Executing jobs using 'parallel' executor
[0.336s] DEBUG:colcon.colcon_parallel_executor.executor.parallel:run_until_complete
[0.337s] INFO:colcon.colcon_ros.task.ament_python.build:Building ROS package in '/home/pavlo/v10/g06_prii3_wsv2/src/aruco_detector_pkg' with build type 'ament_python'
[0.337s] Level 1:colcon.colcon_core.shell:create_environment_hook('aruco_detector_pkg', 'ament_prefix_path')
[0.338s] INFO:colcon.colcon_core.plugin_system:Skipping extension 'colcon_core.shell.bat': Not used on non-Windows systems
[0.338s] INFO:colcon.colcon_core.shell:Creating environment hook '/home/pavlo/v10/g06_prii3_wsv2/install/aruco_detector_pkg/share/aruco_detector_pkg/hook/ament_prefix_path.ps1'
[0.338s] INFO:colcon.colcon_core.shell:Creating environment descriptor '/home/pavlo/v10/g06_prii3_wsv2/install/aruco_detector_pkg/share/aruco_detector_pkg/hook/ament_prefix_path.dsv'
[0.339s] INFO:colcon.colcon_core.shell:Creating environment hook '/home/pavlo/v10/g06_prii3_wsv2/install/aruco_detector_pkg/share/aruco_detector_pkg/hook/ament_prefix_path.sh'
[0.339s] INFO:colcon.colcon_core.shell:Skip shell extension 'powershell' for command environment: Not usable outside of PowerShell
[0.339s] DEBUG:colcon.colcon_core.shell:Skip shell extension 'dsv' for command environment
[0.343s] INFO:colcon.colcon_ros.task.ament_python.build:Building ROS package in '/home/pavlo/v10/g06_prii3_wsv2/src/eurobot_cositas' with build type 'ament_python'
[0.343s] Level 1:colcon.colcon_core.shell:create_environment_hook('eurobot_cositas', 'ament_prefix_path')
[0.343s] INFO:colcon.colcon_core.shell:Creating environment hook '/home/pavlo/v10/g06_prii3_wsv2/install/eurobot_cositas/share/eurobot_cositas/hook/ament_prefix_path.ps1'
[0.344s] INFO:colcon.colcon_core.shell:Creating environment descriptor '/home/pavlo/v10/g06_prii3_wsv2/install/eurobot_cositas/share/eurobot_cositas/hook/ament_prefix_path.dsv'
[0.344s] INFO:colcon.colcon_core.shell:Creating environment hook '/home/pavlo/v10/g06_prii3_wsv2/install/eurobot_cositas/share/eurobot_cositas/hook/ament_prefix_path.sh'
[0.344s] INFO:colcon.colcon_core.shell:Skip shell extension 'powershell' for command environment: Not usable outside of PowerShell
[0.344s] DEBUG:colcon.colcon_core.shell:Skip shell extension 'dsv' for command environment
[0.508s] INFO:colcon.colcon_core.task.python.build:Building Python package in '/home/pavlo/v10/g06_prii3_wsv2/src/aruco_detector_pkg'
[0.508s] INFO:colcon.colcon_core.shell:Skip shell extension 'powershell' for command environment: Not usable outside of PowerShell
[0.508s] DEBUG:colcon.colcon_core.shell:Skip shell extension 'dsv' for command environment
[0.655s] INFO:colcon.colcon_core.task.python.build:Building Python package in '/home/pavlo/v10/g06_prii3_wsv2/src/eurobot_cositas'
[0.656s] INFO:colcon.colcon_core.shell:Skip shell extension 'powershell' for command environment: Not usable outside of PowerShell
[0.656s] DEBUG:colcon.colcon_core.shell:Skip shell extension 'dsv' for command environment
[0.932s] DEBUG:colcon.colcon_core.event_handler.log_command:Invoking command in '/home/pavlo/v10/g06_prii3_wsv2/src/eurobot_cositas': PYTHONPATH=/home/pavlo/v10/g06_prii3_wsv2/build/eurobot_cositas/prefix_override:/usr/lib/python3/dist-packages/colcon_core/task/python/colcon_distutils_commands:/home/pavlo/v10/g06_prii3_wsv2/install/eurobot_cositas/lib/python3.8/site-packages:${PYTHONPATH} /usr/bin/python3 -W ignore:setup.py install is deprecated -W ignore:easy_install command is deprecated setup.py egg_info --egg-base ../../build/eurobot_cositas build --build-base /home/pavlo/v10/g06_prii3_wsv2/build/eurobot_cositas/build install --record /home/pavlo/v10/g06_prii3_wsv2/build/eurobot_cositas/install.log --install-scripts $base/lib/eurobot_cositas --single-version-externally-managed install_data
[0.935s] DEBUG:colcon.colcon_core.event_handler.log_command:Invoking command in '/home/pavlo/v10/g06_prii3_wsv2/src/aruco_detector_pkg': PYTHONPATH=/home/pavlo/v10/g06_prii3_wsv2/build/aruco_detector_pkg/prefix_override:/usr/lib/python3/dist-packages/colcon_core/task/python/colcon_distutils_commands:/home/pavlo/v10/g06_prii3_wsv2/install/aruco_detector_pkg/lib/python3.8/site-packages:${PYTHONPATH} /usr/bin/python3 -W ignore:setup.py install is deprecated -W ignore:easy_install command is deprecated setup.py egg_info --egg-base ../../build/aruco_detector_pkg build --build-base /home/pavlo/v10/g06_prii3_wsv2/build/aruco_detector_pkg/build install --record /home/pavlo/v10/g06_prii3_wsv2/build/aruco_detector_pkg/install.log --install-scripts $base/lib/aruco_detector_pkg --single-version-externally-managed install_data
[1.152s] DEBUG:colcon.colcon_core.event_handler.log_command:Invoked command in '/home/pavlo/v10/g06_prii3_wsv2/src/aruco_detector_pkg' returned '0': PYTHONPATH=/home/pavlo/v10/g06_prii3_wsv2/build/aruco_detector_pkg/prefix_override:/usr/lib/python3/dist-packages/colcon_core/task/python/colcon_distutils_commands:/home/pavlo/v10/g06_prii3_wsv2/install/aruco_detector_pkg/lib/python3.8/site-packages:${PYTHONPATH} /usr/bin/python3 -W ignore:setup.py install is deprecated -W ignore:easy_install command is deprecated setup.py egg_info --egg-base ../../build/aruco_detector_pkg build --build-base /home/pavlo/v10/g06_prii3_wsv2/build/aruco_detector_pkg/build install --record /home/pavlo/v10/g06_prii3_wsv2/build/aruco_detector_pkg/install.log --install-scripts $base/lib/aruco_detector_pkg --single-version-externally-managed install_data
[1.154s] Level 1:colcon.colcon_core.environment:checking '/home/pavlo/v10/g06_prii3_wsv2/install/aruco_detector_pkg' for CMake module files
[1.155s] Level 1:colcon.colcon_core.environment:checking '/home/pavlo/v10/g06_prii3_wsv2/install/aruco_detector_pkg' for CMake config files
[1.155s] Level 1:colcon.colcon_core.environment:checking '/home/pavlo/v10/g06_prii3_wsv2/install/aruco_detector_pkg/lib'
[1.155s] Level 1:colcon.colcon_core.environment:checking '/home/pavlo/v10/g06_prii3_wsv2/install/aruco_detector_pkg/bin'
[1.155s] Level 1:colcon.colcon_core.environment:checking '/home/pavlo/v10/g06_prii3_wsv2/install/aruco_detector_pkg/lib/pkgconfig/aruco_detector_pkg.pc'
[1.155s] Level 1:colcon.colcon_core.environment:checking '/home/pavlo/v10/g06_prii3_wsv2/install/aruco_detector_pkg/lib/python3.8/site-packages'
[1.155s] Level 1:colcon.colcon_core.shell:create_environment_hook('aruco_detector_pkg', 'pythonpath')
[1.156s] INFO:colcon.colcon_core.shell:Creating environment hook '/home/pavlo/v10/g06_prii3_wsv2/install/aruco_detector_pkg/share/aruco_detector_pkg/hook/pythonpath.ps1'
[1.156s] INFO:colcon.colcon_core.shell:Creating environment descriptor '/home/pavlo/v10/g06_prii3_wsv2/install/aruco_detector_pkg/share/aruco_detector_pkg/hook/pythonpath.dsv'
[1.156s] INFO:colcon.colcon_core.shell:Creating environment hook '/home/pavlo/v10/g06_prii3_wsv2/install/aruco_detector_pkg/share/aruco_detector_pkg/hook/pythonpath.sh'
[1.156s] Level 1:colcon.colcon_core.environment:checking '/home/pavlo/v10/g06_prii3_wsv2/install/aruco_detector_pkg/bin'
[1.157s] Level 1:colcon.colcon_core.environment:create_environment_scripts_only(aruco_detector_pkg)
[1.157s] INFO:colcon.colcon_core.shell:Creating package script '/home/pavlo/v10/g06_prii3_wsv2/install/aruco_detector_pkg/share/aruco_detector_pkg/package.ps1'
[1.157s] INFO:colcon.colcon_core.shell:Creating package descriptor '/home/pavlo/v10/g06_prii3_wsv2/install/aruco_detector_pkg/share/aruco_detector_pkg/package.dsv'
[1.158s] INFO:colcon.colcon_core.shell:Creating package script '/home/pavlo/v10/g06_prii3_wsv2/install/aruco_detector_pkg/share/aruco_detector_pkg/package.sh'
[1.158s] INFO:colcon.colcon_core.shell:Creating package script '/home/pavlo/v10/g06_prii3_wsv2/install/aruco_detector_pkg/share/aruco_detector_pkg/package.bash'
[1.159s] INFO:colcon.colcon_core.shell:Creating package script '/home/pavlo/v10/g06_prii3_wsv2/install/aruco_detector_pkg/share/aruco_detector_pkg/package.zsh'
[1.159s] Level 1:colcon.colcon_core.environment:create_file_with_runtime_dependencies(/home/pavlo/v10/g06_prii3_wsv2/install/aruco_detector_pkg/share/colcon-core/packages/aruco_detector_pkg)
[1.359s] Level 1:colcon.colcon_core.environment:checking '/home/pavlo/v10/g06_prii3_wsv2/install/eurobot_cositas' for CMake module files
[1.360s] DEBUG:colcon.colcon_core.event_handler.log_command:Invoked command in '/home/pavlo/v10/g06_prii3_wsv2/src/eurobot_cositas' returned '0': PYTHONPATH=/home/pavlo/v10/g06_prii3_wsv2/build/eurobot_cositas/prefix_override:/usr/lib/python3/dist-packages/colcon_core/task/python/colcon_distutils_commands:/home/pavlo/v10/g06_prii3_wsv2/install/eurobot_cositas/lib/python3.8/site-packages:${PYTHONPATH} /usr/bin/python3 -W ignore:setup.py install is deprecated -W ignore:easy_install command is deprecated setup.py egg_info --egg-base ../../build/eurobot_cositas build --build-base /home/pavlo/v10/g06_prii3_wsv2/build/eurobot_cositas/build install --record /home/pavlo/v10/g06_prii3_wsv2/build/eurobot_cositas/install.log --install-scripts $base/lib/eurobot_cositas --single-version-externally-managed install_data
[1.360s] Level 1:colcon.colcon_core.environment:checking '/home/pavlo/v10/g06_prii3_wsv2/install/eurobot_cositas' for CMake config files
[1.361s] Level 1:colcon.colcon_core.environment:checking '/home/pavlo/v10/g06_prii3_wsv2/install/eurobot_cositas/lib'
[1.361s] Level 1:colcon.colcon_core.environment:checking '/home/pavlo/v10/g06_prii3_wsv2/install/eurobot_cositas/bin'
[1.361s] Level 1:colcon.colcon_core.environment:checking '/home/pavlo/v10/g06_prii3_wsv2/install/eurobot_cositas/lib/pkgconfig/eurobot_cositas.pc'
[1.361s] Level 1:colcon.colcon_core.environment:checking '/home/pavlo/v10/g06_prii3_wsv2/install/eurobot_cositas/lib/python3.8/site-packages'
[1.361s] Level 1:colcon.colcon_core.shell:create_environment_hook('eurobot_cositas', 'pythonpath')
[1.361s] INFO:colcon.colcon_core.shell:Creating environment hook '/home/pavlo/v10/g06_prii3_wsv2/install/eurobot_cositas/share/eurobot_cositas/hook/pythonpath.ps1'
[1.362s] INFO:colcon.colcon_core.shell:Creating environment descriptor '/home/pavlo/v10/g06_prii3_wsv2/install/eurobot_cositas/share/eurobot_cositas/hook/pythonpath.dsv'
[1.362s] INFO:colcon.colcon_core.shell:Creating environment hook '/home/pavlo/v10/g06_prii3_wsv2/install/eurobot_cositas/share/eurobot_cositas/hook/pythonpath.sh'
[1.362s] Level 1:colcon.colcon_core.environment:checking '/home/pavlo/v10/g06_prii3_wsv2/install/eurobot_cositas/bin'
[1.362s] Level 1:colcon.colcon_core.environment:create_environment_scripts_only(eurobot_cositas)
[1.362s] INFO:colcon.colcon_core.shell:Creating package script '/home/pavlo/v10/g06_prii3_wsv2/install/eurobot_cositas/share/eurobot_cositas/package.ps1'
[1.363s] INFO:colcon.colcon_core.shell:Creating package descriptor '/home/pavlo/v10/g06_prii3_wsv2/install/eurobot_cositas/share/eurobot_cositas/package.dsv'
[1.363s] INFO:colcon.colcon_core.shell:Creating package script '/home/pavlo/v10/g06_prii3_wsv2/install/eurobot_cositas/share/eurobot_cositas/package.sh'
[1.363s] INFO:colcon.colcon_core.shell:Creating package script '/home/pavlo/v10/g06_prii3_wsv2/install/eurobot_cositas/share/eurobot_cositas/package.bash'
[1.363s] INFO:colcon.colcon_core.shell:Creating package script '/home/pavlo/v10/g06_prii3_wsv2/install/eurobot_cositas/share/eurobot_cositas/package.zsh'
[1.363s] Level 1:colcon.colcon_core.environment:create_file_with_runtime_dependencies(/home/pavlo/v10/g06_prii3_wsv2/install/eurobot_cositas/share/colcon-core/packages/eurobot_cositas)
[1.364s] DEBUG:colcon.colcon_parallel_executor.executor.parallel:closing loop
[1.364s] DEBUG:colcon.colcon_parallel_executor.executor.parallel:loop closed
[1.364s] DEBUG:colcon.colcon_parallel_executor.executor.parallel:run_until_complete finished with '0'
[1.364s] DEBUG:colcon.colcon_core.event_reactor:joining thread
[1.369s] INFO:colcon.colcon_core.plugin_system:Skipping extension 'colcon_notification.desktop_notification.terminal_notifier': Not used on non-Darwin systems
[1.369s] INFO:colcon.colcon_core.plugin_system:Skipping extension 'colcon_notification.desktop_notification.win32': Not used on non-Windows systems
[1.369s] INFO:colcon.colcon_notification.desktop_notification:Sending desktop notification using 'notify2'
[1.382s] DEBUG:colcon.colcon_core.event_reactor:joined thread
[1.383s] INFO:colcon.colcon_core.shell:Creating prefix script '/home/pavlo/v10/g06_prii3_wsv2/install/local_setup.ps1'
[1.384s] INFO:colcon.colcon_core.shell:Creating prefix util module '/home/pavlo/v10/g06_prii3_wsv2/install/_local_setup_util_ps1.py'
[1.385s] INFO:colcon.colcon_core.shell:Creating prefix chain script '/home/pavlo/v10/g06_prii3_wsv2/install/setup.ps1'
[1.386s] INFO:colcon.colcon_core.shell:Creating prefix script '/home/pavlo/v10/g06_prii3_wsv2/install/local_setup.sh'
[1.386s] INFO:colcon.colcon_core.shell:Creating prefix util module '/home/pavlo/v10/g06_prii3_wsv2/install/_local_setup_util_sh.py'
[1.386s] INFO:colcon.colcon_core.shell:Creating prefix chain script '/home/pavlo/v10/g06_prii3_wsv2/install/setup.sh'
[1.388s] INFO:colcon.colcon_core.shell:Creating prefix script '/home/pavlo/v10/g06_prii3_wsv2/install/local_setup.bash'
[1.388s] INFO:colcon.colcon_core.shell:Creating prefix chain script '/home/pavlo/v10/g06_prii3_wsv2/install/setup.bash'
[1.389s] INFO:colcon.colcon_core.shell:Creating prefix script '/home/pavlo/v10/g06_prii3_wsv2/install/local_setup.zsh'
[1.390s] INFO:colcon.colcon_core.shell:Creating prefix chain script '/home/pavlo/v10/g06_prii3_wsv2/install/setup.zsh'
