running egg_info
writing ../../build/eurobot_cositas/eurobot_cositas.egg-info/PKG-INFO
writing dependency_links to ../../build/eurobot_cositas/eurobot_cositas.egg-info/dependency_links.txt
writing entry points to ../../build/eurobot_cositas/eurobot_cositas.egg-info/entry_points.txt
writing requirements to ../../build/eurobot_cositas/eurobot_cositas.egg-info/requires.txt
writing top-level names to ../../build/eurobot_cositas/eurobot_cositas.egg-info/top_level.txt
reading manifest file '../../build/eurobot_cositas/eurobot_cositas.egg-info/SOURCES.txt'
writing manifest file '../../build/eurobot_cositas/eurobot_cositas.egg-info/SOURCES.txt'
running build
running build_py
copying eurobot_cositas/vision_navigation.py -> /home/wormi/sprint4/v6/g06_prii3_wsv2/build/eurobot_cositas/build/lib/eurobot_cositas
running install
running install_lib
copying /home/wormi/sprint4/v6/g06_prii3_wsv2/build/eurobot_cositas/build/lib/eurobot_cositas/vision_navigation.py -> /home/wormi/sprint4/v6/g06_prii3_wsv2/install/eurobot_cositas/lib/python3.8/site-packages/eurobot_cositas
byte-compiling /home/wormi/sprint4/v6/g06_prii3_wsv2/install/eurobot_cositas/lib/python3.8/site-packages/eurobot_cositas/vision_navigation.py to vision_navigation.cpython-38.pyc
running install_data
running install_egg_info
removing '/home/wormi/sprint4/v6/g06_prii3_wsv2/install/eurobot_cositas/lib/python3.8/site-packages/eurobot_cositas-0.0.0-py3.8.egg-info' (and everything under it)
Copying ../../build/eurobot_cositas/eurobot_cositas.egg-info to /home/wormi/sprint4/v6/g06_prii3_wsv2/install/eurobot_cositas/lib/python3.8/site-packages/eurobot_cositas-0.0.0-py3.8.egg-info
running install_scripts
Installing aruco_detector_cositas.py script to /home/wormi/sprint4/v6/g06_prii3_wsv2/install/eurobot_cositas/lib/eurobot_cositas
Installing vision_navigation.py script to /home/wormi/sprint4/v6/g06_prii3_wsv2/install/eurobot_cositas/lib/eurobot_cositas
writing list of installed files to '/home/wormi/sprint4/v6/g06_prii3_wsv2/build/eurobot_cositas/install.log'
