running egg_info
creating ../../build/aruco_detector_pkg/aruco_detector_pkg.egg-info
writing ../../build/aruco_detector_pkg/aruco_detector_pkg.egg-info/PKG-INFO
writing dependency_links to ../../build/aruco_detector_pkg/aruco_detector_pkg.egg-info/dependency_links.txt
writing entry points to ../../build/aruco_detector_pkg/aruco_detector_pkg.egg-info/entry_points.txt
writing requirements to ../../build/aruco_detector_pkg/aruco_detector_pkg.egg-info/requires.txt
writing top-level names to ../../build/aruco_detector_pkg/aruco_detector_pkg.egg-info/top_level.txt
writing manifest file '../../build/aruco_detector_pkg/aruco_detector_pkg.egg-info/SOURCES.txt'
reading manifest file '../../build/aruco_detector_pkg/aruco_detector_pkg.egg-info/SOURCES.txt'
writing manifest file '../../build/aruco_detector_pkg/aruco_detector_pkg.egg-info/SOURCES.txt'
running build
running build_py
creating /home/wormi/sprint4/v6/g06_prii3_wsv2/build/aruco_detector_pkg/build
creating /home/wormi/sprint4/v6/g06_prii3_wsv2/build/aruco_detector_pkg/build/lib
creating /home/wormi/sprint4/v6/g06_prii3_wsv2/build/aruco_detector_pkg/build/lib/aruco_detector_pkg
copying aruco_detector_pkg/aruco_robot_detector.py -> /home/wormi/sprint4/v6/g06_prii3_wsv2/build/aruco_detector_pkg/build/lib/aruco_detector_pkg
copying aruco_detector_pkg/aruco_detector.py -> /home/wormi/sprint4/v6/g06_prii3_wsv2/build/aruco_detector_pkg/build/lib/aruco_detector_pkg
copying aruco_detector_pkg/__init__.py -> /home/wormi/sprint4/v6/g06_prii3_wsv2/build/aruco_detector_pkg/build/lib/aruco_detector_pkg
running install
running install_lib
creating /home/wormi/sprint4/v6/g06_prii3_wsv2/install/aruco_detector_pkg/lib/python3.8/site-packages/aruco_detector_pkg
copying /home/wormi/sprint4/v6/g06_prii3_wsv2/build/aruco_detector_pkg/build/lib/aruco_detector_pkg/aruco_robot_detector.py -> /home/wormi/sprint4/v6/g06_prii3_wsv2/install/aruco_detector_pkg/lib/python3.8/site-packages/aruco_detector_pkg
copying /home/wormi/sprint4/v6/g06_prii3_wsv2/build/aruco_detector_pkg/build/lib/aruco_detector_pkg/aruco_detector.py -> /home/wormi/sprint4/v6/g06_prii3_wsv2/install/aruco_detector_pkg/lib/python3.8/site-packages/aruco_detector_pkg
copying /home/wormi/sprint4/v6/g06_prii3_wsv2/build/aruco_detector_pkg/build/lib/aruco_detector_pkg/__init__.py -> /home/wormi/sprint4/v6/g06_prii3_wsv2/install/aruco_detector_pkg/lib/python3.8/site-packages/aruco_detector_pkg
byte-compiling /home/wormi/sprint4/v6/g06_prii3_wsv2/install/aruco_detector_pkg/lib/python3.8/site-packages/aruco_detector_pkg/aruco_robot_detector.py to aruco_robot_detector.cpython-38.pyc
byte-compiling /home/wormi/sprint4/v6/g06_prii3_wsv2/install/aruco_detector_pkg/lib/python3.8/site-packages/aruco_detector_pkg/aruco_detector.py to aruco_detector.cpython-38.pyc
byte-compiling /home/wormi/sprint4/v6/g06_prii3_wsv2/install/aruco_detector_pkg/lib/python3.8/site-packages/aruco_detector_pkg/__init__.py to __init__.cpython-38.pyc
running install_data
creating /home/wormi/sprint4/v6/g06_prii3_wsv2/install/aruco_detector_pkg/share/ament_index
creating /home/wormi/sprint4/v6/g06_prii3_wsv2/install/aruco_detector_pkg/share/ament_index/resource_index
creating /home/wormi/sprint4/v6/g06_prii3_wsv2/install/aruco_detector_pkg/share/ament_index/resource_index/packages
copying resource/aruco_detector_pkg -> /home/wormi/sprint4/v6/g06_prii3_wsv2/install/aruco_detector_pkg/share/ament_index/resource_index/packages
copying package.xml -> /home/wormi/sprint4/v6/g06_prii3_wsv2/install/aruco_detector_pkg/share/aruco_detector_pkg
creating /home/wormi/sprint4/v6/g06_prii3_wsv2/install/aruco_detector_pkg/share/aruco_detector_pkg/launch
copying launch/static_robot_aruco_tf.launch.py -> /home/wormi/sprint4/v6/g06_prii3_wsv2/install/aruco_detector_pkg/share/aruco_detector_pkg/launch
running install_egg_info
Copying ../../build/aruco_detector_pkg/aruco_detector_pkg.egg-info to /home/wormi/sprint4/v6/g06_prii3_wsv2/install/aruco_detector_pkg/lib/python3.8/site-packages/aruco_detector_pkg-0.0.0-py3.8.egg-info
running install_scripts
Installing aruco_detector script to /home/wormi/sprint4/v6/g06_prii3_wsv2/install/aruco_detector_pkg/lib/aruco_detector_pkg
Installing aruco_robot_detector script to /home/wormi/sprint4/v6/g06_prii3_wsv2/install/aruco_detector_pkg/lib/aruco_detector_pkg
writing list of installed files to '/home/wormi/sprint4/v6/g06_prii3_wsv2/build/aruco_detector_pkg/install.log'
