[1.135s] Invoking command in '/home/wormi/sprint4/v6/g06_prii3_wsv2/src/aruco_detector_pkg': PYTHONPATH=/home/wormi/sprint4/v6/g06_prii3_wsv2/build/aruco_detector_pkg/prefix_override:/usr/lib/python3/dist-packages/colcon_core/task/python/colcon_distutils_commands:/home/wormi/sprint4/v6/g06_prii3_wsv2/install/aruco_detector_pkg/lib/python3.8/site-packages:${PYTHONPATH} /usr/bin/python3 -W ignore:setup.py install is deprecated -W ignore:easy_install command is deprecated setup.py egg_info --egg-base ../../build/aruco_detector_pkg build --build-base /home/wormi/sprint4/v6/g06_prii3_wsv2/build/aruco_detector_pkg/build install --record /home/wormi/sprint4/v6/g06_prii3_wsv2/build/aruco_detector_pkg/install.log --install-scripts $base/lib/aruco_detector_pkg --single-version-externally-managed install_data
[1.407s] running egg_info
[1.408s] creating ../../build/aruco_detector_pkg/aruco_detector_pkg.egg-info
[1.408s] writing ../../build/aruco_detector_pkg/aruco_detector_pkg.egg-info/PKG-INFO
[1.408s] writing dependency_links to ../../build/aruco_detector_pkg/aruco_detector_pkg.egg-info/dependency_links.txt
[1.409s] writing entry points to ../../build/aruco_detector_pkg/aruco_detector_pkg.egg-info/entry_points.txt
[1.409s] writing requirements to ../../build/aruco_detector_pkg/aruco_detector_pkg.egg-info/requires.txt
[1.409s] writing top-level names to ../../build/aruco_detector_pkg/aruco_detector_pkg.egg-info/top_level.txt
[1.410s] writing manifest file '../../build/aruco_detector_pkg/aruco_detector_pkg.egg-info/SOURCES.txt'
[1.449s] reading manifest file '../../build/aruco_detector_pkg/aruco_detector_pkg.egg-info/SOURCES.txt'
[1.450s] writing manifest file '../../build/aruco_detector_pkg/aruco_detector_pkg.egg-info/SOURCES.txt'
[1.450s] running build
[1.450s] running build_py
[1.451s] creating /home/wormi/sprint4/v6/g06_prii3_wsv2/build/aruco_detector_pkg/build
[1.451s] creating /home/wormi/sprint4/v6/g06_prii3_wsv2/build/aruco_detector_pkg/build/lib
[1.451s] creating /home/wormi/sprint4/v6/g06_prii3_wsv2/build/aruco_detector_pkg/build/lib/aruco_detector_pkg
[1.451s] copying aruco_detector_pkg/aruco_robot_detector.py -> /home/wormi/sprint4/v6/g06_prii3_wsv2/build/aruco_detector_pkg/build/lib/aruco_detector_pkg
[1.451s] copying aruco_detector_pkg/aruco_detector.py -> /home/wormi/sprint4/v6/g06_prii3_wsv2/build/aruco_detector_pkg/build/lib/aruco_detector_pkg
[1.451s] copying aruco_detector_pkg/__init__.py -> /home/wormi/sprint4/v6/g06_prii3_wsv2/build/aruco_detector_pkg/build/lib/aruco_detector_pkg
[1.451s] running install
[1.452s] running install_lib
[1.453s] creating /home/wormi/sprint4/v6/g06_prii3_wsv2/install/aruco_detector_pkg/lib/python3.8/site-packages/aruco_detector_pkg
[1.453s] copying /home/wormi/sprint4/v6/g06_prii3_wsv2/build/aruco_detector_pkg/build/lib/aruco_detector_pkg/aruco_robot_detector.py -> /home/wormi/sprint4/v6/g06_prii3_wsv2/install/aruco_detector_pkg/lib/python3.8/site-packages/aruco_detector_pkg
[1.453s] copying /home/wormi/sprint4/v6/g06_prii3_wsv2/build/aruco_detector_pkg/build/lib/aruco_detector_pkg/aruco_detector.py -> /home/wormi/sprint4/v6/g06_prii3_wsv2/install/aruco_detector_pkg/lib/python3.8/site-packages/aruco_detector_pkg
[1.453s] copying /home/wormi/sprint4/v6/g06_prii3_wsv2/build/aruco_detector_pkg/build/lib/aruco_detector_pkg/__init__.py -> /home/wormi/sprint4/v6/g06_prii3_wsv2/install/aruco_detector_pkg/lib/python3.8/site-packages/aruco_detector_pkg
[1.454s] byte-compiling /home/wormi/sprint4/v6/g06_prii3_wsv2/install/aruco_detector_pkg/lib/python3.8/site-packages/aruco_detector_pkg/aruco_robot_detector.py to aruco_robot_detector.cpython-38.pyc
[1.456s] byte-compiling /home/wormi/sprint4/v6/g06_prii3_wsv2/install/aruco_detector_pkg/lib/python3.8/site-packages/aruco_detector_pkg/aruco_detector.py to aruco_detector.cpython-38.pyc
[1.458s] byte-compiling /home/wormi/sprint4/v6/g06_prii3_wsv2/install/aruco_detector_pkg/lib/python3.8/site-packages/aruco_detector_pkg/__init__.py to __init__.cpython-38.pyc
[1.458s] running install_data
[1.458s] creating /home/wormi/sprint4/v6/g06_prii3_wsv2/install/aruco_detector_pkg/share/ament_index
[1.458s] creating /home/wormi/sprint4/v6/g06_prii3_wsv2/install/aruco_detector_pkg/share/ament_index/resource_index
[1.458s] creating /home/wormi/sprint4/v6/g06_prii3_wsv2/install/aruco_detector_pkg/share/ament_index/resource_index/packages
[1.458s] copying resource/aruco_detector_pkg -> /home/wormi/sprint4/v6/g06_prii3_wsv2/install/aruco_detector_pkg/share/ament_index/resource_index/packages
[1.458s] copying package.xml -> /home/wormi/sprint4/v6/g06_prii3_wsv2/install/aruco_detector_pkg/share/aruco_detector_pkg
[1.458s] creating /home/wormi/sprint4/v6/g06_prii3_wsv2/install/aruco_detector_pkg/share/aruco_detector_pkg/launch
[1.458s] copying launch/static_robot_aruco_tf.launch.py -> /home/wormi/sprint4/v6/g06_prii3_wsv2/install/aruco_detector_pkg/share/aruco_detector_pkg/launch
[1.459s] running install_egg_info
[1.460s] Copying ../../build/aruco_detector_pkg/aruco_detector_pkg.egg-info to /home/wormi/sprint4/v6/g06_prii3_wsv2/install/aruco_detector_pkg/lib/python3.8/site-packages/aruco_detector_pkg-0.0.0-py3.8.egg-info
[1.461s] running install_scripts
[1.481s] Installing aruco_detector script to /home/wormi/sprint4/v6/g06_prii3_wsv2/install/aruco_detector_pkg/lib/aruco_detector_pkg
[1.481s] Installing aruco_robot_detector script to /home/wormi/sprint4/v6/g06_prii3_wsv2/install/aruco_detector_pkg/lib/aruco_detector_pkg
[1.481s] writing list of installed files to '/home/wormi/sprint4/v6/g06_prii3_wsv2/build/aruco_detector_pkg/install.log'
[1.507s] Invoked command in '/home/wormi/sprint4/v6/g06_prii3_wsv2/src/aruco_detector_pkg' returned '0': PYTHONPATH=/home/wormi/sprint4/v6/g06_prii3_wsv2/build/aruco_detector_pkg/prefix_override:/usr/lib/python3/dist-packages/colcon_core/task/python/colcon_distutils_commands:/home/wormi/sprint4/v6/g06_prii3_wsv2/install/aruco_detector_pkg/lib/python3.8/site-packages:${PYTHONPATH} /usr/bin/python3 -W ignore:setup.py install is deprecated -W ignore:easy_install command is deprecated setup.py egg_info --egg-base ../../build/aruco_detector_pkg build --build-base /home/wormi/sprint4/v6/g06_prii3_wsv2/build/aruco_detector_pkg/build install --record /home/wormi/sprint4/v6/g06_prii3_wsv2/build/aruco_detector_pkg/install.log --install-scripts $base/lib/aruco_detector_pkg --single-version-externally-managed install_data
