[0.536s] Invoking command in '/home/pavlo/v10/g06_prii3_wsv2/src/eurobot_cositas': PYTHONPATH=/home/pavlo/v10/g06_prii3_wsv2/build/eurobot_cositas/prefix_override:/usr/lib/python3/dist-packages/colcon_core/task/python/colcon_distutils_commands:/home/pavlo/v10/g06_prii3_wsv2/install/eurobot_cositas/lib/python3.8/site-packages:${PYTHONPATH} /usr/bin/python3 -W ignore:setup.py install is deprecated -W ignore:easy_install command is deprecated setup.py egg_info --egg-base ../../build/eurobot_cositas build --build-base /home/pavlo/v10/g06_prii3_wsv2/build/eurobot_cositas/build install --record /home/pavlo/v10/g06_prii3_wsv2/build/eurobot_cositas/install.log --install-scripts $base/lib/eurobot_cositas --single-version-externally-managed install_data
[0.666s] running egg_info
[0.666s] writing ../../build/eurobot_cositas/eurobot_cositas.egg-info/PKG-INFO
[0.666s] writing dependency_links to ../../build/eurobot_cositas/eurobot_cositas.egg-info/dependency_links.txt
[0.666s] writing entry points to ../../build/eurobot_cositas/eurobot_cositas.egg-info/entry_points.txt
[0.666s] writing requirements to ../../build/eurobot_cositas/eurobot_cositas.egg-info/requires.txt
[0.667s] writing top-level names to ../../build/eurobot_cositas/eurobot_cositas.egg-info/top_level.txt
[0.688s] reading manifest file '../../build/eurobot_cositas/eurobot_cositas.egg-info/SOURCES.txt'
[0.688s] writing manifest file '../../build/eurobot_cositas/eurobot_cositas.egg-info/SOURCES.txt'
[0.688s] running build
[0.689s] running build_py
[0.689s] running install
[0.689s] running install_lib
[0.690s] running install_data
[0.690s] copying launch/subcriptor_launch.py -> /home/pavlo/v10/g06_prii3_wsv2/install/eurobot_cositas/share/eurobot_cositas/launch
[0.690s] running install_egg_info
[0.691s] removing '/home/pavlo/v10/g06_prii3_wsv2/install/eurobot_cositas/lib/python3.8/site-packages/eurobot_cositas-0.0.0-py3.8.egg-info' (and everything under it)
[0.691s] Copying ../../build/eurobot_cositas/eurobot_cositas.egg-info to /home/pavlo/v10/g06_prii3_wsv2/install/eurobot_cositas/lib/python3.8/site-packages/eurobot_cositas-0.0.0-py3.8.egg-info
[0.692s] running install_scripts
[0.703s] Installing aruco_detector_cositas script to /home/pavlo/v10/g06_prii3_wsv2/install/eurobot_cositas/lib/eurobot_cositas
[0.703s] Installing subcriptor script to /home/pavlo/v10/g06_prii3_wsv2/install/eurobot_cositas/lib/eurobot_cositas
[0.703s] Installing vision_navigation script to /home/pavlo/v10/g06_prii3_wsv2/install/eurobot_cositas/lib/eurobot_cositas
[0.703s] writing list of installed files to '/home/pavlo/v10/g06_prii3_wsv2/build/eurobot_cositas/install.log'
[0.720s] Invoked command in '/home/pavlo/v10/g06_prii3_wsv2/src/eurobot_cositas' returned '0': PYTHONPATH=/home/pavlo/v10/g06_prii3_wsv2/build/eurobot_cositas/prefix_override:/usr/lib/python3/dist-packages/colcon_core/task/python/colcon_distutils_commands:/home/pavlo/v10/g06_prii3_wsv2/install/eurobot_cositas/lib/python3.8/site-packages:${PYTHONPATH} /usr/bin/python3 -W ignore:setup.py install is deprecated -W ignore:easy_install command is deprecated setup.py egg_info --egg-base ../../build/eurobot_cositas build --build-base /home/pavlo/v10/g06_prii3_wsv2/build/eurobot_cositas/build install --record /home/pavlo/v10/g06_prii3_wsv2/build/eurobot_cositas/install.log --install-scripts $base/lib/eurobot_cositas --single-version-externally-managed install_data
